{"vuln_data": {"id": "libavif_av-delta-02_avif-002", "subject": "libavif", "work_name": "libavif", "project_name": "libavif", "hiding_project_name": "", "project_full_name": "libavif", "harness_name": "avif_fuzztest_yuvrgb@YuvRgbFuzzTest.Convert", "branch_name": "av-delta-02", "project_repo_name": "official-afc-libavif"}, "data_type": "oss-fuzz", "patch_success": ["success", "", "", "", ""], "ret_code": false, "err_msg": "", "genpatch_candidate": [{"fix_strategy": {"fix_location": {"locations": [], "rationale": "I\u2019m not sure where in the code the avif_fuzztest_yuvrgb binary is invoked. Please provide the source file and surrounding lines where the harness launches or executes that binary so I can identify the correct location to insert a file\u2010existence check.", "score": 1, "confidence": 9, "reliability_score": 1.9, "eval_rationale": "The LLM failed to propose any actual code modification location to address the CWE-754 issue. Instead, it requested additional context without identifying where the avif_fuzztest_yuvrgb binary is invoked. As a result, there is no relevant or effective location selected to fix the vulnerability, meriting the lowest score."}, "guideline": "In the test\u2010harness build or startup logic, assert as a precondition that all required artifacts (such as avif_fuzztest_yuvrgb) were built successfully and are present on disk.", "description": "Extend the project\u2019s CMakeLists.txt (or equivalent build script) to validate the existence of avif_fuzztest_yuvrgb as a post-build step. For example in CMake:\n\n```cmake\nadd_executable(avif_fuzztest_yuvrgb ...)\n# after build\nadd_custom_command(TARGET avif_fuzztest_yuvrgb POST_BUILD\n    COMMAND ${CMAKE_COMMAND} -E assert_exists \"$<TARGET_FILE:avif_fuzztest_yuvrgb>\"\n    COMMENT \"Verifying fuzz test binary exists\"\n)\n```", "rationale": "Failing early in the build system when the test binary is missing turns a runtime fault into a build error, enforcing correct preconditions and improving developer feedback.", "score": 6, "confidence": 7, "reliability_score": 10.200000000000001, "eval_rationale": "The proposed fix correctly identifies extending the build script as the proper location and aligns with the guideline to fail early when the test binary is missing. However, it omits a complementary runtime check in the harness and relies on a non\u2010existent CMake command (`-E assert_exists`), which would not actually work. The strategy is conceptually sound but details are flawed, limiting its practical applicability."}, "patch_result": "success"}, {"fix_strategy": {"fix_location": {"locations": [], "rationale": "I\u2019m not sure where in the code the avif_fuzztest_yuvrgb binary is invoked. Please provide the source file and surrounding lines where the harness launches or executes that binary so I can identify the correct location to insert a file\u2010existence check.", "score": 1, "confidence": 9, "reliability_score": 1.9, "eval_rationale": "The LLM failed to propose any actual code modification location to address the CWE-754 issue. Instead, it requested additional context without identifying where the avif_fuzztest_yuvrgb binary is invoked. As a result, there is no relevant or effective location selected to fix the vulnerability, meriting the lowest score."}, "guideline": "In the test\u2010harness build or startup logic, assert as a precondition that all required artifacts (such as avif_fuzztest_yuvrgb) were built successfully and are present on disk.", "description": "Extend the project\u2019s CMakeLists.txt (or equivalent build script) to validate the existence of avif_fuzztest_yuvrgb as a post-build step. For example in CMake:\n\n```cmake\nadd_executable(avif_fuzztest_yuvrgb ...)\n# after build\nadd_custom_command(TARGET avif_fuzztest_yuvrgb POST_BUILD\n    COMMAND ${CMAKE_COMMAND} -E assert_exists \"$<TARGET_FILE:avif_fuzztest_yuvrgb>\"\n    COMMENT \"Verifying fuzz test binary exists\"\n)\n```", "rationale": "Failing early in the build system when the test binary is missing turns a runtime fault into a build error, enforcing correct preconditions and improving developer feedback.", "score": 6, "confidence": 7, "reliability_score": 10.200000000000001, "eval_rationale": "The proposed fix correctly identifies extending the build script as the proper location and aligns with the guideline to fail early when the test binary is missing. However, it omits a complementary runtime check in the harness and relies on a non\u2010existent CMake command (`-E assert_exists`), which would not actually work. The strategy is conceptually sound but details are flawed, limiting its practical applicability."}, "patch_result": ""}, {"fix_strategy": {"fix_location": {"locations": [], "rationale": "I\u2019m not sure where in the code the avif_fuzztest_yuvrgb binary is invoked. Please provide the source file and surrounding lines where the harness launches or executes that binary so I can identify the correct location to insert a file\u2010existence check.", "score": 1, "confidence": 9, "reliability_score": 1.9, "eval_rationale": "The LLM failed to propose any actual code modification location to address the CWE-754 issue. Instead, it requested additional context without identifying where the avif_fuzztest_yuvrgb binary is invoked. As a result, there is no relevant or effective location selected to fix the vulnerability, meriting the lowest score."}, "guideline": "In the test\u2010harness build or startup logic, assert as a precondition that all required artifacts (such as avif_fuzztest_yuvrgb) were built successfully and are present on disk.", "description": "Extend the project\u2019s CMakeLists.txt (or equivalent build script) to validate the existence of avif_fuzztest_yuvrgb as a post-build step. For example in CMake:\n\n```cmake\nadd_executable(avif_fuzztest_yuvrgb ...)\n# after build\nadd_custom_command(TARGET avif_fuzztest_yuvrgb POST_BUILD\n    COMMAND ${CMAKE_COMMAND} -E assert_exists \"$<TARGET_FILE:avif_fuzztest_yuvrgb>\"\n    COMMENT \"Verifying fuzz test binary exists\"\n)\n```", "rationale": "Failing early in the build system when the test binary is missing turns a runtime fault into a build error, enforcing correct preconditions and improving developer feedback.", "score": 6, "confidence": 7, "reliability_score": 10.200000000000001, "eval_rationale": "The proposed fix correctly identifies extending the build script as the proper location and aligns with the guideline to fail early when the test binary is missing. However, it omits a complementary runtime check in the harness and relies on a non\u2010existent CMake command (`-E assert_exists`), which would not actually work. The strategy is conceptually sound but details are flawed, limiting its practical applicability."}, "patch_result": ""}, {"fix_strategy": {"fix_location": {"locations": [], "rationale": "I\u2019m not sure where in the code the avif_fuzztest_yuvrgb binary is invoked. Please provide the source file and surrounding lines where the harness launches or executes that binary so I can identify the correct location to insert a file\u2010existence check.", "score": 1, "confidence": 9, "reliability_score": 1.9, "eval_rationale": "The LLM failed to propose any actual code modification location to address the CWE-754 issue. Instead, it requested additional context without identifying where the avif_fuzztest_yuvrgb binary is invoked. As a result, there is no relevant or effective location selected to fix the vulnerability, meriting the lowest score."}, "guideline": "In the test\u2010harness build or startup logic, assert as a precondition that all required artifacts (such as avif_fuzztest_yuvrgb) were built successfully and are present on disk.", "description": "Extend the project\u2019s CMakeLists.txt (or equivalent build script) to validate the existence of avif_fuzztest_yuvrgb as a post-build step. For example in CMake:\n\n```cmake\nadd_executable(avif_fuzztest_yuvrgb ...)\n# after build\nadd_custom_command(TARGET avif_fuzztest_yuvrgb POST_BUILD\n    COMMAND ${CMAKE_COMMAND} -E assert_exists \"$<TARGET_FILE:avif_fuzztest_yuvrgb>\"\n    COMMENT \"Verifying fuzz test binary exists\"\n)\n```", "rationale": "Failing early in the build system when the test binary is missing turns a runtime fault into a build error, enforcing correct preconditions and improving developer feedback.", "score": 6, "confidence": 7, "reliability_score": 10.200000000000001, "eval_rationale": "The proposed fix correctly identifies extending the build script as the proper location and aligns with the guideline to fail early when the test binary is missing. However, it omits a complementary runtime check in the harness and relies on a non\u2010existent CMake command (`-E assert_exists`), which would not actually work. The strategy is conceptually sound but details are flawed, limiting its practical applicability."}, "patch_result": ""}, {"fix_strategy": {"fix_location": {"locations": [], "rationale": "I\u2019m not sure where in the code the avif_fuzztest_yuvrgb binary is invoked. Please provide the source file and surrounding lines where the harness launches or executes that binary so I can identify the correct location to insert a file\u2010existence check.", "score": 1, "confidence": 9, "reliability_score": 1.9, "eval_rationale": "The LLM failed to propose any actual code modification location to address the CWE-754 issue. Instead, it requested additional context without identifying where the avif_fuzztest_yuvrgb binary is invoked. As a result, there is no relevant or effective location selected to fix the vulnerability, meriting the lowest score."}, "guideline": "In the test\u2010harness build or startup logic, assert as a precondition that all required artifacts (such as avif_fuzztest_yuvrgb) were built successfully and are present on disk.", "description": "Extend the project\u2019s CMakeLists.txt (or equivalent build script) to validate the existence of avif_fuzztest_yuvrgb as a post-build step. For example in CMake:\n\n```cmake\nadd_executable(avif_fuzztest_yuvrgb ...)\n# after build\nadd_custom_command(TARGET avif_fuzztest_yuvrgb POST_BUILD\n    COMMAND ${CMAKE_COMMAND} -E assert_exists \"$<TARGET_FILE:avif_fuzztest_yuvrgb>\"\n    COMMENT \"Verifying fuzz test binary exists\"\n)\n```", "rationale": "Failing early in the build system when the test binary is missing turns a runtime fault into a build error, enforcing correct preconditions and improving developer feedback.", "score": 6, "confidence": 7, "reliability_score": 10.200000000000001, "eval_rationale": "The proposed fix correctly identifies extending the build script as the proper location and aligns with the guideline to fail early when the test binary is missing. However, it omits a complementary runtime check in the harness and relies on a non\u2010existent CMake command (`-E assert_exists`), which would not actually work. The strategy is conceptually sound but details are flawed, limiting its practical applicability."}, "patch_result": ""}], "fix_strategy": {"fix_location": {"locations": [], "rationale": "", "score": 0.0, "confidence": 0.0, "reliability_score": 0.0, "eval_rationale": ""}, "guideline": "", "description": "", "rationale": "", "score": 0.0, "confidence": 0.0, "reliability_score": 0.0, "eval_rationale": ""}, "patch_result": "", "fix_strategy_final": [{"fix_location": {"locations": [], "rationale": "I\u2019m not sure where in the code the avif_fuzztest_yuvrgb binary is invoked. Please provide the source file and surrounding lines where the harness launches or executes that binary so I can identify the correct location to insert a file\u2010existence check.", "score": 1, "confidence": 9, "reliability_score": 1.9, "eval_rationale": "The LLM failed to propose any actual code modification location to address the CWE-754 issue. Instead, it requested additional context without identifying where the avif_fuzztest_yuvrgb binary is invoked. As a result, there is no relevant or effective location selected to fix the vulnerability, meriting the lowest score."}, "guideline": "In the test\u2010harness build or startup logic, assert as a precondition that all required artifacts (such as avif_fuzztest_yuvrgb) were built successfully and are present on disk.", "description": "Extend the project\u2019s CMakeLists.txt (or equivalent build script) to validate the existence of avif_fuzztest_yuvrgb as a post-build step. For example in CMake:\n\n```cmake\nadd_executable(avif_fuzztest_yuvrgb ...)\n# after build\nadd_custom_command(TARGET avif_fuzztest_yuvrgb POST_BUILD\n    COMMAND ${CMAKE_COMMAND} -E assert_exists \"$<TARGET_FILE:avif_fuzztest_yuvrgb>\"\n    COMMENT \"Verifying fuzz test binary exists\"\n)\n```", "rationale": "Failing early in the build system when the test binary is missing turns a runtime fault into a build error, enforcing correct preconditions and improving developer feedback.", "score": 6, "confidence": 7, "reliability_score": 10.200000000000001, "eval_rationale": "The proposed fix correctly identifies extending the build script as the proper location and aligns with the guideline to fail early when the test binary is missing. However, it omits a complementary runtime check in the harness and relies on a non\u2010existent CMake command (`-E assert_exists`), which would not actually work. The strategy is conceptually sound but details are flawed, limiting its practical applicability."}], "fix_strategy_candidates": [{"fix_location": {"locations": [], "rationale": "I\u2019m not sure where in the code the avif_fuzztest_yuvrgb binary is invoked. Please provide the source file and surrounding lines where the harness launches or executes that binary so I can identify the correct location to insert a file\u2010existence check.", "score": 1, "confidence": 9, "reliability_score": 1.9, "eval_rationale": "The LLM failed to propose any actual code modification location to address the CWE-754 issue. Instead, it requested additional context without identifying where the avif_fuzztest_yuvrgb binary is invoked. As a result, there is no relevant or effective location selected to fix the vulnerability, meriting the lowest score."}, "guideline": "Before invoking an external binary at runtime, explicitly verify its existence and execute permissions using stat(), access(), or equivalent.", "description": "In the fuzz harness source (e.g. fuzz_main.c or harness.cc), insert an access() check just before the code that launches avif_fuzztest_yuvrgb. For example:\n\n```c\nconst char *bin_path = \"./avif_fuzztest_yuvrgb\";\nif (access(bin_path, X_OK) != 0) {\n    fprintf(stderr, \"Error: required test binary '%s' is missing or not executable\\n\", bin_path);\n    return EXIT_FAILURE;\n}\n// now safe to exec or system() the binary\n```", "rationale": "By checking for file existence and execute permissions before launch, we avoid an unhandled abort at runtime, eliminating the CWE-754 improper exceptional condition.", "score": 8, "confidence": 8, "reliability_score": 14.4, "eval_rationale": "The proposed fix correctly addresses the CWE-754 issue by adding a pre-execution check for the existence and execute-permissions of the binary. The strategy aligns with the root cause and leverages standard APIs (access()), and the example code is concise and applicable to the fuzz harness. The suggestion for placement in fuzz_main.c or harness.cc gives a realistic fix location without over-specifying. Overall, it\u2019s a plausible and well-reasoned solution, meriting a high score."}, {"fix_location": {"locations": [], "rationale": "I\u2019m not sure where in the code the avif_fuzztest_yuvrgb binary is invoked. Please provide the source file and surrounding lines where the harness launches or executes that binary so I can identify the correct location to insert a file\u2010existence check.", "score": 1, "confidence": 9, "reliability_score": 1.9, "eval_rationale": "The LLM failed to propose any actual code modification location to address the CWE-754 issue. Instead, it requested additional context without identifying where the avif_fuzztest_yuvrgb binary is invoked. As a result, there is no relevant or effective location selected to fix the vulnerability, meriting the lowest score."}, "guideline": "After attempting to launch the binary, always check the return code or errno and provide a clear, descriptive error message if execution fails.", "description": "Immediately after the exec-family or system() call that spawns the binary, inspect the return value. If it indicates an error (e.g. system() == -1 or WEXITSTATUS != 0), print a detailed message including errno or the exit code:\n\n```c\nint rc = system(bin_path);\nif (rc == -1) {\n    fprintf(stderr, \"Failed to launch '%s': %s\\n\", bin_path, strerror(errno));\n    return EXIT_FAILURE;\n} else if (WEXITSTATUS(rc) != 0) {\n    fprintf(stderr, \"Binary '%s' exited abnormally with code %d\\n\", bin_path, WEXITSTATUS(rc));\n    return EXIT_FAILURE;\n}\n```", "rationale": "Validating the return value and reporting the exact error or exit code ensures clear diagnostics and prevents silent failures or misleading generic messages.", "score": 9, "confidence": 8, "reliability_score": 16.2, "eval_rationale": "The proposed fix directly addresses the CWE-754 issue by checking the return value from the spawn call and providing descriptive error messages. The code snippet is realistic and follows the guideline to inspect both system() failures and abnormal exit codes. It is neither overly generic nor inappropriately specific, making it a practical and actionable solution for the missing-binary scenario."}, {"fix_location": {"locations": [], "rationale": "I\u2019m not sure where in the code the avif_fuzztest_yuvrgb binary is invoked. Please provide the source file and surrounding lines where the harness launches or executes that binary so I can identify the correct location to insert a file\u2010existence check.", "score": 1, "confidence": 9, "reliability_score": 1.9, "eval_rationale": "The LLM failed to propose any actual code modification location to address the CWE-754 issue. Instead, it requested additional context without identifying where the avif_fuzztest_yuvrgb binary is invoked. As a result, there is no relevant or effective location selected to fix the vulnerability, meriting the lowest score."}, "guideline": "In the test\u2010harness build or startup logic, assert as a precondition that all required artifacts (such as avif_fuzztest_yuvrgb) were built successfully and are present on disk.", "description": "Extend the project\u2019s CMakeLists.txt (or equivalent build script) to validate the existence of avif_fuzztest_yuvrgb as a post-build step. For example in CMake:\n\n```cmake\nadd_executable(avif_fuzztest_yuvrgb ...)\n# after build\nadd_custom_command(TARGET avif_fuzztest_yuvrgb POST_BUILD\n    COMMAND ${CMAKE_COMMAND} -E assert_exists \"$<TARGET_FILE:avif_fuzztest_yuvrgb>\"\n    COMMENT \"Verifying fuzz test binary exists\"\n)\n```", "rationale": "Failing early in the build system when the test binary is missing turns a runtime fault into a build error, enforcing correct preconditions and improving developer feedback.", "score": 6, "confidence": 7, "reliability_score": 10.200000000000001, "eval_rationale": "The proposed fix correctly identifies extending the build script as the proper location and aligns with the guideline to fail early when the test binary is missing. However, it omits a complementary runtime check in the harness and relies on a non\u2010existent CMake command (`-E assert_exists`), which would not actually work. The strategy is conceptually sound but details are flawed, limiting its practical applicability."}], "fix_location": {"locations": [], "rationale": "", "score": 0.0, "confidence": 0.0, "reliability_score": 0.0, "eval_rationale": ""}, "guideline": "", "description": "", "rationale": "", "score": 0.0, "confidence": 0.0, "reliability_score": 0.0, "eval_rationale": "", "fix_location_final": [{"locations": [], "rationale": "I\u2019m not sure where in the code the avif_fuzztest_yuvrgb binary is invoked. Please provide the source file and surrounding lines where the harness launches or executes that binary so I can identify the correct location to insert a file\u2010existence check.", "score": 1, "confidence": 9, "reliability_score": 1.9, "eval_rationale": "The LLM failed to propose any actual code modification location to address the CWE-754 issue. Instead, it requested additional context without identifying where the avif_fuzztest_yuvrgb binary is invoked. As a result, there is no relevant or effective location selected to fix the vulnerability, meriting the lowest score."}], "fix_location_candidates": [{"locations": [], "rationale": "I\u2019m not sure where in the code the avif_fuzztest_yuvrgb binary is invoked. Please provide the source file and surrounding lines where the harness launches or executes that binary so I can identify the correct location to insert a file\u2010existence check.", "score": 1, "confidence": 9, "reliability_score": 1.9, "eval_rationale": "The LLM failed to propose any actual code modification location to address the CWE-754 issue. Instead, it requested additional context without identifying where the avif_fuzztest_yuvrgb binary is invoked. As a result, there is no relevant or effective location selected to fix the vulnerability, meriting the lowest score."}, {"locations": [], "rationale": "I\u2019m not sure where in the code the avif_fuzztest_yuvrgb binary is invoked. Please provide the source file and surrounding lines where the harness launches or executes that binary so I can identify the correct location to insert a file\u2010existence check.", "score": 1, "confidence": 9, "reliability_score": 1.9, "eval_rationale": "The LLM failed to propose any actual code modification location to address the CWE-754 issue. Instead, it requested additional context without identifying where the avif_fuzztest_yuvrgb binary is invoked. As a result, there is no relevant or effective location selected to fix the vulnerability, meriting the lowest score."}], "location_candidates": [], "vuln_info": {"type": "CWE-754: Improper Check for Unusual or Exceptional Conditions", "root_cause": "CWE-754: Improper Check for Unusual or Exceptional Conditions", "comprehension": "The fuzz harness attempts to invoke the \u201cYuvRgbFuzzTest.Convert\u201d binary at runtime without first verifying that it was successfully built or is present, causing an unhandled error when the file is missing.", "rationale": "By deferring the check for the required fuzz target binary until execution and only printing an error message, the code fails to detect and handle the missing resource in advance. This improper validation of an exceptional condition aligns with CWE-754: Improper Check for Unusual or Exceptional Conditions."}, "vuln_info_candidates": [{"type": "CWE-754: Improper Check for Unusual or Exceptional Conditions", "root_cause": "CWE-754: Improper Check for Unusual or Exceptional Conditions", "comprehension": "The fuzzing harness attempts to invoke the target binary (avif_fuzztest_yuvrgb@YuvRgbFuzzTest.Convert) without first verifying that the binary was successfully built or exists on disk. When the binary is missing, the code emits a generic error and aborts without handling this exceptional condition.", "rationale": "Because the code does not check for the presence of the required fuzz target executable before execution, it fails to detect and handle the missing-resource scenario. This improper handling of an unexpected condition aligns with CWE-754: Improper Check for Unusual or Exceptional Conditions."}, {"type": "CWE-754: Improper Check for Unusual or Exceptional Conditions", "root_cause": "CWE-754: Improper Check for Unusual or Exceptional Conditions", "comprehension": "The code invokes or references the fuzz test target \"avif_fuzztest_yuvrgb\" without first verifying that the binary has been successfully built or is present, leading to runtime errors when the expected executable cannot be found.", "rationale": "The sanitizer output shows the fuzz target does not exist but no check is performed before use. This missing validation of a required resource aligns with CWE-754: Improper Check for Unusual or Exceptional Conditions, as the code fails to detect and handle the exceptional case of a missing build artifact."}, {"type": "CWE-754: Improper Check for Unusual or Exceptional Conditions", "root_cause": "CWE-754: Improper Check for Unusual or Exceptional Conditions", "comprehension": "The fuzz harness attempts to invoke the \u201cYuvRgbFuzzTest.Convert\u201d binary at runtime without first verifying that it was successfully built or is present, causing an unhandled error when the file is missing.", "rationale": "By deferring the check for the required fuzz target binary until execution and only printing an error message, the code fails to detect and handle the missing resource in advance. This improper validation of an exceptional condition aligns with CWE-754: Improper Check for Unusual or Exceptional Conditions."}], "vuln_info_final": {"type": "CWE-754: Improper Check for Unusual or Exceptional Conditions", "root_cause": "CWE-754: Improper Check for Unusual or Exceptional Conditions", "comprehension": "The fuzz test harness tries to launch the avif_fuzztest_yuvrgb (YuvRgbFuzzTest.Convert) executable without checking for its existence or build success. If the binary is absent, the program emits a generic error message and aborts, leading to a runtime failure instead of a graceful handling of the missing resource.", "rationale": "The fuzzing code invokes the target binary at runtime without first verifying that it was successfully built or is present on disk. By delaying this validation until execution and only emitting a generic error when the file is missing, the code fails to detect and handle the exceptional condition of a missing build artifact, which aligns with CWE-754."}, "crash_stack_trace": [], "memory_allocate_stack_trace": [], "memory_free_stack_trace": [], "mode": "test", "diff_stage_dir": "/home/user/aixcc/san2patch-private/benchmarks/final/oss-fuzz/gen_diff_aixcc_o4-mini/libavif_av-delta-02_avif-002/stage_0_0", "experiment_name": "aixcc_o4-mini", "select_method": "sample", "vuln_id": "libavif_av-delta-02_avif-002", "sanitizer_output": "\nERROR:__main__:avif_fuzztest_yuvrgb@YuvRgbFuzzTest.Convert does not seem to exist. Please run build_fuzzers first.\n", "package_language": "C", "package_name": "", "package_location": "/home/user/aixcc/san2patch-private/benchmark-projects-copy/official-afc-libavif", "last_node": "patch_end"}