[2;36m[12/12/25 23:59:39][0m[2;36m [0m[34mINFO    [0m Building environment                                                                 ]8;id=462308;file:///home/user/aixcc/crete/packages/crete/framework/context_builder/services/aixcc/__init__.py\[2m__init__.py[0m]8;;\[2m:[0m]8;id=771123;file:///home/user/aixcc/crete/packages/crete/framework/context_builder/services/aixcc/__init__.py#132\[2m132[0m]8;;\
[2;36m                    [0m         - Cache directory: [35m/tmp/[0m[95mtmp3629xz8e[0m                                                  [2m               [0m
[2;36m                    [0m         - Max timeout: [1;36m1800[0m                                                                  [2m               [0m
[2;36m                    [0m         - Output directory:                                                                  [2m               [0m
[2;36m                    [0m         [35m/home/user/aixcc/crete/reports/prism.prism_o4_mini/dav1d_da-full-01_dav1d-001/[0m[95magent-[0m [2m               [0m
[2;36m                    [0m         [95moutput-1765551579.4094872[0m                                                            [2m               [0m
[2;36m                    [0m         - Detection toml file: scripts/benchmark/afc/dav1d_da-full-01_dav1d-[1;36m001.[0mtoml         [2m               [0m
[2;36m                    [0m         - Challenge project directory: [35m/home/user/aixcc/crete/.cache/[0m[95mofficial-afc-dav1d[0m      [2m               [0m
[2;36m                    [0m                                                                                              [2m               [0m
[2;36m                   [0m[2;36m [0m[34mINFO    [0m [1m[[0mlogging_performance[1m][0m[1m([0mdav1d Building Cached for CLEAN environment[1m)[0m Started[33m...[0m  ]8;id=149454;file:///home/user/aixcc/crete/packages/crete/commons/logging/context_managers.py\[2mcontext_managers.py[0m]8;;\[2m:[0m]8;id=129574;file:///home/user/aixcc/crete/packages/crete/commons/logging/context_managers.py#9\[2m9[0m]8;;\
[2;36m[12/12/25 23:59:59][0m[2;36m [0m[34mINFO    [0m [1m[[0mlogging_performance[1m][0m[1m([0mdav1d Building Cached for CLEAN environment[1m)[0m Took [1;36m19.76[0m ]8;id=884419;file:///home/user/aixcc/crete/packages/crete/commons/logging/context_managers.py\[2mcontext_managers.py[0m]8;;\[2m:[0m]8;id=491496;file:///home/user/aixcc/crete/packages/crete/commons/logging/context_managers.py#23\[2m23[0m]8;;\
[2;36m                    [0m         seconds; [33mexception[0m=[3;91mFalse[0m                                                      [2m                      [0m
[2;36m                   [0m[2;36m [0m[34mINFO    [0m [1m[[0mlogging_performance[1m][0m[1m([0mdav1d Running tests for Cached for CLEAN environment[1m)[0m    ]8;id=133897;file:///home/user/aixcc/crete/packages/crete/commons/logging/context_managers.py\[2mcontext_managers.py[0m]8;;\[2m:[0m]8;id=723738;file:///home/user/aixcc/crete/packages/crete/commons/logging/context_managers.py#9\[2m9[0m]8;;\
[2;36m                    [0m         Started[33m...[0m                                                                     [2m                     [0m
[2;36m                   [0m[2;36m [0m[34mINFO    [0m [1m[[0mlogging_performance[1m][0m[1m([0mdav1d Running tests for Cached for CLEAN environment[1m)[0m   ]8;id=648742;file:///home/user/aixcc/crete/packages/crete/commons/logging/context_managers.py\[2mcontext_managers.py[0m]8;;\[2m:[0m]8;id=549893;file:///home/user/aixcc/crete/packages/crete/commons/logging/context_managers.py#23\[2m23[0m]8;;\
[2;36m                    [0m         Took [1;36m0.00[0m seconds; [33mexception[0m=[3;91mFalse[0m                                            [2m                      [0m
[2;36m                   [0m[2;36m [0m[34mINFO    [0m Setting timeouts                                                                       ]8;id=637203;file:///home/user/aixcc/crete/packages/crete/framework/environment/services/oss_fuzz/default.py\[2mdefault.py[0m]8;;\[2m:[0m]8;id=602156;file:///home/user/aixcc/crete/packages/crete/framework/environment/services/oss_fuzz/default.py#85\[2m85[0m]8;;\
[2;36m                    [0m           - build: [1;36m600[0m [1m([0moriginal: [1;36m19[0m[1m)[0m                                                          [2m             [0m
[2;36m                    [0m           - run tests: [1;36m600[0m [1m([0moriginal: [1;36m0[0m[1m)[0m                                                       [2m             [0m
[2;36m                   [0m[2;36m [0m[34mINFO    [0m [1m[[0mlogging_performance[1m][0m[1m([0mdav1d Setting owner[1m)[0m Started[33m...[0m                          ]8;id=806872;file:///home/user/aixcc/crete/packages/crete/commons/logging/context_managers.py\[2mcontext_managers.py[0m]8;;\[2m:[0m]8;id=709102;file:///home/user/aixcc/crete/packages/crete/commons/logging/context_managers.py#9\[2m9[0m]8;;\
[2;36m                   [0m[2;36m [0m[34mINFO    [0m [1m[[0mlogging_performance[1m][0m[1m([0mdav1d Setting owner[1m)[0m Took [1;36m0.46[0m seconds; [33mexception[0m=[3;91mFalse[0m ]8;id=597642;file:///home/user/aixcc/crete/packages/crete/commons/logging/context_managers.py\[2mcontext_managers.py[0m]8;;\[2m:[0m]8;id=619308;file:///home/user/aixcc/crete/packages/crete/commons/logging/context_managers.py#23\[2m23[0m]8;;\
[2;36m[12/13/25 00:00:00][0m[2;36m [0m[34mINFO    [0m Successfully created Cached for CLEAN environment                                    ]8;id=276977;file:///home/user/aixcc/crete/packages/crete/framework/environment_pool/services/oss_fuzz.py\[2moss_fuzz.py[0m]8;;\[2m:[0m]8;id=819084;file:///home/user/aixcc/crete/packages/crete/framework/environment_pool/services/oss_fuzz.py#256\[2m256[0m]8;;\
[2;36m                   [0m[2;36m [0m[34mINFO    [0m Current environments: [1m[[0m[32m'CLEAN -> Cached'[0m[1m][0m                                            ]8;id=316920;file:///home/user/aixcc/crete/packages/crete/framework/environment_pool/services/oss_fuzz.py\[2moss_fuzz.py[0m]8;;\[2m:[0m]8;id=748239;file:///home/user/aixcc/crete/packages/crete/framework/environment_pool/services/oss_fuzz.py#265\[2m265[0m]8;;\
[2;36m                   [0m[2;36m [0m[34mINFO    [0m Prism Supervisor Routing: TeamStatus.START -> TeamStatus.EVALUATE                    ]8;id=124971;file:///home/user/aixcc/crete/packages/crete/framework/agent/services/prism/__init__.py\[2m__init__.py[0m]8;;\[2m:[0m]8;id=810674;file:///home/user/aixcc/crete/packages/crete/framework/agent/services/prism/__init__.py#160\[2m160[0m]8;;\
[2;36m                    [0m         [1m([0mn evals: [1;36m0[0m, patch status: PatchStatus.INITIALIZED[1m)[0m                                  [2m               [0m
[2;36m                   [0m[2;36m [0m[34mINFO    [0m [1m[[0mlogging_performance[1m][0m[1m([0mdav1d Setting owner[1m)[0m Started[33m...[0m                          ]8;id=172478;file:///home/user/aixcc/crete/packages/crete/commons/logging/context_managers.py\[2mcontext_managers.py[0m]8;;\[2m:[0m]8;id=248541;file:///home/user/aixcc/crete/packages/crete/commons/logging/context_managers.py#9\[2m9[0m]8;;\
[2;36m[12/13/25 00:00:01][0m[2;36m [0m[34mINFO    [0m [1m[[0mlogging_performance[1m][0m[1m([0mdav1d Setting owner[1m)[0m Took [1;36m1.39[0m seconds; [33mexception[0m=[3;91mFalse[0m ]8;id=107681;file:///home/user/aixcc/crete/packages/crete/commons/logging/context_managers.py\[2mcontext_managers.py[0m]8;;\[2m:[0m]8;id=220697;file:///home/user/aixcc/crete/packages/crete/commons/logging/context_managers.py#23\[2m23[0m]8;;\
[2;36m[12/13/25 00:00:02][0m[2;36m [0m[34mINFO    [0m [1m[[0mlogging_performance[1m][0m[1m([0mdav1d Setting owner[1m)[0m Started[33m...[0m                          ]8;id=186878;file:///home/user/aixcc/crete/packages/crete/commons/logging/context_managers.py\[2mcontext_managers.py[0m]8;;\[2m:[0m]8;id=82797;file:///home/user/aixcc/crete/packages/crete/commons/logging/context_managers.py#9\[2m9[0m]8;;\
[2;36m                   [0m[2;36m [0m[34mINFO    [0m [1m[[0mlogging_performance[1m][0m[1m([0mdav1d Setting owner[1m)[0m Took [1;36m0.49[0m seconds; [33mexception[0m=[3;91mFalse[0m ]8;id=227128;file:///home/user/aixcc/crete/packages/crete/commons/logging/context_managers.py\[2mcontext_managers.py[0m]8;;\[2m:[0m]8;id=732475;file:///home/user/aixcc/crete/packages/crete/commons/logging/context_managers.py#23\[2m23[0m]8;;\
[2;36m[12/13/25 00:00:03][0m[2;36m [0m[34mINFO    [0m ===Evaluator [33mResult[0m===                                                              ]8;id=141702;file:///home/user/aixcc/crete/packages/crete/framework/agent/services/prism/teams/evaluation/evaluator.py\[2mevaluator.py[0m]8;;\[2m:[0m]8;id=110451;file:///home/user/aixcc/crete/packages/crete/framework/agent/services/prism/teams/evaluation/evaluator.py#204\[2m204[0m]8;;\
[2;36m                    [0m         PatchStatus.VULNERABLE                                                              [2m                [0m
[2;36m                    [0m         ===Evaluator [33mDiff[0m===                                                                [2m                [0m
[2;36m                    [0m                                                                                             [2m                [0m
[2;36m                    [0m         ===Patch [33mResult[0m===                                                                  [2m                [0m
[2;36m                    [0m         + [33mFUZZER[0m=[35mdav1d_fuzzer_mt[0m                                                            [2m                [0m
[2;36m                    [0m         + shift                                                                             [2m                [0m
[2;36m                    [0m         + [32m'[0m[32m[[0m[32m'[0m [32m'!'[0m -v TESTCASE [32m'[0m[32m][0m[32m'[0m                                                           [2m                [0m
[2;36m                    [0m         + [33mTESTCASE[0m=[35m/[0m[95mtestcase[0m                                                                [2m                [0m
[2;36m                    [0m         + [32m'[0m[32m[[0m[32m'[0m [32m'!'[0m -f [35m/[0m[95mtestcase[0m [32m'[0m[32m][0m[32m'[0m                                                          [2m                [0m
[2;36m                    [0m         + export [33mRUN_FUZZER_MODE[0m=[35minteractive[0m                                                [2m                [0m
[2;36m                    [0m         + [33mRUN_FUZZER_MODE[0m=[35minteractive[0m                                                       [2m                [0m
[2;36m                    [0m         + export [33mFUZZING_ENGINE[0m=[35mlibfuzzer[0m                                                   [2m                [0m
[2;36m                    [0m         + [33mFUZZING_ENGINE[0m=[35mlibfuzzer[0m                                                          [2m                [0m
[2;36m                    [0m         + export [33mSKIP_SEED_CORPUS[0m=[1;36m1[0m                                                         [2m                [0m
[2;36m                    [0m         + [33mSKIP_SEED_CORPUS[0m=[1;36m1[0m                                                                [2m                [0m
[2;36m                    [0m         + run_fuzzer dav1d_fuzzer_mt -[33mruns[0m=[1;36m100[0m [35m/[0m[95mtestcase[0m                                    [2m                [0m
[2;36m                    [0m         vm.mmap_rnd_bits = [1;36m28[0m                                                               [2m                [0m
[2;36m                    [0m         [35m/out/[0m[95mdav1d_fuzzer_mt[0m -[33mrss_limit_mb[0m=[1;36m2560[0m -[33mtimeout[0m=[1;36m25[0m -[33mruns[0m=[1;36m100[0m [35m/[0m[95mtestcase[0m             [2m                [0m
[2;36m                    [0m         -[33mrss_limit_mb[0m=[1;36m0[0m -[33mruns[0m=[1;36m4[0m -[33mtimeout[0m=[1;36m300[0m -[33mtimeout_exitcode[0m=[1;36m0[0m < [35m/dev/[0m[95mnull[0m                [2m                [0m
[2;36m                    [0m         bash: [35m/out/[0m[95mdav1d_fuzzer_mt[0m: Permission denied                                       [2m                [0m
[2;36m                    [0m         subprocess command returned a non-zero exit status: [1;36m126[0m                             [2m                [0m
[2;36m                    [0m         INFO:__main__:Running: docker run --privileged --shm-[33msize[0m=[35m2g[0m --platform linux/amd64 [2m                [0m
[2;36m                    [0m         --rm -i -e [33mHELPER[0m=[3;92mTrue[0m -e [33mARCHITECTURE[0m=[35mx86_64[0m -v                                    [2m                [0m
[2;36m                    [0m         [35m/home/user/aixcc/crete/packages/python_oss_fuzz/.oss_fuzz/build/out/[0m[95mdav1d[0m:[35m/[0m[95mout[0m -v   [2m                [0m
[2;36m                    [0m         [35m/tmp/[0m[95mtmpx0gjf09k[0m:[35m/[0m[95mtestcase[0m -t ghcr.io/aixcc-finals/base-runner:v1.[1;36m3.0[0m reproduce     [2m                [0m
[2;36m                    [0m         dav1d_fuzzer_mt -[33mruns[0m=[1;36m100[0m.                                                          [2m                [0m
[2;36m                    [0m                                                                                             [2m                [0m
[2;36m                    [0m         ===[33mIssue[0m===                                                                         [2m                [0m
[2;36m                    [0m         + [33mFUZZER[0m=[35mdav1d_fuzzer_mt[0m                                                            [2m                [0m
[2;36m                    [0m         + shift                                                                             [2m                [0m
[2;36m                    [0m         + [32m'[0m[32m[[0m[32m'[0m [32m'!'[0m -v TESTCASE [32m'[0m[32m][0m[32m'[0m                                                           [2m                [0m
[2;36m                    [0m         + [33mTESTCASE[0m=[35m/[0m[95mtestcase[0m                                                                [2m                [0m
[2;36m                    [0m         + [32m'[0m[32m[[0m[32m'[0m [32m'!'[0m -f [35m/[0m[95mtestcase[0m [32m'[0m[32m][0m[32m'[0m                                                          [2m                [0m
[2;36m                    [0m         + export [33mRUN_FUZZER_MODE[0m=[35minteractive[0m                                                [2m                [0m
[2;36m                    [0m         + [33mRUN_FUZZER_MODE[0m=[35minteractive[0m                                                       [2m                [0m
[2;36m                    [0m         + export [33mFUZZING_ENGINE[0m=[35mlibfuzzer[0m                                                   [2m                [0m
[2;36m                    [0m         + [33mFUZZING_ENGINE[0m=[35mlibfuzzer[0m                                                          [2m                [0m
[2;36m                    [0m         + export [33mSKIP_SEED_CORPUS[0m=[1;36m1[0m                                                         [2m                [0m
[2;36m                    [0m         + [33mSKIP_SEED_CORPUS[0m=[1;36m1[0m                                                                [2m                [0m
[2;36m                    [0m         + run_fuzzer dav1d_fuzzer_mt -[33mruns[0m=[1;36m100[0m [35m/[0m[95mtestcase[0m                                    [2m                [0m
[2;36m                    [0m         vm.mmap_rnd_bits = [1;36m28[0m                                                               [2m                [0m
[2;36m                    [0m         [35m/out/[0m[95mdav1d_fuzzer_mt[0m -[33mrss_limit_mb[0m=[1;36m2560[0m -[33mtimeout[0m=[1;36m25[0m -[33mruns[0m=[1;36m100[0m [35m/[0m[95mtestcase[0m             [2m                [0m
[2;36m                    [0m         -[33mrss_limit_mb[0m=[1;36m0[0m -[33mruns[0m=[1;36m4[0m -[33mtimeout[0m=[1;36m300[0m -[33mtimeout_exitcode[0m=[1;36m0[0m < [35m/dev/[0m[95mnull[0m                [2m                [0m
[2;36m                    [0m         bash: [35m/out/[0m[95mdav1d_fuzzer_mt[0m: Permission denied                                       [2m                [0m
[2;36m                    [0m         subprocess command returned a non-zero exit status: [1;36m126[0m                             [2m                [0m
[2;36m                    [0m         INFO:__main__:Running: docker run --privileged --shm-[33msize[0m=[35m2g[0m --platform linux/amd64 [2m                [0m
[2;36m                    [0m         --rm -i -e [33mHELPER[0m=[3;92mTrue[0m -e [33mARCHITECTURE[0m=[35mx86_64[0m -v                                    [2m                [0m
[2;36m                    [0m         [35m/home/user/aixcc/crete/packages/python_oss_fuzz/.oss_fuzz/build/out/[0m[95mdav1d[0m:[35m/[0m[95mout[0m -v   [2m                [0m
[2;36m                    [0m         [35m/tmp/[0m[95mtmpx0gjf09k[0m:[35m/[0m[95mtestcase[0m -t ghcr.io/aixcc-finals/base-runner:v1.[1;36m3.0[0m reproduce     [2m                [0m
[2;36m                    [0m         dav1d_fuzzer_mt -[33mruns[0m=[1;36m100[0m.                                                          [2m                [0m
[2;36m                    [0m                                                                                             [2m                [0m
[2;36m                    [0m         ===Evaluation [33mReport[0m===                                                             [2m                [0m
[2;36m                    [0m                                                                                             [2m                [0m
[2;36m                    [0m         ===Analysis [33mReport[0m===                                                               [2m                [0m
[2;36m                    [0m                                                                                             [2m                [0m
[2;36m                    [0m         ===Evaluation [33mEnd[0m===                                                                [2m                [0m
[2;36m[12/13/25 00:00:10][0m[2;36m [0m[34mINFO    [0m Prism Supervisor Routing: TeamStatus.EVALUATE -> TeamStatus.ANALYZE                  ]8;id=45041;file:///home/user/aixcc/crete/packages/crete/framework/agent/services/prism/__init__.py\[2m__init__.py[0m]8;;\[2m:[0m]8;id=843928;file:///home/user/aixcc/crete/packages/crete/framework/agent/services/prism/__init__.py#160\[2m160[0m]8;;\
[2;36m                    [0m         [1m([0mn evals: [1;36m1[0m, patch status: PatchStatus.VULNERABLE[1m)[0m                                   [2m               [0m
[2;36m[12/13/25 00:00:52][0m[2;36m [0m[34mINFO    [0m Prism Supervisor Routing: TeamStatus.ANALYZE -> TeamStatus.[1;33mPATCH[0m                     ]8;id=183270;file:///home/user/aixcc/crete/packages/crete/framework/agent/services/prism/__init__.py\[2m__init__.py[0m]8;;\[2m:[0m]8;id=982201;file:///home/user/aixcc/crete/packages/crete/framework/agent/services/prism/__init__.py#160\[2m160[0m]8;;\
[2;36m                    [0m         [1m([0mn evals: [1;36m1[0m, patch status: PatchStatus.VULNERABLE[1m)[0m                                   [2m               [0m
[2;36m[12/13/25 00:02:48][0m[2;36m [0m[34mINFO    [0m Prism Supervisor Routing: TeamStatus.[1;33mPATCH[0m -> TeamStatus.EVALUATE                    ]8;id=737879;file:///home/user/aixcc/crete/packages/crete/framework/agent/services/prism/__init__.py\[2m__init__.py[0m]8;;\[2m:[0m]8;id=629475;file:///home/user/aixcc/crete/packages/crete/framework/agent/services/prism/__init__.py#160\[2m160[0m]8;;\
[2;36m                    [0m         [1m([0mn evals: [1;36m1[0m, patch status: PatchStatus.VULNERABLE[1m)[0m                                   [2m               [0m
[2;36m                   [0m[2;36m [0m[34mINFO    [0m ===Evaluator [33mResult[0m===                                                              ]8;id=108194;file:///home/user/aixcc/crete/packages/crete/framework/agent/services/prism/teams/evaluation/evaluator.py\[2mevaluator.py[0m]8;;\[2m:[0m]8;id=678316;file:///home/user/aixcc/crete/packages/crete/framework/agent/services/prism/teams/evaluation/evaluator.py#204\[2m204[0m]8;;\
[2;36m                    [0m         PatchStatus.UNCOMPILABLE                                                            [2m                [0m
[2;36m                    [0m         ===Evaluator [33mDiff[0m===                                                                [2m                [0m
[2;36m                    [0m                                                                                             [2m                [0m
[2;36m                    [0m         ===Patch [33mResult[0m===                                                                  [2m                [0m
[2;36m                    [0m         The patch did not apply, here are some possible reasons:                            [2m                [0m
[2;36m                    [0m         - Trying to patch a file that does not exist in the repository.                     [2m                [0m
[2;36m                    [0m         - Trying to patch fuzzer or harness related file. [1m([0mThese files are used to test the [2m                [0m
[2;36m                    [0m         validity of the patch.[1m)[0m                                                             [2m                [0m
[2;36m                    [0m         - Incorrect patch format. [1m([0mFocus on the patch formatting instructions.[1m)[0m             [2m                [0m
[2;36m                    [0m         ===[33mIssue[0m===                                                                         [2m                [0m
[2;36m                    [0m         + [33mFUZZER[0m=[35mdav1d_fuzzer_mt[0m                                                            [2m                [0m
[2;36m                    [0m         + shift                                                                             [2m                [0m
[2;36m                    [0m         + [32m'[0m[32m[[0m[32m'[0m [32m'!'[0m -v TESTCASE [32m'[0m[32m][0m[32m'[0m                                                           [2m                [0m
[2;36m                    [0m         + [33mTESTCASE[0m=[35m/[0m[95mtestcase[0m                                                                [2m                [0m
[2;36m                    [0m         + [32m'[0m[32m[[0m[32m'[0m [32m'!'[0m -f [35m/[0m[95mtestcase[0m [32m'[0m[32m][0m[32m'[0m                                                          [2m                [0m
[2;36m                    [0m         + export [33mRUN_FUZZER_MODE[0m=[35minteractive[0m                                                [2m                [0m
[2;36m                    [0m         + [33mRUN_FUZZER_MODE[0m=[35minteractive[0m                                                       [2m                [0m
[2;36m                    [0m         + export [33mFUZZING_ENGINE[0m=[35mlibfuzzer[0m                                                   [2m                [0m
[2;36m                    [0m         + [33mFUZZING_ENGINE[0m=[35mlibfuzzer[0m                                                          [2m                [0m
[2;36m                    [0m         + export [33mSKIP_SEED_CORPUS[0m=[1;36m1[0m                                                         [2m                [0m
[2;36m                    [0m         + [33mSKIP_SEED_CORPUS[0m=[1;36m1[0m                                                                [2m                [0m
[2;36m                    [0m         + run_fuzzer dav1d_fuzzer_mt -[33mruns[0m=[1;36m100[0m [35m/[0m[95mtestcase[0m                                    [2m                [0m
[2;36m                    [0m         vm.mmap_rnd_bits = [1;36m28[0m                                                               [2m                [0m
[2;36m                    [0m         [35m/out/[0m[95mdav1d_fuzzer_mt[0m -[33mrss_limit_mb[0m=[1;36m2560[0m -[33mtimeout[0m=[1;36m25[0m -[33mruns[0m=[1;36m100[0m [35m/[0m[95mtestcase[0m             [2m                [0m
[2;36m                    [0m         -[33mrss_limit_mb[0m=[1;36m0[0m -[33mruns[0m=[1;36m4[0m -[33mtimeout[0m=[1;36m300[0m -[33mtimeout_exitcode[0m=[1;36m0[0m [1m<[0m[39m [0m[35m/dev/[0m[95mnull[0m                [2m                [0m
[2;36m                    [0m         [39mbash: [0m[35m/out/[0m[95mdav1d_fuzzer_mt[0m[39m: Permission denied[0m                                       [2m                [0m
[2;36m                    [0m         [39msubprocess command returned a non-zero exit status: [0m[1;36m126[0m                             [2m                [0m
[2;36m                    [0m         [39mINFO:__main__:Running: docker run --privileged --shm-[0m[33msize[0m[39m=[0m[35m2g[0m[39m --platform linux/amd64[0m [2m                [0m
[2;36m                    [0m         [39m--rm -i -e [0m[33mHELPER[0m[39m=[0m[3;92mTrue[0m[39m -e [0m[33mARCHITECTURE[0m[39m=[0m[35mx86_64[0m[39m -v [0m                                   [2m                [0m
[2;36m                    [0m         [35m/home/user/aixcc/crete/packages/python_oss_fuzz/.oss_fuzz/build/out/[0m[95mdav1d[0m[39m:[0m[35m/[0m[95mout[0m[39m -v [0m  [2m                [0m
[2;36m                    [0m         [35m/tmp/[0m[95mtmpx0gjf09k[0m[39m:[0m[35m/[0m[95mtestcase[0m[39m -t ghcr.io/aixcc-finals/base-runner:v1.[0m[1;36m3.0[0m[39m reproduce [0m    [2m                [0m
[2;36m                    [0m         [39mdav1d_fuzzer_mt -[0m[33mruns[0m[39m=[0m[1;36m100[0m[39m.[0m                                                          [2m                [0m
[2;36m                    [0m                                                                                             [2m                [0m
[2;36m                    [0m         [39m===Evaluation [0m[33mReport[0m[39m===[0m                                                             [2m                [0m
[2;36m                    [0m         [39m# Evaluation Report[0m                                                                 [2m                [0m
[2;36m                    [0m                                                                                             [2m                [0m
[2;36m                    [0m         [39m## Summary[0m                                                                          [2m                [0m
[2;36m                    [0m                                                                                             [2m                [0m
[2;36m                    [0m         [39mA fuzzing run of the `dav1d_fuzzer_mt` binary fails immediately with a â€œPermission [0m [2m                [0m
[2;36m                    [0m         [39mdeniedâ€ error when the harness attempts to execute `[0m[35m/out/[0m[95mdav1d_fuzzer_mt[0m[39m`. The [0m     [2m                [0m
[2;36m                    [0m         [39mDocker-based runner reports exit status [0m[1;36m126[0m[39m, indicating that the target binary is [0m  [2m                [0m
[2;36m                    [0m         [39mpresent but not executable.[0m                                                         [2m                [0m
[2;36m                    [0m                                                                                             [2m                [0m
[2;36m                    [0m         [39m## Description[0m                                                                      [2m                [0m
[2;36m                    [0m                                                                                             [2m                [0m
[2;36m                    [0m         [39m- The issue arises during the automated fuzzing step. Environment variables are set[0m [2m                [0m
[2;36m                    [0m         [1;39m([0m[39m`[0m[33mRUN_FUZZER_MODE[0m[39m=[0m[35minteractive[0m[39m`, `[0m[33mFUZZING_ENGINE[0m[39m=[0m[35mlibfuzzer[0m[39m`, `[0m[33mSKIP_SEED_CORPUS[0m[39m=[0m[1;36m1[0m[39m`[0m[1;39m)[0m[39m [0m  [2m                [0m
[2;36m                    [0m         [39mand `run_fuzzer dav1d_fuzzer_mt -[0m[33mruns[0m[39m=[0m[1;36m100[0m[39m [0m[35m/[0m[95mtestcase[0m[39m` is invoked.[0m                    [2m                [0m
[2;36m                    [0m         [39m- The runner logs:[0m                                                                  [2m                [0m
[2;36m                    [0m         [39m  â€¢ vm.mmap_rnd_bits = [0m[1;36m28[0m[39m  [0m                                                         [2m                [0m
[2;36m                    [0m         [39m  â€¢ Invocation: `[0m[35m/out/[0m[95mdav1d_fuzzer_mt[0m[39m -[0m[33mrss_limit_mb[0m[39m=[0m[1;36m2560[0m[39m -[0m[33mtimeout[0m[39m=[0m[1;36m25[0m[39m -[0m[33mruns[0m[39m=[0m[1;36m100[0m[39m [0m     [2m                [0m
[2;36m                    [0m         [35m/[0m[95mtestcase[0m[39m â€¦`  [0m                                                                      [2m                [0m
[2;36m                    [0m         [39m  â€¢ Error: `bash: [0m[35m/out/[0m[95mdav1d_fuzzer_mt[0m[39m: Permission denied`  [0m                        [2m                [0m
[2;36m                    [0m         [39m  â€¢ Subprocess exit status: [0m[1;36m126[0m[39m  [0m                                                   [2m                [0m
[2;36m                    [0m         [39m- No vulnerability in the code under test is exposed; rather, the harness cannot [0m   [2m                [0m
[2;36m                    [0m         [39mlaunch the fuzz target binary due to insufficient execution permissions.[0m            [2m                [0m
[2;36m                    [0m         [39m- Key observations:[0m                                                                 [2m                [0m
[2;36m                    [0m         [39m  â€¢ The binary `[0m[35m/out/[0m[95mdav1d_fuzzer_mt[0m[39m` exists inside the container but is not [0m       [2m                [0m
[2;36m                    [0m         [39mmarked/exposed as executable.  [0m                                                     [2m                [0m
[2;36m                    [0m         [39m  â€¢ The Docker runner is started with privileged flags and mounts the hostâ€™s build [0m [2m                [0m
[2;36m                    [0m         [39moutput directory at `[0m[35m/[0m[95mout[0m[39m`.  [0m                                                       [2m                [0m
[2;36m                    [0m         [39m  â€¢ The harness does not manipulate the file mode bits before invoking the binary. [0m [2m                [0m
[2;36m                    [0m         [39m- Investigation areas:[0m                                                              [2m                [0m
[2;36m                    [0m         [39m  â€¢ File permissions of the built fuzzer binary [0m[1;39m([0m[39m`dav1d_fuzzer_mt`[0m[1;39m)[0m[39m in the build [0m   [2m                [0m
[2;36m                    [0m         [39moutput directory.  [0m                                                                 [2m                [0m
[2;36m                    [0m         [39m  â€¢ Build scripts or Dockerfile steps responsible for installing or copying [0m        [2m                [0m
[2;36m                    [0m         [39m`dav1d_fuzzer_mt` into `[0m[35m/[0m[95mout[0m[39m`.  [0m                                                    [2m                [0m
[2;36m                    [0m         [39m  â€¢ The runner entrypoint or wrapper [0m[1;39m([0m[39m`base-runner:v1.[0m[1;36m3.0[0m[39m`[0m[1;39m)[0m[39m to verify whether it [0m   [2m                [0m
[2;36m                    [0m         [39malters or expects specific file modes.  [0m                                            [2m                [0m
[2;36m                    [0m         [39m  â€¢ Any CI [0m[35m/[0m[39m packaging configuration that may strip the executable bit when moving [0m [2m                [0m
[2;36m                    [0m         [39martifacts.[0m                                                                          [2m                [0m
[2;36m                    [0m                                                                                             [2m                [0m
[2;36m                    [0m         [39m## Initial Issue Log[0m                                                                [2m                [0m
[2;36m                    [0m         [39mHere is the initial issue log of the codebase:[0m                                      [2m                [0m
[2;36m                    [0m         [39m<issue>[0m                                                                             [2m                [0m
[2;36m                    [0m         [39m+ [0m[33mFUZZER[0m[39m=[0m[35mdav1d_fuzzer_mt[0m                                                            [2m                [0m
[2;36m                    [0m         [39m+ shift[0m                                                                             [2m                [0m
[2;36m                    [0m         [39m+ [0m[32m'[0m[32m[[0m[32m'[0m[39m [0m[32m'!'[0m[39m -v TESTCASE [0m[32m'[0m[32m][0m[32m'[0m                                                           [2m                [0m
[2;36m                    [0m         [39m+ [0m[33mTESTCASE[0m[39m=[0m[35m/[0m[95mtestcase[0m                                                                [2m                [0m
[2;36m                    [0m         [39m+ [0m[32m'[0m[32m[[0m[32m'[0m[39m [0m[32m'!'[0m[39m -f [0m[35m/[0m[95mtestcase[0m[39m [0m[32m'[0m[32m][0m[32m'[0m                                                          [2m                [0m
[2;36m                    [0m         [39m+ export [0m[33mRUN_FUZZER_MODE[0m[39m=[0m[35minteractive[0m                                                [2m                [0m
[2;36m                    [0m         [39m+ [0m[33mRUN_FUZZER_MODE[0m[39m=[0m[35minteractive[0m                                                       [2m                [0m
[2;36m                    [0m         [39m+ export [0m[33mFUZZING_ENGINE[0m[39m=[0m[35mlibfuzzer[0m                                                   [2m                [0m
[2;36m                    [0m         [39m+ [0m[33mFUZZING_ENGINE[0m[39m=[0m[35mlibfuzzer[0m                                                          [2m                [0m
[2;36m                    [0m         [39m+ export [0m[33mSKIP_SEED_CORPUS[0m[39m=[0m[1;36m1[0m                                                         [2m                [0m
[2;36m                    [0m         [39m+ [0m[33mSKIP_SEED_CORPUS[0m[39m=[0m[1;36m1[0m                                                                [2m                [0m
[2;36m                    [0m         [39m+ run_fuzzer dav1d_fuzzer_mt -[0m[33mruns[0m[39m=[0m[1;36m100[0m[39m [0m[35m/[0m[95mtestcase[0m                                    [2m                [0m
[2;36m                    [0m         [39mvm.mmap_rnd_bits = [0m[1;36m28[0m                                                               [2m                [0m
[2;36m                    [0m         [35m/out/[0m[95mdav1d_fuzzer_mt[0m[39m -[0m[33mrss_limit_mb[0m[39m=[0m[1;36m2560[0m[39m -[0m[33mtimeout[0m[39m=[0m[1;36m25[0m[39m -[0m[33mruns[0m[39m=[0m[1;36m100[0m[39m [0m[35m/[0m[95mtestcase[0m[39m [0m            [2m                [0m
[2;36m                    [0m         [39m-[0m[33mrss_limit_mb[0m[39m=[0m[1;36m0[0m[39m -[0m[33mruns[0m[39m=[0m[1;36m4[0m[39m -[0m[33mtimeout[0m[39m=[0m[1;36m300[0m[39m -[0m[33mtimeout_exitcode[0m[39m=[0m[1;36m0[0m[39m < [0m[35m/dev/[0m[95mnull[0m                [2m                [0m
[2;36m                    [0m         [39mbash: [0m[35m/out/[0m[95mdav1d_fuzzer_mt[0m[39m: Permission denied[0m                                       [2m                [0m
[2;36m                    [0m         [39msubprocess command returned a non-zero exit status: [0m[1;36m126[0m                             [2m                [0m
[2;36m                    [0m         [39mINFO:__main__:Running: docker run --privileged --shm-[0m[33msize[0m[39m=[0m[35m2g[0m[39m --platform linux/amd64[0m [2m                [0m
[2;36m                    [0m         [39m--rm -i -e [0m[33mHELPER[0m[39m=[0m[3;92mTrue[0m[39m -e [0m[33mARCHITECTURE[0m[39m=[0m[35mx86_64[0m[39m -v [0m                                   [2m                [0m
[2;36m                    [0m         [35m/home/user/aixcc/crete/packages/python_oss_fuzz/.oss_fuzz/build/out/[0m[95mdav1d[0m[39m:[0m[35m/[0m[95mout[0m[39m -v [0m  [2m                [0m
[2;36m                    [0m         [35m/tmp/[0m[95mtmpx0gjf09k[0m[39m:[0m[35m/[0m[95mtestcase[0m[39m -t ghcr.io/aixcc-finals/base-runner:v1.[0m[1;36m3.0[0m[39m reproduce [0m    [2m                [0m
[2;36m                    [0m         [39mdav1d_fuzzer_mt -[0m[33mruns[0m[39m=[0m[1;36m100[0m[39m.[0m                                                          [2m                [0m
[2;36m                    [0m                                                                                             [2m                [0m
[2;36m                    [0m         [39m<[0m[35m/[0m[95missue[0m[1m>[0m                                                                            [2m                [0m
[2;36m                    [0m         ===Analysis [33mReport[0m===                                                               [2m                [0m
[2;36m                    [0m                                                                                             [2m                [0m
[2;36m                    [0m         ===Evaluation [33mEnd[0m===                                                                [2m                [0m
[2;36m[12/13/25 00:02:55][0m[2;36m [0m[34mINFO    [0m Prism Supervisor Routing: TeamStatus.EVALUATE -> TeamStatus.ANALYZE                  ]8;id=155030;file:///home/user/aixcc/crete/packages/crete/framework/agent/services/prism/__init__.py\[2m__init__.py[0m]8;;\[2m:[0m]8;id=507945;file:///home/user/aixcc/crete/packages/crete/framework/agent/services/prism/__init__.py#160\[2m160[0m]8;;\
[2;36m                    [0m         [1m([0mn evals: [1;36m2[0m, patch status: PatchStatus.UNCOMPILABLE[1m)[0m                                 [2m               [0m
[2;36m[12/13/25 00:03:39][0m[2;36m [0m[34mINFO    [0m Prism Supervisor Routing: TeamStatus.ANALYZE -> TeamStatus.[1;33mPATCH[0m                     ]8;id=827736;file:///home/user/aixcc/crete/packages/crete/framework/agent/services/prism/__init__.py\[2m__init__.py[0m]8;;\[2m:[0m]8;id=466123;file:///home/user/aixcc/crete/packages/crete/framework/agent/services/prism/__init__.py#160\[2m160[0m]8;;\
[2;36m                    [0m         [1m([0mn evals: [1;36m2[0m, patch status: PatchStatus.UNCOMPILABLE[1m)[0m                                 [2m               [0m
[2;36m[12/13/25 00:04:47][0m[2;36m [0m[34mINFO    [0m Prism Supervisor Routing: TeamStatus.[1;33mPATCH[0m -> TeamStatus.EVALUATE                    ]8;id=995406;file:///home/user/aixcc/crete/packages/crete/framework/agent/services/prism/__init__.py\[2m__init__.py[0m]8;;\[2m:[0m]8;id=353585;file:///home/user/aixcc/crete/packages/crete/framework/agent/services/prism/__init__.py#160\[2m160[0m]8;;\
[2;36m                    [0m         [1m([0mn evals: [1;36m2[0m, patch status: PatchStatus.UNCOMPILABLE[1m)[0m                                 [2m               [0m
[2;36m                   [0m[2;36m [0m[34mINFO    [0m ===Evaluator [33mResult[0m===                                                              ]8;id=495203;file:///home/user/aixcc/crete/packages/crete/framework/agent/services/prism/teams/evaluation/evaluator.py\[2mevaluator.py[0m]8;;\[2m:[0m]8;id=813041;file:///home/user/aixcc/crete/packages/crete/framework/agent/services/prism/teams/evaluation/evaluator.py#204\[2m204[0m]8;;\
[2;36m                    [0m         PatchStatus.UNCOMPILABLE                                                            [2m                [0m
[2;36m                    [0m         ===Evaluator [33mDiff[0m===                                                                [2m                [0m
[2;36m                    [0m                                                                                             [2m                [0m
[2;36m                    [0m         ===Patch [33mResult[0m===                                                                  [2m                [0m
[2;36m                    [0m         The patch did not apply, here are some possible reasons:                            [2m                [0m
[2;36m                    [0m         - Trying to patch a file that does not exist in the repository.                     [2m                [0m
[2;36m                    [0m         - Trying to patch fuzzer or harness related file. [1m([0mThese files are used to test the [2m                [0m
[2;36m                    [0m         validity of the patch.[1m)[0m                                                             [2m                [0m
[2;36m                    [0m         - Incorrect patch format. [1m([0mFocus on the patch formatting instructions.[1m)[0m             [2m                [0m
[2;36m                    [0m         ===[33mIssue[0m===                                                                         [2m                [0m
[2;36m                    [0m         + [33mFUZZER[0m=[35mdav1d_fuzzer_mt[0m                                                            [2m                [0m
[2;36m                    [0m         + shift                                                                             [2m                [0m
[2;36m                    [0m         + [32m'[0m[32m[[0m[32m'[0m [32m'!'[0m -v TESTCASE [32m'[0m[32m][0m[32m'[0m                                                           [2m                [0m
[2;36m                    [0m         + [33mTESTCASE[0m=[35m/[0m[95mtestcase[0m                                                                [2m                [0m
[2;36m                    [0m         + [32m'[0m[32m[[0m[32m'[0m [32m'!'[0m -f [35m/[0m[95mtestcase[0m [32m'[0m[32m][0m[32m'[0m                                                          [2m                [0m
[2;36m                    [0m         + export [33mRUN_FUZZER_MODE[0m=[35minteractive[0m                                                [2m                [0m
[2;36m                    [0m         + [33mRUN_FUZZER_MODE[0m=[35minteractive[0m                                                       [2m                [0m
[2;36m                    [0m         + export [33mFUZZING_ENGINE[0m=[35mlibfuzzer[0m                                                   [2m                [0m
[2;36m                    [0m         + [33mFUZZING_ENGINE[0m=[35mlibfuzzer[0m                                                          [2m                [0m
[2;36m                    [0m         + export [33mSKIP_SEED_CORPUS[0m=[1;36m1[0m                                                         [2m                [0m
[2;36m                    [0m         + [33mSKIP_SEED_CORPUS[0m=[1;36m1[0m                                                                [2m                [0m
[2;36m                    [0m         + run_fuzzer dav1d_fuzzer_mt -[33mruns[0m=[1;36m100[0m [35m/[0m[95mtestcase[0m                                    [2m                [0m
[2;36m                    [0m         vm.mmap_rnd_bits = [1;36m28[0m                                                               [2m                [0m
[2;36m                    [0m         [35m/out/[0m[95mdav1d_fuzzer_mt[0m -[33mrss_limit_mb[0m=[1;36m2560[0m -[33mtimeout[0m=[1;36m25[0m -[33mruns[0m=[1;36m100[0m [35m/[0m[95mtestcase[0m             [2m                [0m
[2;36m                    [0m         -[33mrss_limit_mb[0m=[1;36m0[0m -[33mruns[0m=[1;36m4[0m -[33mtimeout[0m=[1;36m300[0m -[33mtimeout_exitcode[0m=[1;36m0[0m [1m<[0m[39m [0m[35m/dev/[0m[95mnull[0m                [2m                [0m
[2;36m                    [0m         [39mbash: [0m[35m/out/[0m[95mdav1d_fuzzer_mt[0m[39m: Permission denied[0m                                       [2m                [0m
[2;36m                    [0m         [39msubprocess command returned a non-zero exit status: [0m[1;36m126[0m                             [2m                [0m
[2;36m                    [0m         [39mINFO:__main__:Running: docker run --privileged --shm-[0m[33msize[0m[39m=[0m[35m2g[0m[39m --platform linux/amd64[0m [2m                [0m
[2;36m                    [0m         [39m--rm -i -e [0m[33mHELPER[0m[39m=[0m[3;92mTrue[0m[39m -e [0m[33mARCHITECTURE[0m[39m=[0m[35mx86_64[0m[39m -v [0m                                   [2m                [0m
[2;36m                    [0m         [35m/home/user/aixcc/crete/packages/python_oss_fuzz/.oss_fuzz/build/out/[0m[95mdav1d[0m[39m:[0m[35m/[0m[95mout[0m[39m -v [0m  [2m                [0m
[2;36m                    [0m         [35m/tmp/[0m[95mtmpx0gjf09k[0m[39m:[0m[35m/[0m[95mtestcase[0m[39m -t ghcr.io/aixcc-finals/base-runner:v1.[0m[1;36m3.0[0m[39m reproduce [0m    [2m                [0m
[2;36m                    [0m         [39mdav1d_fuzzer_mt -[0m[33mruns[0m[39m=[0m[1;36m100[0m[39m.[0m                                                          [2m                [0m
[2;36m                    [0m                                                                                             [2m                [0m
[2;36m                    [0m         [39m===Evaluation [0m[33mReport[0m[39m===[0m                                                             [2m                [0m
[2;36m                    [0m         [39m# Evaluation Report[0m                                                                 [2m                [0m
[2;36m                    [0m                                                                                             [2m                [0m
[2;36m                    [0m         [39m## Summary[0m                                                                          [2m                [0m
[2;36m                    [0m         [39mThe user attempted to reproduce and patch a permission issue when running the [0m      [2m                [0m
[2;36m                    [0m         [39m`dav1d_fuzzer_mt` binary under OSS-Fuzzâ€™s libFuzzer setup. The initial issue shows [0m [2m                [0m
[2;36m                    [0m         [39mthat invoking `[0m[35m/out/[0m[95mdav1d_fuzzer_mt[0m[39m` within the container failed with â€œPermission [0m  [2m                [0m
[2;36m                    [0m         [39mdeniedâ€ [0m[1;39m([0m[39mexit status [0m[1;36m126[0m[1;39m)[0m[39m. An empty patch attempt was submitted and, upon [0m          [2m                [0m
[2;36m                    [0m         [39mapplication, reported as not applying. The failure messages cite missing target [0m    [2m                [0m
[2;36m                    [0m         [39mfiles, fuzzer/ harness files being skipped, or incorrect patch formatting.[0m          [2m                [0m
[2;36m                    [0m                                                                                             [2m                [0m
[2;36m                    [0m         [39m## Description[0m                                                                      [2m                [0m
[2;36m                    [0m                                                                                             [2m                [0m
[2;36m                    [0m         [39mInitial Issue  [0m                                                                     [2m                [0m
[2;36m                    [0m         [39m- A shell invocation sequence sets environment variables [0m[1;39m([0m[39me.g., [0m                    [2m                [0m
[2;36m                    [0m         [39m`[0m[33mFUZZER[0m[39m=[0m[35mdav1d_fuzzer_mt[0m[39m`, `[0m[33mRUN_FUZZER_MODE[0m[39m=[0m[35minteractive[0m[39m`, [0m                           [2m                [0m
[2;36m                    [0m         [39m`[0m[33mFUZZING_ENGINE[0m[39m=[0m[35mlibfuzzer[0m[39m`, `[0m[33mSKIP_SEED_CORPUS[0m[39m=[0m[1;36m1[0m[39m`[0m[1;39m)[0m[39m and then calls the helper [0m        [2m                [0m
[2;36m                    [0m         [39mfunction `run_fuzzer`.  [0m                                                            [2m                [0m
[2;36m                    [0m         [39m- The reproduction log shows the fuzzer being launched with multiple overlapping [0m   [2m                [0m
[2;36m                    [0m         [39mflags [0m[1;39m([0m[39m`-[0m[33mruns[0m[39m=[0m[1;36m100[0m[39m` twice, conflicting `-rss_limit_mb` entries, etc.[0m[1;39m)[0m[39m.  [0m             [2m                [0m
[2;36m                    [0m         [39m- When attempting to execute `[0m[35m/out/[0m[95mdav1d_fuzzer_mt[0m[39m`, the shell reports â€œPermission [0m [2m                [0m
[2;36m                    [0m         [39mdenied,â€ and the subprocess returns exit status [0m[1;36m126[0m[39m.  [0m                              [2m                [0m
[2;36m                    [0m         [39m- A Docker-based reproduction command confirms the same behavior under [0m             [2m                [0m
[2;36m                    [0m         [39m`ghcr.io/aixcc-finals/base-runner:v1.[0m[1;36m3.0[0m[39m`.[0m                                          [2m                [0m
[2;36m                    [0m                                                                                             [2m                [0m
[2;36m                    [0m         [39mImportant Observations  [0m                                                            [2m                [0m
[2;36m                    [0m         [39m- The binary `[0m[35m/out/[0m[95mdav1d_fuzzer_mt[0m[39m` exists in the container but cannot be executed.[0m [2m                [0m
[2;36m                    [0m         [39m- The exit code [0m[1;36m126[0m[39m specifically indicates a permissions or execution-format issue,[0m [2m                [0m
[2;36m                    [0m         [39mrather than a crash inside the fuzzer.  [0m                                            [2m                [0m
[2;36m                    [0m         [39m- The log duplicates some flags, suggesting the wrapper or helper script might [0m     [2m                [0m
[2;36m                    [0m         [39mappend default arguments.  [0m                                                         [2m                [0m
[2;36m                    [0m         [39m- The environment and invocation context [0m[1;39m([0m[39mprivileged Docker container, `--platform [0m [2m                [0m
[2;36m                    [0m         [39mlinux/amd64`[0m[1;39m)[0m[39m are consistent with standard OSS-Fuzz reproduction workflows.[0m         [2m                [0m
[2;36m                    [0m                                                                                             [2m                [0m
[2;36m                    [0m         [39mPatch Attempt and Application Log  [0m                                                 [2m                [0m
[2;36m                    [0m         [39m- The `<patch_attempt>` block is empty, indicating no actual diff was provided.  [0m   [2m                [0m
[2;36m                    [0m         [39m- Upon â€œapplyingâ€ this non-existent patch, the system reports that no patch could [0m  [2m                [0m
[2;36m                    [0m         [39mbe applied, listing possible generic reasons:  [0m                                     [2m                [0m
[2;36m                    [0m         [39m  â€¢ Target [0m[1;35mfile[0m[1;39m([0m[39ms[0m[1;39m)[0m[39m not found in the repository  [0m                                    [2m                [0m
[2;36m                    [0m         [39m  â€¢ Skipping fuzzer or harness files  [0m                                              [2m                [0m
[2;36m                    [0m         [39m  â€¢ Incorrect patch format  [0m                                                        [2m                [0m
[2;36m                    [0m                                                                                             [2m                [0m
[2;36m                    [0m         [39mAreas for Further Investigation  [0m                                                   [2m                [0m
[2;36m                    [0m         [39m- File system permissions and ownership of `[0m[35m/out/[0m[95mdav1d_fuzzer_mt[0m[39m` in the build [0m     [2m                [0m
[2;36m                    [0m         [39moutput.  [0m                                                                           [2m                [0m
[2;36m                    [0m         [39m- Build scripts or Dockerfile steps that produce the `dav1d_fuzzer_mt` binary, to [0m  [2m                [0m
[2;36m                    [0m         [39mverify that the executable bit is correctly set.  [0m                                  [2m                [0m
[2;36m                    [0m         [39m- The helper script [0m[1;39m([0m[39m`run_fuzzer` and `base-runner`[0m[1;39m)[0m[39m logic for argument handling [0m   [2m                [0m
[2;36m                    [0m         [39mand file mounting.  [0m                                                                [2m                [0m
[2;36m                    [0m         [39m- CI/build logs leading up to the fuzzer compilation to confirm successful linking [0m [2m                [0m
[2;36m                    [0m         [39mand no platform mismatches.  [0m                                                       [2m                [0m
[2;36m                    [0m         [39m- The harness entry point versus actual library/plugin code to see if any wrapper [0m  [2m                [0m
[2;36m                    [0m         [39mstep strips execute permissions.[0m                                                    [2m                [0m
[2;36m                    [0m                                                                                             [2m                [0m
[2;36m                    [0m         [39m## Initial Issue Log[0m                                                                [2m                [0m
[2;36m                    [0m         [39mHere is the initial issue log of the codebase:[0m                                      [2m                [0m
[2;36m                    [0m         [39m<issue>[0m                                                                             [2m                [0m
[2;36m                    [0m         [39m+ [0m[33mFUZZER[0m[39m=[0m[35mdav1d_fuzzer_mt[0m                                                            [2m                [0m
[2;36m                    [0m         [39m+ shift[0m                                                                             [2m                [0m
[2;36m                    [0m         [39m+ [0m[32m'[0m[32m[[0m[32m'[0m[39m [0m[32m'!'[0m[39m -v TESTCASE [0m[32m'[0m[32m][0m[32m'[0m                                                           [2m                [0m
[2;36m                    [0m         [39m+ [0m[33mTESTCASE[0m[39m=[0m[35m/[0m[95mtestcase[0m                                                                [2m                [0m
[2;36m                    [0m         [39m+ [0m[32m'[0m[32m[[0m[32m'[0m[39m [0m[32m'!'[0m[39m -f [0m[35m/[0m[95mtestcase[0m[39m [0m[32m'[0m[32m][0m[32m'[0m                                                          [2m                [0m
[2;36m                    [0m         [39m+ export [0m[33mRUN_FUZZER_MODE[0m[39m=[0m[35minteractive[0m                                                [2m                [0m
[2;36m                    [0m         [39m+ [0m[33mRUN_FUZZER_MODE[0m[39m=[0m[35minteractive[0m                                                       [2m                [0m
[2;36m                    [0m         [39m+ export [0m[33mFUZZING_ENGINE[0m[39m=[0m[35mlibfuzzer[0m                                                   [2m                [0m
[2;36m                    [0m         [39m+ [0m[33mFUZZING_ENGINE[0m[39m=[0m[35mlibfuzzer[0m                                                          [2m                [0m
[2;36m                    [0m         [39m+ export [0m[33mSKIP_SEED_CORPUS[0m[39m=[0m[1;36m1[0m                                                         [2m                [0m
[2;36m                    [0m         [39m+ [0m[33mSKIP_SEED_CORPUS[0m[39m=[0m[1;36m1[0m                                                                [2m                [0m
[2;36m                    [0m         [39m+ run_fuzzer dav1d_fuzzer_mt -[0m[33mruns[0m[39m=[0m[1;36m100[0m[39m [0m[35m/[0m[95mtestcase[0m                                    [2m                [0m
[2;36m                    [0m         [39mvm.mmap_rnd_bits = [0m[1;36m28[0m                                                               [2m                [0m
[2;36m                    [0m         [35m/out/[0m[95mdav1d_fuzzer_mt[0m[39m -[0m[33mrss_limit_mb[0m[39m=[0m[1;36m2560[0m[39m -[0m[33mtimeout[0m[39m=[0m[1;36m25[0m[39m -[0m[33mruns[0m[39m=[0m[1;36m100[0m[39m [0m[35m/[0m[95mtestcase[0m[39m [0m            [2m                [0m
[2;36m                    [0m         [39m-[0m[33mrss_limit_mb[0m[39m=[0m[1;36m0[0m[39m -[0m[33mruns[0m[39m=[0m[1;36m4[0m[39m -[0m[33mtimeout[0m[39m=[0m[1;36m300[0m[39m -[0m[33mtimeout_exitcode[0m[39m=[0m[1;36m0[0m[39m < [0m[35m/dev/[0m[95mnull[0m                [2m                [0m
[2;36m                    [0m         [39mbash: [0m[35m/out/[0m[95mdav1d_fuzzer_mt[0m[39m: Permission denied[0m                                       [2m                [0m
[2;36m                    [0m         [39msubprocess command returned a non-zero exit status: [0m[1;36m126[0m                             [2m                [0m
[2;36m                    [0m         [39mINFO:__main__:Running: docker run --privileged --shm-[0m[33msize[0m[39m=[0m[35m2g[0m[39m --platform linux/amd64[0m [2m                [0m
[2;36m                    [0m         [39m--rm -i -e [0m[33mHELPER[0m[39m=[0m[3;92mTrue[0m[39m -e [0m[33mARCHITECTURE[0m[39m=[0m[35mx86_64[0m[39m -v [0m                                   [2m                [0m
[2;36m                    [0m         [35m/home/user/aixcc/crete/packages/python_oss_fuzz/.oss_fuzz/build/out/[0m[95mdav1d[0m[39m:[0m[35m/[0m[95mout[0m[39m -v [0m  [2m                [0m
[2;36m                    [0m         [35m/tmp/[0m[95mtmpx0gjf09k[0m[39m:[0m[35m/[0m[95mtestcase[0m[39m -t ghcr.io/aixcc-finals/base-runner:v1.[0m[1;36m3.0[0m[39m reproduce [0m    [2m                [0m
[2;36m                    [0m         [39mdav1d_fuzzer_mt -[0m[33mruns[0m[39m=[0m[1;36m100[0m[39m.[0m                                                          [2m                [0m
[2;36m                    [0m                                                                                             [2m                [0m
[2;36m                    [0m         [39m<[0m[35m/[0m[95missue[0m[39m>[0m                                                                            [2m                [0m
[2;36m                    [0m                                                                                             [2m                [0m
[2;36m                    [0m         [39m## Additional Issue Log[0m                                                             [2m                [0m
[2;36m                    [0m         [39mHere is the additional issue log after the last patch attempt:[0m                      [2m                [0m
[2;36m                    [0m         [39m<additional_issue>[0m                                                                  [2m                [0m
[2;36m                    [0m         [39mThe patch did not apply, here are some possible reasons:[0m                            [2m                [0m
[2;36m                    [0m         [39m- Trying to patch a file that does not exist in the repository.[0m                     [2m                [0m
[2;36m                    [0m         [39m- Trying to patch fuzzer or harness related file. [0m[1;39m([0m[39mThese files are used to test the[0m [2m                [0m
[2;36m                    [0m         [39mvalidity of the patch.[0m[1;39m)[0m                                                             [2m                [0m
[2;36m                    [0m         [39m- Incorrect patch format. [0m[1;39m([0m[39mFocus on the patch formatting instructions.[0m[1;39m)[0m             [2m                [0m
[2;36m                    [0m         [39m<[0m[35m/[0m[95madditional_issue[0m[1m>[0m                                                                 [2m                [0m
[2;36m                    [0m                                                                                             [2m                [0m
[2;36m                    [0m         ## Notes                                                                            [2m                [0m
[2;36m                    [0m         - All patch attempts are applied to the initial codebase. Reapply the the previous  [2m                [0m
[2;36m                    [0m         patches if needed.                                                                  [2m                [0m
[2;36m                    [0m         - If multiple different issues are present, all the issues must be resolved in a    [2m                [0m
[2;36m                    [0m         single patch attempt.                                                               [2m                [0m
[2;36m                    [0m         - Try different approaches to resolve the issues.                                   [2m                [0m
[2;36m                    [0m         ===Analysis [33mReport[0m===                                                               [2m                [0m
[2;36m                    [0m                                                                                             [2m                [0m
[2;36m                    [0m         ===Evaluation [33mEnd[0m===                                                                [2m                [0m
[2;36m[12/13/25 00:04:56][0m[2;36m [0m[34mINFO    [0m Prism Supervisor Routing: TeamStatus.EVALUATE -> TeamStatus.ANALYZE                  ]8;id=30135;file:///home/user/aixcc/crete/packages/crete/framework/agent/services/prism/__init__.py\[2m__init__.py[0m]8;;\[2m:[0m]8;id=363589;file:///home/user/aixcc/crete/packages/crete/framework/agent/services/prism/__init__.py#160\[2m160[0m]8;;\
[2;36m                    [0m         [1m([0mn evals: [1;36m3[0m, patch status: PatchStatus.UNCOMPILABLE[1m)[0m                                 [2m               [0m
[2;36m[12/13/25 00:08:02][0m[2;36m [0m[34mINFO    [0m Prism Supervisor Routing: TeamStatus.ANALYZE -> TeamStatus.[1;33mPATCH[0m                     ]8;id=172610;file:///home/user/aixcc/crete/packages/crete/framework/agent/services/prism/__init__.py\[2m__init__.py[0m]8;;\[2m:[0m]8;id=732658;file:///home/user/aixcc/crete/packages/crete/framework/agent/services/prism/__init__.py#160\[2m160[0m]8;;\
[2;36m                    [0m         [1m([0mn evals: [1;36m3[0m, patch status: PatchStatus.UNCOMPILABLE[1m)[0m                                 [2m               [0m
[2;36m[12/13/25 00:09:00][0m[2;36m [0m[34mINFO    [0m Prism Supervisor Routing: TeamStatus.[1;33mPATCH[0m -> TeamStatus.EVALUATE                    ]8;id=625431;file:///home/user/aixcc/crete/packages/crete/framework/agent/services/prism/__init__.py\[2m__init__.py[0m]8;;\[2m:[0m]8;id=926078;file:///home/user/aixcc/crete/packages/crete/framework/agent/services/prism/__init__.py#160\[2m160[0m]8;;\
[2;36m                    [0m         [1m([0mn evals: [1;36m3[0m, patch status: PatchStatus.UNCOMPILABLE[1m)[0m                                 [2m               [0m
[2;36m                   [0m[2;36m [0m[34mINFO    [0m ===Evaluator [33mResult[0m===                                                              ]8;id=779960;file:///home/user/aixcc/crete/packages/crete/framework/agent/services/prism/teams/evaluation/evaluator.py\[2mevaluator.py[0m]8;;\[2m:[0m]8;id=537756;file:///home/user/aixcc/crete/packages/crete/framework/agent/services/prism/teams/evaluation/evaluator.py#204\[2m204[0m]8;;\
[2;36m                    [0m         PatchStatus.UNCOMPILABLE                                                            [2m                [0m
[2;36m                    [0m         ===Evaluator [33mDiff[0m===                                                                [2m                [0m
[2;36m                    [0m                                                                                             [2m                [0m
[2;36m                    [0m         ===Patch [33mResult[0m===                                                                  [2m                [0m
[2;36m                    [0m         The patch did not apply, here are some possible reasons:                            [2m                [0m
[2;36m                    [0m         - Trying to patch a file that does not exist in the repository.                     [2m                [0m
[2;36m                    [0m         - Trying to patch fuzzer or harness related file. [1m([0mThese files are used to test the [2m                [0m
[2;36m                    [0m         validity of the patch.[1m)[0m                                                             [2m                [0m
[2;36m                    [0m         - Incorrect patch format. [1m([0mFocus on the patch formatting instructions.[1m)[0m             [2m                [0m
[2;36m                    [0m         ===[33mIssue[0m===                                                                         [2m                [0m
[2;36m                    [0m         + [33mFUZZER[0m=[35mdav1d_fuzzer_mt[0m                                                            [2m                [0m
[2;36m                    [0m         + shift                                                                             [2m                [0m
[2;36m                    [0m         + [32m'[0m[32m[[0m[32m'[0m [32m'!'[0m -v TESTCASE [32m'[0m[32m][0m[32m'[0m                                                           [2m                [0m
[2;36m                    [0m         + [33mTESTCASE[0m=[35m/[0m[95mtestcase[0m                                                                [2m                [0m
[2;36m                    [0m         + [32m'[0m[32m[[0m[32m'[0m [32m'!'[0m -f [35m/[0m[95mtestcase[0m [32m'[0m[32m][0m[32m'[0m                                                          [2m                [0m
[2;36m                    [0m         + export [33mRUN_FUZZER_MODE[0m=[35minteractive[0m                                                [2m                [0m
[2;36m                    [0m         + [33mRUN_FUZZER_MODE[0m=[35minteractive[0m                                                       [2m                [0m
[2;36m                    [0m         + export [33mFUZZING_ENGINE[0m=[35mlibfuzzer[0m                                                   [2m                [0m
[2;36m                    [0m         + [33mFUZZING_ENGINE[0m=[35mlibfuzzer[0m                                                          [2m                [0m
[2;36m                    [0m         + export [33mSKIP_SEED_CORPUS[0m=[1;36m1[0m                                                         [2m                [0m
[2;36m                    [0m         + [33mSKIP_SEED_CORPUS[0m=[1;36m1[0m                                                                [2m                [0m
[2;36m                    [0m         + run_fuzzer dav1d_fuzzer_mt -[33mruns[0m=[1;36m100[0m [35m/[0m[95mtestcase[0m                                    [2m                [0m
[2;36m                    [0m         vm.mmap_rnd_bits = [1;36m28[0m                                                               [2m                [0m
[2;36m                    [0m         [35m/out/[0m[95mdav1d_fuzzer_mt[0m -[33mrss_limit_mb[0m=[1;36m2560[0m -[33mtimeout[0m=[1;36m25[0m -[33mruns[0m=[1;36m100[0m [35m/[0m[95mtestcase[0m             [2m                [0m
[2;36m                    [0m         -[33mrss_limit_mb[0m=[1;36m0[0m -[33mruns[0m=[1;36m4[0m -[33mtimeout[0m=[1;36m300[0m -[33mtimeout_exitcode[0m=[1;36m0[0m [1m<[0m[39m [0m[35m/dev/[0m[95mnull[0m                [2m                [0m
[2;36m                    [0m         [39mbash: [0m[35m/out/[0m[95mdav1d_fuzzer_mt[0m[39m: Permission denied[0m                                       [2m                [0m
[2;36m                    [0m         [39msubprocess command returned a non-zero exit status: [0m[1;36m126[0m                             [2m                [0m
[2;36m                    [0m         [39mINFO:__main__:Running: docker run --privileged --shm-[0m[33msize[0m[39m=[0m[35m2g[0m[39m --platform linux/amd64[0m [2m                [0m
[2;36m                    [0m         [39m--rm -i -e [0m[33mHELPER[0m[39m=[0m[3;92mTrue[0m[39m -e [0m[33mARCHITECTURE[0m[39m=[0m[35mx86_64[0m[39m -v [0m                                   [2m                [0m
[2;36m                    [0m         [35m/home/user/aixcc/crete/packages/python_oss_fuzz/.oss_fuzz/build/out/[0m[95mdav1d[0m[39m:[0m[35m/[0m[95mout[0m[39m -v [0m  [2m                [0m
[2;36m                    [0m         [35m/tmp/[0m[95mtmpx0gjf09k[0m[39m:[0m[35m/[0m[95mtestcase[0m[39m -t ghcr.io/aixcc-finals/base-runner:v1.[0m[1;36m3.0[0m[39m reproduce [0m    [2m                [0m
[2;36m                    [0m         [39mdav1d_fuzzer_mt -[0m[33mruns[0m[39m=[0m[1;36m100[0m[39m.[0m                                                          [2m                [0m
[2;36m                    [0m                                                                                             [2m                [0m
[2;36m                    [0m         [39m===Evaluation [0m[33mReport[0m[39m===[0m                                                             [2m                [0m
[2;36m                    [0m         [39m# Evaluation Report[0m                                                                 [2m                [0m
[2;36m                    [0m                                                                                             [2m                [0m
[2;36m                    [0m         [39m## Summary[0m                                                                          [2m                [0m
[2;36m                    [0m         [39mThe user attempted to run the `dav1d_fuzzer_mt` binary inside a Docker-based [0m       [2m                [0m
[2;36m                    [0m         [39mfuzzing harness. The initial execution failed with a â€œPermission deniedâ€ error when[0m [2m                [0m
[2;36m                    [0m         [39minvoking `[0m[35m/out/[0m[95mdav1d_fuzzer_mt[0m[39m`, resulting in exit status [0m[1;36m126[0m[39m. A patch was proposed[0m [2m                [0m
[2;36m                    [0m         [1;39m([0m[39mno content provided[0m[1;39m)[0m[39m, but when applying it the tooling reported that the patch did[0m [2m                [0m
[2;36m                    [0m         [39mnot apply. The likely issues cited were a missing target file, incorrect patch [0m     [2m                [0m
[2;36m                    [0m         [39mformat, or an attempt to patch generated fuzzer/harness code.[0m                       [2m                [0m
[2;36m                    [0m                                                                                             [2m                [0m
[2;36m                    [0m         [39m## Description[0m                                                                      [2m                [0m
[2;36m                    [0m                                                                                             [2m                [0m
[2;36m                    [0m         [1;36m1[0m[39m. Initial Issue  [0m                                                                  [2m                [0m
[2;36m                    [0m         [39m   - The CI log shows environment setup for libFuzzer [0m[1;39m([0m[39m`[0m[33mFUZZING_ENGINE[0m[39m=[0m[35mlibfuzzer[0m[39m`, [0m [2m                [0m
[2;36m                    [0m         [39m`[0m[33mRUN_FUZZER_MODE[0m[39m=[0m[35minteractive[0m[39m`, `[0m[33mSKIP_SEED_CORPUS[0m[39m=[0m[1;36m1[0m[39m`[0m[1;39m)[0m[39m, followed by a call to [0m        [2m                [0m
[2;36m                    [0m         [39m`run_fuzzer dav1d_fuzzer_mt -[0m[33mruns[0m[39m=[0m[1;36m100[0m[39m [0m[35m/[0m[95mtestcase[0m[39m`.  [0m                                 [2m                [0m
[2;36m                    [0m         [39m   - The fuzzer binary is invoked inside the container as `[0m[35m/out/[0m[95mdav1d_fuzzer_mt[0m[39m [0m    [2m                [0m
[2;36m                    [0m         [39m-[0m[33mrss_limit_mb[0m[39m=[0m[1;36m2560[0m[39m -[0m[33mtimeout[0m[39m=[0m[1;36m25[0m[39m -[0m[33mruns[0m[39m=[0m[1;36m100[0m[39m [0m[35m/[0m[95mtestcase[0m[39m [0m[33m...[0m[39m`.  [0m                          [2m                [0m
[2;36m                    [0m         [39m   - The shell error `bash: [0m[35m/out/[0m[95mdav1d_fuzzer_mt[0m[39m: Permission denied` occurs, [0m       [2m                [0m
[2;36m                    [0m         [39mleading to a non-zero exit [0m[1;39m([0m[39mcode [0m[1;36m126[0m[1;39m)[0m[39m.  [0m                                            [2m                [0m
[2;36m                    [0m         [39m   - The reproduce command wraps this in a Docker run:  [0m                            [2m                [0m
[2;36m                    [0m         [39m     `docker run --privileged â€¦ -v <build-out>:[0m[35m/[0m[95mout[0m[39m -v <testcase>:[0m[35m/[0m[95mtestcase[0m[39m â€¦ [0m      [2m                [0m
[2;36m                    [0m         [39mreproduce dav1d_fuzzer_mt -[0m[33mruns[0m[39m=[0m[1;36m100[0m[39m`[0m                                                [2m                [0m
[2;36m                    [0m                                                                                             [2m                [0m
[2;36m                    [0m         [1;36m2[0m[39m. Important Observations  [0m                                                         [2m                [0m
[2;36m                    [0m         [39m   - The binary exists at `[0m[35m/out/[0m[95mdav1d_fuzzer_mt[0m[39m`, but lacks execute permission.  [0m   [2m                [0m
[2;36m                    [0m         [39m   - The fuzzer harness is invoked with duplicated and conflicting flags [0m           [2m                [0m
[2;36m                    [0m         [1;39m([0m[39m`-rss_limit_mb` and `-timeout` appear twice with different values[0m[1;39m)[0m[39m.  [0m              [2m                [0m
[2;36m                    [0m         [39m   - The container image is `ghcr.io/aixcc-finals/base-runner:v1.[0m[1;36m3.0[0m[39m` on [0m           [2m                [0m
[2;36m                    [0m         [39m`linux/amd64`.  [0m                                                                    [2m                [0m
[2;36m                    [0m         [39m   - The error happens before any code inside the binary executesâ€”this is an [0m       [2m                [0m
[2;36m                    [0m         [39mOS-level permission denial.  [0m                                                       [2m                [0m
[2;36m                    [0m                                                                                             [2m                [0m
[2;36m                    [0m         [1;36m3[0m[39m. Patch Attempt  [0m                                                                  [2m                [0m
[2;36m                    [0m         [39m   - No patch content was supplied; the `<patch_attempt>` block is empty.  [0m         [2m                [0m
[2;36m                    [0m         [39m   - The userâ€™s tooling reports a failure to apply the patch with three possible [0m   [2m                [0m
[2;36m                    [0m         [39mroot causes:  [0m                                                                      [2m                [0m
[2;36m                    [0m         [39m     â€¢ The target file does not exist in the repo.  [0m                                [2m                [0m
[2;36m                    [0m         [39m     â€¢ The user tried to patch a fuzzer or harness file [0m[1;39m([0m[39mthese are regenerated at [0m  [2m                [0m
[2;36m                    [0m         [39mbuild time[0m[1;39m)[0m[39m.  [0m                                                                      [2m                [0m
[2;36m                    [0m         [39m     â€¢ The patch format is incorrect [0m[1;39m([0m[39mdifferences in context or headers[0m[1;39m)[0m[39m.  [0m         [2m                [0m
[2;36m                    [0m                                                                                             [2m                [0m
[2;36m                    [0m         [1;36m4[0m[39m. Log After Applying the Patch  [0m                                                   [2m                [0m
[2;36m                    [0m         [39m   - The only feedback is from the patch command, listing generic reasons for a [0m    [2m                [0m
[2;36m                    [0m         [39mfailure to apply.  [0m                                                                 [2m                [0m
[2;36m                    [0m         [39m   - There is no diff, no hunks applied, and no explicit filenames mentioned in the[0m [2m                [0m
[2;36m                    [0m         [39mpatch result.  [0m                                                                     [2m                [0m
[2;36m                    [0m                                                                                             [2m                [0m
[2;36m                    [0m         [1;36m5[0m[39m. Areas for Further Investigation  [0m                                                [2m                [0m
[2;36m                    [0m         [39m   - File permissions on `[0m[35m/out/[0m[95mdav1d_fuzzer_mt[0m[39m` as produced by the build system [0m    [2m                [0m
[2;36m                    [0m         [1;39m([0m[39me.g., check `chmod` in the Dockerfile or build scripts[0m[1;39m)[0m[39m.  [0m                         [2m                [0m
[2;36m                    [0m         [39m   - The Docker imageâ€™s user and file-system mount options [0m[1;39m([0m[39mUID/GID mapping, mount [0m [2m                [0m
[2;36m                    [0m         [39mflags[0m[1;39m)[0m[39m.  [0m                                                                           [2m                [0m
[2;36m                    [0m         [39m   - Build outputs under `[0m[35m/home/user/.../.oss_fuzz/build/out/[0m[95mdav1d[0m[39m` to confirm the [0m [2m                [0m
[2;36m                    [0m         [39mbinary is present and marked executable.  [0m                                          [2m                [0m
[2;36m                    [0m         [39m   - Fuzzer harness/template files in the OSS-Fuzz repo to ensure no post-build [0m    [2m                [0m
[2;36m                    [0m         [39mstep strips execute bits.  [0m                                                         [2m                [0m
[2;36m                    [0m         [39m   - Invocation logic in `run_fuzzer` and `reproduce` scripts to see if they [0m       [2m                [0m
[2;36m                    [0m         [39minadvertently override permissions or try to patch binary flags.[0m                    [2m                [0m
[2;36m                    [0m                                                                                             [2m                [0m
[2;36m                    [0m         [39m## Initial Issue Log[0m                                                                [2m                [0m
[2;36m                    [0m         [39mHere is the initial issue log of the codebase:[0m                                      [2m                [0m
[2;36m                    [0m         [39m<issue>[0m                                                                             [2m                [0m
[2;36m                    [0m         [39m+ [0m[33mFUZZER[0m[39m=[0m[35mdav1d_fuzzer_mt[0m                                                            [2m                [0m
[2;36m                    [0m         [39m+ shift[0m                                                                             [2m                [0m
[2;36m                    [0m         [39m+ [0m[32m'[0m[32m[[0m[32m'[0m[39m [0m[32m'!'[0m[39m -v TESTCASE [0m[32m'[0m[32m][0m[32m'[0m                                                           [2m                [0m
[2;36m                    [0m         [39m+ [0m[33mTESTCASE[0m[39m=[0m[35m/[0m[95mtestcase[0m                                                                [2m                [0m
[2;36m                    [0m         [39m+ [0m[32m'[0m[32m[[0m[32m'[0m[39m [0m[32m'!'[0m[39m -f [0m[35m/[0m[95mtestcase[0m[39m [0m[32m'[0m[32m][0m[32m'[0m                                                          [2m                [0m
[2;36m                    [0m         [39m+ export [0m[33mRUN_FUZZER_MODE[0m[39m=[0m[35minteractive[0m                                                [2m                [0m
[2;36m                    [0m         [39m+ [0m[33mRUN_FUZZER_MODE[0m[39m=[0m[35minteractive[0m                                                       [2m                [0m
[2;36m                    [0m         [39m+ export [0m[33mFUZZING_ENGINE[0m[39m=[0m[35mlibfuzzer[0m                                                   [2m                [0m
[2;36m                    [0m         [39m+ [0m[33mFUZZING_ENGINE[0m[39m=[0m[35mlibfuzzer[0m                                                          [2m                [0m
[2;36m                    [0m         [39m+ export [0m[33mSKIP_SEED_CORPUS[0m[39m=[0m[1;36m1[0m                                                         [2m                [0m
[2;36m                    [0m         [39m+ [0m[33mSKIP_SEED_CORPUS[0m[39m=[0m[1;36m1[0m                                                                [2m                [0m
[2;36m                    [0m         [39m+ run_fuzzer dav1d_fuzzer_mt -[0m[33mruns[0m[39m=[0m[1;36m100[0m[39m [0m[35m/[0m[95mtestcase[0m                                    [2m                [0m
[2;36m                    [0m         [39mvm.mmap_rnd_bits = [0m[1;36m28[0m                                                               [2m                [0m
[2;36m                    [0m         [35m/out/[0m[95mdav1d_fuzzer_mt[0m[39m -[0m[33mrss_limit_mb[0m[39m=[0m[1;36m2560[0m[39m -[0m[33mtimeout[0m[39m=[0m[1;36m25[0m[39m -[0m[33mruns[0m[39m=[0m[1;36m100[0m[39m [0m[35m/[0m[95mtestcase[0m[39m [0m            [2m                [0m
[2;36m                    [0m         [39m-[0m[33mrss_limit_mb[0m[39m=[0m[1;36m0[0m[39m -[0m[33mruns[0m[39m=[0m[1;36m4[0m[39m -[0m[33mtimeout[0m[39m=[0m[1;36m300[0m[39m -[0m[33mtimeout_exitcode[0m[39m=[0m[1;36m0[0m[39m < [0m[35m/dev/[0m[95mnull[0m                [2m                [0m
[2;36m                    [0m         [39mbash: [0m[35m/out/[0m[95mdav1d_fuzzer_mt[0m[39m: Permission denied[0m                                       [2m                [0m
[2;36m                    [0m         [39msubprocess command returned a non-zero exit status: [0m[1;36m126[0m                             [2m                [0m
[2;36m                    [0m         [39mINFO:__main__:Running: docker run --privileged --shm-[0m[33msize[0m[39m=[0m[35m2g[0m[39m --platform linux/amd64[0m [2m                [0m
[2;36m                    [0m         [39m--rm -i -e [0m[33mHELPER[0m[39m=[0m[3;92mTrue[0m[39m -e [0m[33mARCHITECTURE[0m[39m=[0m[35mx86_64[0m[39m -v [0m                                   [2m                [0m
[2;36m                    [0m         [35m/home/user/aixcc/crete/packages/python_oss_fuzz/.oss_fuzz/build/out/[0m[95mdav1d[0m[39m:[0m[35m/[0m[95mout[0m[39m -v [0m  [2m                [0m
[2;36m                    [0m         [35m/tmp/[0m[95mtmpx0gjf09k[0m[39m:[0m[35m/[0m[95mtestcase[0m[39m -t ghcr.io/aixcc-finals/base-runner:v1.[0m[1;36m3.0[0m[39m reproduce [0m    [2m                [0m
[2;36m                    [0m         [39mdav1d_fuzzer_mt -[0m[33mruns[0m[39m=[0m[1;36m100[0m[39m.[0m                                                          [2m                [0m
[2;36m                    [0m                                                                                             [2m                [0m
[2;36m                    [0m         [39m<[0m[35m/[0m[95missue[0m[39m>[0m                                                                            [2m                [0m
[2;36m                    [0m                                                                                             [2m                [0m
[2;36m                    [0m         [39m## Additional Issue Log[0m                                                             [2m                [0m
[2;36m                    [0m         [39mHere is the additional issue log after the last patch attempt:[0m                      [2m                [0m
[2;36m                    [0m         [39m<additional_issue>[0m                                                                  [2m                [0m
[2;36m                    [0m         [39mThe patch did not apply, here are some possible reasons:[0m                            [2m                [0m
[2;36m                    [0m         [39m- Trying to patch a file that does not exist in the repository.[0m                     [2m                [0m
[2;36m                    [0m         [39m- Trying to patch fuzzer or harness related file. [0m[1;39m([0m[39mThese files are used to test the[0m [2m                [0m
[2;36m                    [0m         [39mvalidity of the patch.[0m[1;39m)[0m                                                             [2m                [0m
[2;36m                    [0m         [39m- Incorrect patch format. [0m[1;39m([0m[39mFocus on the patch formatting instructions.[0m[1;39m)[0m             [2m                [0m
[2;36m                    [0m         [39m<[0m[35m/[0m[95madditional_issue[0m[1m>[0m                                                                 [2m                [0m
[2;36m                    [0m                                                                                             [2m                [0m
[2;36m                    [0m         ## Notes                                                                            [2m                [0m
[2;36m                    [0m         - All patch attempts are applied to the initial codebase. Reapply the the previous  [2m                [0m
[2;36m                    [0m         patches if needed.                                                                  [2m                [0m
[2;36m                    [0m         - If multiple different issues are present, all the issues must be resolved in a    [2m                [0m
[2;36m                    [0m         single patch attempt.                                                               [2m                [0m
[2;36m                    [0m         - Try different approaches to resolve the issues.                                   [2m                [0m
[2;36m                    [0m         ===Analysis [33mReport[0m===                                                               [2m                [0m
[2;36m                    [0m                                                                                             [2m                [0m
[2;36m                    [0m         ===Evaluation [33mEnd[0m===                                                                [2m                [0m
[2;36m[12/13/25 00:09:09][0m[2;36m [0m[34mINFO    [0m Prism Supervisor Routing: TeamStatus.EVALUATE -> TeamStatus.ANALYZE                  ]8;id=243442;file:///home/user/aixcc/crete/packages/crete/framework/agent/services/prism/__init__.py\[2m__init__.py[0m]8;;\[2m:[0m]8;id=482862;file:///home/user/aixcc/crete/packages/crete/framework/agent/services/prism/__init__.py#160\[2m160[0m]8;;\
[2;36m                    [0m         [1m([0mn evals: [1;36m4[0m, patch status: PatchStatus.UNCOMPILABLE[1m)[0m                                 [2m               [0m
[2;36m[12/13/25 00:09:43][0m[2;36m [0m[34mINFO    [0m Prism Supervisor Routing: TeamStatus.ANALYZE -> TeamStatus.[1;33mPATCH[0m                     ]8;id=604826;file:///home/user/aixcc/crete/packages/crete/framework/agent/services/prism/__init__.py\[2m__init__.py[0m]8;;\[2m:[0m]8;id=737417;file:///home/user/aixcc/crete/packages/crete/framework/agent/services/prism/__init__.py#160\[2m160[0m]8;;\
[2;36m                    [0m         [1m([0mn evals: [1;36m4[0m, patch status: PatchStatus.UNCOMPILABLE[1m)[0m                                 [2m               [0m
[2;36m[12/13/25 00:11:59][0m[2;36m [0m[34mINFO    [0m Prism Supervisor Routing: TeamStatus.[1;33mPATCH[0m -> TeamStatus.EVALUATE                    ]8;id=593813;file:///home/user/aixcc/crete/packages/crete/framework/agent/services/prism/__init__.py\[2m__init__.py[0m]8;;\[2m:[0m]8;id=750807;file:///home/user/aixcc/crete/packages/crete/framework/agent/services/prism/__init__.py#160\[2m160[0m]8;;\
[2;36m                    [0m         [1m([0mn evals: [1;36m4[0m, patch status: PatchStatus.UNCOMPILABLE[1m)[0m                                 [2m               [0m
[2;36m                   [0m[2;36m [0m[34mINFO    [0m ===Evaluator [33mResult[0m===                                                              ]8;id=108786;file:///home/user/aixcc/crete/packages/crete/framework/agent/services/prism/teams/evaluation/evaluator.py\[2mevaluator.py[0m]8;;\[2m:[0m]8;id=657081;file:///home/user/aixcc/crete/packages/crete/framework/agent/services/prism/teams/evaluation/evaluator.py#204\[2m204[0m]8;;\
[2;36m                    [0m         PatchStatus.UNCOMPILABLE                                                            [2m                [0m
[2;36m                    [0m         ===Evaluator [33mDiff[0m===                                                                [2m                [0m
[2;36m                    [0m                                                                                             [2m                [0m
[2;36m                    [0m         ===Patch [33mResult[0m===                                                                  [2m                [0m
[2;36m                    [0m         The patch did not apply, here are some possible reasons:                            [2m                [0m
[2;36m                    [0m         - Trying to patch a file that does not exist in the repository.                     [2m                [0m
[2;36m                    [0m         - Trying to patch fuzzer or harness related file. [1m([0mThese files are used to test the [2m                [0m
[2;36m                    [0m         validity of the patch.[1m)[0m                                                             [2m                [0m
[2;36m                    [0m         - Incorrect patch format. [1m([0mFocus on the patch formatting instructions.[1m)[0m             [2m                [0m
[2;36m                    [0m         ===[33mIssue[0m===                                                                         [2m                [0m
[2;36m                    [0m         + [33mFUZZER[0m=[35mdav1d_fuzzer_mt[0m                                                            [2m                [0m
[2;36m                    [0m         + shift                                                                             [2m                [0m
[2;36m                    [0m         + [32m'[0m[32m[[0m[32m'[0m [32m'!'[0m -v TESTCASE [32m'[0m[32m][0m[32m'[0m                                                           [2m                [0m
[2;36m                    [0m         + [33mTESTCASE[0m=[35m/[0m[95mtestcase[0m                                                                [2m                [0m
[2;36m                    [0m         + [32m'[0m[32m[[0m[32m'[0m [32m'!'[0m -f [35m/[0m[95mtestcase[0m [32m'[0m[32m][0m[32m'[0m                                                          [2m                [0m
[2;36m                    [0m         + export [33mRUN_FUZZER_MODE[0m=[35minteractive[0m                                                [2m                [0m
[2;36m                    [0m         + [33mRUN_FUZZER_MODE[0m=[35minteractive[0m                                                       [2m                [0m
[2;36m                    [0m         + export [33mFUZZING_ENGINE[0m=[35mlibfuzzer[0m                                                   [2m                [0m
[2;36m                    [0m         + [33mFUZZING_ENGINE[0m=[35mlibfuzzer[0m                                                          [2m                [0m
[2;36m                    [0m         + export [33mSKIP_SEED_CORPUS[0m=[1;36m1[0m                                                         [2m                [0m
[2;36m                    [0m         + [33mSKIP_SEED_CORPUS[0m=[1;36m1[0m                                                                [2m                [0m
[2;36m                    [0m         + run_fuzzer dav1d_fuzzer_mt -[33mruns[0m=[1;36m100[0m [35m/[0m[95mtestcase[0m                                    [2m                [0m
[2;36m                    [0m         vm.mmap_rnd_bits = [1;36m28[0m                                                               [2m                [0m
[2;36m                    [0m         [35m/out/[0m[95mdav1d_fuzzer_mt[0m -[33mrss_limit_mb[0m=[1;36m2560[0m -[33mtimeout[0m=[1;36m25[0m -[33mruns[0m=[1;36m100[0m [35m/[0m[95mtestcase[0m             [2m                [0m
[2;36m                    [0m         -[33mrss_limit_mb[0m=[1;36m0[0m -[33mruns[0m=[1;36m4[0m -[33mtimeout[0m=[1;36m300[0m -[33mtimeout_exitcode[0m=[1;36m0[0m [1m<[0m[39m [0m[35m/dev/[0m[95mnull[0m                [2m                [0m
[2;36m                    [0m         [39mbash: [0m[35m/out/[0m[95mdav1d_fuzzer_mt[0m[39m: Permission denied[0m                                       [2m                [0m
[2;36m                    [0m         [39msubprocess command returned a non-zero exit status: [0m[1;36m126[0m                             [2m                [0m
[2;36m                    [0m         [39mINFO:__main__:Running: docker run --privileged --shm-[0m[33msize[0m[39m=[0m[35m2g[0m[39m --platform linux/amd64[0m [2m                [0m
[2;36m                    [0m         [39m--rm -i -e [0m[33mHELPER[0m[39m=[0m[3;92mTrue[0m[39m -e [0m[33mARCHITECTURE[0m[39m=[0m[35mx86_64[0m[39m -v [0m                                   [2m                [0m
[2;36m                    [0m         [35m/home/user/aixcc/crete/packages/python_oss_fuzz/.oss_fuzz/build/out/[0m[95mdav1d[0m[39m:[0m[35m/[0m[95mout[0m[39m -v [0m  [2m                [0m
[2;36m                    [0m         [35m/tmp/[0m[95mtmpx0gjf09k[0m[39m:[0m[35m/[0m[95mtestcase[0m[39m -t ghcr.io/aixcc-finals/base-runner:v1.[0m[1;36m3.0[0m[39m reproduce [0m    [2m                [0m
[2;36m                    [0m         [39mdav1d_fuzzer_mt -[0m[33mruns[0m[39m=[0m[1;36m100[0m[39m.[0m                                                          [2m                [0m
[2;36m                    [0m                                                                                             [2m                [0m
[2;36m                    [0m         [39m===Evaluation [0m[33mReport[0m[39m===[0m                                                             [2m                [0m
[2;36m                    [0m         [39m# Evaluation Report[0m                                                                 [2m                [0m
[2;36m                    [0m                                                                                             [2m                [0m
[2;36m                    [0m         [39m## Summary  [0m                                                                        [2m                [0m
[2;36m                    [0m         [39mThe user attempted to run the `dav1d_fuzzer_mt` binary inside an OSS-Fuzzâ€style [0m    [2m                [0m
[2;36m                    [0m         [39mrunner container. The fuzzer invocation set environment variables [0m                  [2m                [0m
[2;36m                    [0m         [1;39m([0m[39m`[0m[33mRUN_FUZZER_MODE[0m[39m=[0m[35minteractive[0m[39m`, `[0m[33mFUZZING_ENGINE[0m[39m=[0m[35mlibfuzzer[0m[39m`, `[0m[33mSKIP_SEED_CORPUS[0m[39m=[0m[1;36m1[0m[39m`[0m[1;39m)[0m[39m [0m  [2m                [0m
[2;36m                    [0m         [39mand called `run_fuzzer dav1d_fuzzer_mt -[0m[33mruns[0m[39m=[0m[1;36m100[0m[39m [0m[35m/[0m[95mtestcase[0m[39m`. The container log [0m     [2m                [0m
[2;36m                    [0m         [39mreports a â€œPermission deniedâ€ error when executing `[0m[35m/out/[0m[95mdav1d_fuzzer_mt[0m[39m`, causing [0m [2m                [0m
[2;36m                    [0m         [39ma non-zero exit [0m[1;39m([0m[39mstatus [0m[1;36m126[0m[1;39m)[0m[39m. A patch attempt was provided but was empty. Applying [0m [2m                [0m
[2;36m                    [0m         [39mthe patch failed with generic messages indicating either missing target files, [0m     [2m                [0m
[2;36m                    [0m         [39mincorrect patch format, or involvement of fuzzer/harness files.[0m                     [2m                [0m
[2;36m                    [0m                                                                                             [2m                [0m
[2;36m                    [0m         [39m## Description  [0m                                                                    [2m                [0m
[2;36m                    [0m         [1;36m1[0m[39m. Initial Issue  [0m                                                                  [2m                [0m
[2;36m                    [0m         [39m   - The fuzzer runner script exports several environment variables and invokes the[0m [2m                [0m
[2;36m                    [0m         [39mfuzzer binary located at `[0m[35m/out/[0m[95mdav1d_fuzzer_mt[0m[39m` with flags including `-[0m[33mruns[0m[39m=[0m[1;36m100[0m[39m` [0m   [2m                [0m
[2;36m                    [0m         [39mand a testcase path.  [0m                                                              [2m                [0m
[2;36m                    [0m         [39m   - The container log shows:  [0m                                                     [2m                [0m
[2;36m                    [0m         [39m     â€¢ `bash: [0m[35m/out/[0m[95mdav1d_fuzzer_mt[0m[39m: Permission denied`  [0m                            [2m                [0m
[2;36m                    [0m         [39m     â€¢ `subprocess command returned a non-zero exit status: [0m[1;36m126[0m[39m`  [0m                  [2m                [0m
[2;36m                    [0m         [39m   - The runner invocation line [0m[1;39m([0m[39mfrom the OSS-Fuzz base-runner[0m[1;39m)[0m[39m confirms the [0m       [2m                [0m
[2;36m                    [0m         [39mcommand and mounting of the `[0m[35m/[0m[95mout[0m[39m` directory containing the fuzzer binary.[0m          [2m                [0m
[2;36m                    [0m                                                                                             [2m                [0m
[2;36m                    [0m         [1;36m2[0m[39m. Important Observations  [0m                                                         [2m                [0m
[2;36m                    [0m         [39m   - The fuzzer binary exists under `[0m[35m/[0m[95mout[0m[39m` but lacks execute permission for the [0m    [2m                [0m
[2;36m                    [0m         [39mrunner process.  [0m                                                                   [2m                [0m
[2;36m                    [0m         [39m   - The runner is invoked with `--privileged` and `--platform linux/amd64`, [0m       [2m                [0m
[2;36m                    [0m         [39mindicating the container should have sufficient capability to run executables.  [0m    [2m                [0m
[2;36m                    [0m         [39m   - No runtime errors from the fuzzer code itself are loggedâ€”failure occurs at the[0m [2m                [0m
[2;36m                    [0m         [39mshell level before fuzzer initialization.[0m                                           [2m                [0m
[2;36m                    [0m                                                                                             [2m                [0m
[2;36m                    [0m         [1;36m3[0m[39m. Patch Attempt  [0m                                                                  [2m                [0m
[2;36m                    [0m         [39m   - The `<patch_attempt>` section was empty, indicating either no patch content [0m   [2m                [0m
[2;36m                    [0m         [39mwas provided or patch content was omitted.  [0m                                        [2m                [0m
[2;36m                    [0m         [39m   - The `<patch_result>` indicates failure to apply, with possible reasons:  [0m      [2m                [0m
[2;36m                    [0m         [39m     â€¢ Target files do not exist in the repository.  [0m                               [2m                [0m
[2;36m                    [0m         [39m     â€¢ The patch attempted to modify fuzzer or harness files [0m[1;39m([0m[39mwhich are excluded[0m[1;39m)[0m[39m. [0m [2m                [0m
[2;36m                    [0m         [39m     â€¢ The patch format did not meet expected diff formatting.[0m                      [2m                [0m
[2;36m                    [0m                                                                                             [2m                [0m
[2;36m                    [0m         [1;36m4[0m[39m. Log After Patch Application  [0m                                                    [2m                [0m
[2;36m                    [0m         [39m   - The system reported only that the patch did not apply, listing the three [0m      [2m                [0m
[2;36m                    [0m         [39mhigh-level failure reasons above.  [0m                                                 [2m                [0m
[2;36m                    [0m         [39m   - No file names or hunks were shown, so it is unclear what the intended [0m         [2m                [0m
[2;36m                    [0m         [39mmodifications were.[0m                                                                 [2m                [0m
[2;36m                    [0m                                                                                             [2m                [0m
[2;36m                    [0m         [1;36m5[0m[39m. Areas for Further Investigation  [0m                                                [2m                [0m
[2;36m                    [0m         [39m   - File system permissions on the `[0m[35m/[0m[95mout[0m[39m` directory and the `dav1d_fuzzer_mt` [0m     [2m                [0m
[2;36m                    [0m         [39mbinary.  [0m                                                                           [2m                [0m
[2;36m                    [0m         [39m   - Docker image setup steps that produce the binary and set its permissions.  [0m    [2m                [0m
[2;36m                    [0m         [39m   - The build scripts or Dockerfile that install or copy `dav1d_fuzzer_mt` into [0m   [2m                [0m
[2;36m                    [0m         [39mthe output directory.  [0m                                                             [2m                [0m
[2;36m                    [0m         [39m   - The harness and runner scripts [0m[1;39m([0m[39m`run_fuzzer`, entrypoint[0m[1;39m)[0m[39m to ensure they call [0m [2m                [0m
[2;36m                    [0m         [39mexecutables with correct modes.  [0m                                                   [2m                [0m
[2;36m                    [0m         [39m   - Repository structure to locate where `dav1d_fuzzer_mt` is built and verify [0m    [2m                [0m
[2;36m                    [0m         [39mexecutable bits are retained.[0m                                                       [2m                [0m
[2;36m                    [0m                                                                                             [2m                [0m
[2;36m                    [0m         [39m## Initial Issue Log[0m                                                                [2m                [0m
[2;36m                    [0m         [39mHere is the initial issue log of the codebase:[0m                                      [2m                [0m
[2;36m                    [0m         [39m<issue>[0m                                                                             [2m                [0m
[2;36m                    [0m         [39m+ [0m[33mFUZZER[0m[39m=[0m[35mdav1d_fuzzer_mt[0m                                                            [2m                [0m
[2;36m                    [0m         [39m+ shift[0m                                                                             [2m                [0m
[2;36m                    [0m         [39m+ [0m[32m'[0m[32m[[0m[32m'[0m[39m [0m[32m'!'[0m[39m -v TESTCASE [0m[32m'[0m[32m][0m[32m'[0m                                                           [2m                [0m
[2;36m                    [0m         [39m+ [0m[33mTESTCASE[0m[39m=[0m[35m/[0m[95mtestcase[0m                                                                [2m                [0m
[2;36m                    [0m         [39m+ [0m[32m'[0m[32m[[0m[32m'[0m[39m [0m[32m'!'[0m[39m -f [0m[35m/[0m[95mtestcase[0m[39m [0m[32m'[0m[32m][0m[32m'[0m                                                          [2m                [0m
[2;36m                    [0m         [39m+ export [0m[33mRUN_FUZZER_MODE[0m[39m=[0m[35minteractive[0m                                                [2m                [0m
[2;36m                    [0m         [39m+ [0m[33mRUN_FUZZER_MODE[0m[39m=[0m[35minteractive[0m                                                       [2m                [0m
[2;36m                    [0m         [39m+ export [0m[33mFUZZING_ENGINE[0m[39m=[0m[35mlibfuzzer[0m                                                   [2m                [0m
[2;36m                    [0m         [39m+ [0m[33mFUZZING_ENGINE[0m[39m=[0m[35mlibfuzzer[0m                                                          [2m                [0m
[2;36m                    [0m         [39m+ export [0m[33mSKIP_SEED_CORPUS[0m[39m=[0m[1;36m1[0m                                                         [2m                [0m
[2;36m                    [0m         [39m+ [0m[33mSKIP_SEED_CORPUS[0m[39m=[0m[1;36m1[0m                                                                [2m                [0m
[2;36m                    [0m         [39m+ run_fuzzer dav1d_fuzzer_mt -[0m[33mruns[0m[39m=[0m[1;36m100[0m[39m [0m[35m/[0m[95mtestcase[0m                                    [2m                [0m
[2;36m                    [0m         [39mvm.mmap_rnd_bits = [0m[1;36m28[0m                                                               [2m                [0m
[2;36m                    [0m         [35m/out/[0m[95mdav1d_fuzzer_mt[0m[39m -[0m[33mrss_limit_mb[0m[39m=[0m[1;36m2560[0m[39m -[0m[33mtimeout[0m[39m=[0m[1;36m25[0m[39m -[0m[33mruns[0m[39m=[0m[1;36m100[0m[39m [0m[35m/[0m[95mtestcase[0m[39m [0m            [2m                [0m
[2;36m                    [0m         [39m-[0m[33mrss_limit_mb[0m[39m=[0m[1;36m0[0m[39m -[0m[33mruns[0m[39m=[0m[1;36m4[0m[39m -[0m[33mtimeout[0m[39m=[0m[1;36m300[0m[39m -[0m[33mtimeout_exitcode[0m[39m=[0m[1;36m0[0m[39m < [0m[35m/dev/[0m[95mnull[0m                [2m                [0m
[2;36m                    [0m         [39mbash: [0m[35m/out/[0m[95mdav1d_fuzzer_mt[0m[39m: Permission denied[0m                                       [2m                [0m
[2;36m                    [0m         [39msubprocess command returned a non-zero exit status: [0m[1;36m126[0m                             [2m                [0m
[2;36m                    [0m         [39mINFO:__main__:Running: docker run --privileged --shm-[0m[33msize[0m[39m=[0m[35m2g[0m[39m --platform linux/amd64[0m [2m                [0m
[2;36m                    [0m         [39m--rm -i -e [0m[33mHELPER[0m[39m=[0m[3;92mTrue[0m[39m -e [0m[33mARCHITECTURE[0m[39m=[0m[35mx86_64[0m[39m -v [0m                                   [2m                [0m
[2;36m                    [0m         [35m/home/user/aixcc/crete/packages/python_oss_fuzz/.oss_fuzz/build/out/[0m[95mdav1d[0m[39m:[0m[35m/[0m[95mout[0m[39m -v [0m  [2m                [0m
[2;36m                    [0m         [35m/tmp/[0m[95mtmpx0gjf09k[0m[39m:[0m[35m/[0m[95mtestcase[0m[39m -t ghcr.io/aixcc-finals/base-runner:v1.[0m[1;36m3.0[0m[39m reproduce [0m    [2m                [0m
[2;36m                    [0m         [39mdav1d_fuzzer_mt -[0m[33mruns[0m[39m=[0m[1;36m100[0m[39m.[0m                                                          [2m                [0m
[2;36m                    [0m                                                                                             [2m                [0m
[2;36m                    [0m         [39m<[0m[35m/[0m[95missue[0m[39m>[0m                                                                            [2m                [0m
[2;36m                    [0m                                                                                             [2m                [0m
[2;36m                    [0m         [39m## Additional Issue Log[0m                                                             [2m                [0m
[2;36m                    [0m         [39mHere is the additional issue log after the last patch attempt:[0m                      [2m                [0m
[2;36m                    [0m         [39m<additional_issue>[0m                                                                  [2m                [0m
[2;36m                    [0m         [39mThe patch did not apply, here are some possible reasons:[0m                            [2m                [0m
[2;36m                    [0m         [39m- Trying to patch a file that does not exist in the repository.[0m                     [2m                [0m
[2;36m                    [0m         [39m- Trying to patch fuzzer or harness related file. [0m[1;39m([0m[39mThese files are used to test the[0m [2m                [0m
[2;36m                    [0m         [39mvalidity of the patch.[0m[1;39m)[0m                                                             [2m                [0m
[2;36m                    [0m         [39m- Incorrect patch format. [0m[1;39m([0m[39mFocus on the patch formatting instructions.[0m[1;39m)[0m             [2m                [0m
[2;36m                    [0m         [39m<[0m[35m/[0m[95madditional_issue[0m[1m>[0m                                                                 [2m                [0m
[2;36m                    [0m                                                                                             [2m                [0m
[2;36m                    [0m         ## Notes                                                                            [2m                [0m
[2;36m                    [0m         - All patch attempts are applied to the initial codebase. Reapply the the previous  [2m                [0m
[2;36m                    [0m         patches if needed.                                                                  [2m                [0m
[2;36m                    [0m         - If multiple different issues are present, all the issues must be resolved in a    [2m                [0m
[2;36m                    [0m         single patch attempt.                                                               [2m                [0m
[2;36m                    [0m         - Try different approaches to resolve the issues.                                   [2m                [0m
[2;36m                    [0m         ===Analysis [33mReport[0m===                                                               [2m                [0m
[2;36m                    [0m                                                                                             [2m                [0m
[2;36m                    [0m         ===Evaluation [33mEnd[0m===                                                                [2m                [0m
[2;36m[12/13/25 00:12:05][0m[2;36m [0m[34mINFO    [0m Prism Supervisor Routing: TeamStatus.EVALUATE -> TeamStatus.ANALYZE                  ]8;id=820521;file:///home/user/aixcc/crete/packages/crete/framework/agent/services/prism/__init__.py\[2m__init__.py[0m]8;;\[2m:[0m]8;id=623044;file:///home/user/aixcc/crete/packages/crete/framework/agent/services/prism/__init__.py#160\[2m160[0m]8;;\
[2;36m                    [0m         [1m([0mn evals: [1;36m5[0m, patch status: PatchStatus.UNCOMPILABLE[1m)[0m                                 [2m               [0m
[2;36m[12/13/25 00:13:22][0m[2;36m [0m[34mINFO    [0m Prism Supervisor Routing: TeamStatus.ANALYZE -> TeamStatus.[1;33mPATCH[0m                     ]8;id=972928;file:///home/user/aixcc/crete/packages/crete/framework/agent/services/prism/__init__.py\[2m__init__.py[0m]8;;\[2m:[0m]8;id=543079;file:///home/user/aixcc/crete/packages/crete/framework/agent/services/prism/__init__.py#160\[2m160[0m]8;;\
[2;36m                    [0m         [1m([0mn evals: [1;36m5[0m, patch status: PatchStatus.UNCOMPILABLE[1m)[0m                                 [2m               [0m
[2;36m[12/13/25 00:16:11][0m[2;36m [0m[34mINFO    [0m Prism Supervisor Routing: TeamStatus.[1;33mPATCH[0m -> TeamStatus.EVALUATE                    ]8;id=397341;file:///home/user/aixcc/crete/packages/crete/framework/agent/services/prism/__init__.py\[2m__init__.py[0m]8;;\[2m:[0m]8;id=923428;file:///home/user/aixcc/crete/packages/crete/framework/agent/services/prism/__init__.py#160\[2m160[0m]8;;\
[2;36m                    [0m         [1m([0mn evals: [1;36m5[0m, patch status: PatchStatus.UNCOMPILABLE[1m)[0m                                 [2m               [0m
[2;36m                   [0m[2;36m [0m[34mINFO    [0m [1m[[0mlogging_performance[1m][0m[1m([0mdav1d Setting owner[1m)[0m Started[33m...[0m                          ]8;id=832104;file:///home/user/aixcc/crete/packages/crete/commons/logging/context_managers.py\[2mcontext_managers.py[0m]8;;\[2m:[0m]8;id=194934;file:///home/user/aixcc/crete/packages/crete/commons/logging/context_managers.py#9\[2m9[0m]8;;\
[2;36m[12/13/25 00:16:12][0m[2;36m [0m[34mINFO    [0m [1m[[0mlogging_performance[1m][0m[1m([0mdav1d Setting owner[1m)[0m Took [1;36m0.49[0m seconds; [33mexception[0m=[3;91mFalse[0m ]8;id=646224;file:///home/user/aixcc/crete/packages/crete/commons/logging/context_managers.py\[2mcontext_managers.py[0m]8;;\[2m:[0m]8;id=835367;file:///home/user/aixcc/crete/packages/crete/commons/logging/context_managers.py#23\[2m23[0m]8;;\
[2;36m                   [0m[2;36m [0m[34mINFO    [0m [1m[[0mlogging_performance[1m][0m[1m([0mdav1d Patching[1m)[0m Started[33m...[0m                               ]8;id=126796;file:///home/user/aixcc/crete/packages/crete/commons/logging/context_managers.py\[2mcontext_managers.py[0m]8;;\[2m:[0m]8;id=706973;file:///home/user/aixcc/crete/packages/crete/commons/logging/context_managers.py#9\[2m9[0m]8;;\
[2;36m                   [0m[2;36m [0m[34mINFO    [0m Checking valid diff: [35m/tmp/[0m[95mtmpt6n8gbv9[0m                                                 ]8;id=230139;file:///home/user/aixcc/crete/packages/crete/framework/environment/services/oss_fuzz/default.py\[2mdefault.py[0m]8;;\[2m:[0m]8;id=268481;file:///home/user/aixcc/crete/packages/crete/framework/environment/services/oss_fuzz/default.py#173\[2m173[0m]8;;\
[2;36m                   [0m[2;36m [0m[33mWARNING [0m [35m/home/user/aixcc/crete/.cache/official-afc-dav1d/[0m[95mmeson.build[0m is not a valid         ]8;id=683277;file:///home/user/aixcc/crete/packages/crete/framework/environment/functions.py\[2mfunctions.py[0m]8;;\[2m:[0m]8;id=702979;file:///home/user/aixcc/crete/packages/crete/framework/environment/functions.py#179\[2m179[0m]8;;\
[2;36m                    [0m         language file                                                                       [2m                [0m
[2;36m                   [0m[2;36m [0m[1;31mERROR   [0m Failed to apply the patch                                                             ]8;id=512866;file:///home/user/aixcc/crete/packages/crete/framework/evaluator/services/default/__init__.py\[2m__init__.py[0m]8;;\[2m:[0m]8;id=63553;file:///home/user/aixcc/crete/packages/crete/framework/evaluator/services/default/__init__.py#46\[2m46[0m]8;;\
[2;36m                    [0m         [31mâ•­â”€[0m[31mâ”€â”€â”€â”€â”€â”€â”€â”€â”€â”€â”€â”€â”€â”€â”€â”€â”€â”€â”€â”€â”€â”€â”€[0m[31m [0m[1;31mTraceback [0m[1;2;31m(most recent call last)[0m[31m [0m[31mâ”€â”€â”€â”€â”€â”€â”€â”€â”€â”€â”€â”€â”€â”€â”€â”€â”€â”€â”€â”€â”€â”€â”€[0m[31mâ”€â•®[0m [2m              [0m
[2;36m                    [0m         [31mâ”‚[0m [2m/home/user/aixcc/crete/packages/crete/framework/evaluator/services/default/[0m[1m__init[0m [31mâ”‚[0m [2m              [0m
[2;36m                    [0m         [31mâ”‚[0m [1m__.py[0m:43 in _evaluate_internal                                                    [31mâ”‚[0m [2m              [0m
[2;36m                    [0m         [31mâ”‚[0m                                                                                   [31mâ”‚[0m [2m              [0m
[2;36m                    [0m         [31mâ”‚[0m   [2m 40 [0m[2mâ”‚   â”‚   [0m                                                                    [31mâ”‚[0m [2m              [0m
[2;36m                    [0m         [31mâ”‚[0m   [2m 41 [0m[2mâ”‚   â”‚   [0m[94mwith[0m logging_performance(context, header=[33m"[0m[33mPatching[0m[33m"[0m):               [31mâ”‚[0m [2m              [0m
[2;36m                    [0m         [31mâ”‚[0m   [2m 42 [0m[2mâ”‚   â”‚   â”‚   [0m[94mtry[0m:                                                            [31mâ”‚[0m [2m              [0m
[2;36m                    [0m         [31mâ”‚[0m [31mâ± [0m 43 [2mâ”‚   â”‚   â”‚   â”‚   [0menvironment.patch(context, diff)                            [31mâ”‚[0m [2m              [0m
[2;36m                    [0m         [31mâ”‚[0m   [2m 44 [0m[2mâ”‚   â”‚   â”‚   [0m                                                                [31mâ”‚[0m [2m              [0m
[2;36m                    [0m         [31mâ”‚[0m   [2m 45 [0m[2mâ”‚   â”‚   â”‚   [0m[94mexcept[0m ChallengeWrongPatchError [94mas[0m e:                           [31mâ”‚[0m [2m              [0m
[2;36m                    [0m         [31mâ”‚[0m   [2m 46 [0m[2mâ”‚   â”‚   â”‚   â”‚   [0m[1;4mcontext[[0m[1;4;33m"[0m[1;4;33mlogger[0m[1;4;33m"[0m[1;4m].exception([0m[1;4;33m"[0m[1;4;33mFailed to apply the patch[0m[1;4;33m"[0m[1;4m)[0m    [31mâ”‚[0m [2m              [0m
[2;36m                    [0m         [31mâ”‚[0m                                                                                   [31mâ”‚[0m [2m              [0m
[2;36m                    [0m         [31mâ”‚[0m [2m/home/user/aixcc/crete/packages/crete/framework/environment/services/oss_fuzz/[0m[1mcac[0m [31mâ”‚[0m [2m              [0m
[2;36m                    [0m         [31mâ”‚[0m [1mhed.py[0m:39 in patch                                                                [31mâ”‚[0m [2m              [0m
[2;36m                    [0m         [31mâ”‚[0m                                                                                   [31mâ”‚[0m [2m              [0m
[2;36m                    [0m         [31mâ”‚[0m   [2m 36 [0m[2mâ”‚   â”‚   [0mpatch: Path | [96mbytes[0m,                                                [31mâ”‚[0m [2m              [0m
[2;36m                    [0m         [31mâ”‚[0m   [2m 37 [0m[2mâ”‚   â”‚   [0menv: [96mdict[0m[[96mstr[0m, [96mstr[0m] = {},                                           [31mâ”‚[0m [2m              [0m
[2;36m                    [0m         [31mâ”‚[0m   [2m 38 [0m[2mâ”‚   [0m) -> [96mtuple[0m[[96mstr[0m, [96mstr[0m]:                                                   [31mâ”‚[0m [2m              [0m
[2;36m                    [0m         [31mâ”‚[0m [31mâ± [0m 39 [2mâ”‚   â”‚   [0m[94mreturn[0m [1;4;96mself[0m[1;4m.environment.patch(context, patch, [0m[1;4;96mself[0m[1;4m._add_cache_to_en[0m [31mâ”‚[0m [2m              [0m
[2;36m                    [0m         [31mâ”‚[0m   [2m 40 [0m[2mâ”‚   [0m                                                                        [31mâ”‚[0m [2m              [0m
[2;36m                    [0m         [31mâ”‚[0m   [2m 41 [0m[2mâ”‚   [0m[94mdef[0m[90m [0m[92mcheck_build[0m([96mself[0m, context: EnvironmentContext) -> [96mtuple[0m[[96mstr[0m, [96mstr[0m]:  [31mâ”‚[0m [2m              [0m
[2;36m                    [0m         [31mâ”‚[0m   [2m 42 [0m[2mâ”‚   â”‚   [0m[94mreturn[0m [96mself[0m.environment.check_build(context)                        [31mâ”‚[0m [2m              [0m
[2;36m                    [0m         [31mâ”‚[0m                                                                                   [31mâ”‚[0m [2m              [0m
[2;36m                    [0m         [31mâ”‚[0m [2m/home/user/aixcc/crete/packages/crete/framework/environment/services/oss_fuzz/[0m[1mdef[0m [31mâ”‚[0m [2m              [0m
[2;36m                    [0m         [31mâ”‚[0m [1mault.py[0m:163 in patch                                                              [31mâ”‚[0m [2m              [0m
[2;36m                    [0m         [31mâ”‚[0m                                                                                   [31mâ”‚[0m [2m              [0m
[2;36m                    [0m         [31mâ”‚[0m   [2m160 [0m[2mâ”‚   â”‚   â”‚   â”‚   â”‚   [0mf.write(patch)                                          [31mâ”‚[0m [2m              [0m
[2;36m                    [0m         [31mâ”‚[0m   [2m161 [0m[2mâ”‚   â”‚   â”‚   â”‚   â”‚   [0mf.flush()                                               [31mâ”‚[0m [2m              [0m
[2;36m                    [0m         [31mâ”‚[0m   [2m162 [0m[2mâ”‚   â”‚   â”‚   â”‚   â”‚   [0m                                                        [31mâ”‚[0m [2m              [0m
[2;36m                    [0m         [31mâ”‚[0m [31mâ± [0m163 [2mâ”‚   â”‚   â”‚   â”‚   â”‚   [0m[94mreturn[0m [1;4;96mself[0m[1;4m._patch_internal(context, Path(f.name), env)[0m [31mâ”‚[0m [2m              [0m
[2;36m                    [0m         [31mâ”‚[0m   [2m164 [0m[2mâ”‚   [0m                                                                        [31mâ”‚[0m [2m              [0m
[2;36m                    [0m         [31mâ”‚[0m   [2m165 [0m[2mâ”‚   [0m[94mdef[0m[90m [0m[92m_patch_internal[0m(                                                    [31mâ”‚[0m [2m              [0m
[2;36m                    [0m         [31mâ”‚[0m   [2m166 [0m[2mâ”‚   â”‚   [0m[96mself[0m,                                                               [31mâ”‚[0m [2m              [0m
[2;36m                    [0m         [31mâ”‚[0m                                                                                   [31mâ”‚[0m [2m              [0m
[2;36m                    [0m         [31mâ”‚[0m [2m/home/user/aixcc/crete/packages/crete/framework/environment/services/oss_fuzz/[0m[1mdef[0m [31mâ”‚[0m [2m              [0m
[2;36m                    [0m         [31mâ”‚[0m [1mault.py[0m:182 in _patch_internal                                                    [31mâ”‚[0m [2m              [0m
[2;36m                    [0m         [31mâ”‚[0m                                                                                   [31mâ”‚[0m [2m              [0m
[2;36m                    [0m         [31mâ”‚[0m   [2m179 [0m[2mâ”‚   â”‚   â”‚   â”‚   [0m).language,                                                 [31mâ”‚[0m [2m              [0m
[2;36m                    [0m         [31mâ”‚[0m   [2m180 [0m[2mâ”‚   â”‚   â”‚   [0m)                                                               [31mâ”‚[0m [2m              [0m
[2;36m                    [0m         [31mâ”‚[0m   [2m181 [0m[2mâ”‚   â”‚   [0m[94mexcept[0m ChallengeWrongPatchError [94mas[0m e:                               [31mâ”‚[0m [2m              [0m
[2;36m                    [0m         [31mâ”‚[0m [31mâ± [0m182 [2mâ”‚   â”‚   â”‚   [0m[1;4;94mraise[0m[1;4m e[0m                                                         [31mâ”‚[0m [2m              [0m
[2;36m                    [0m         [31mâ”‚[0m   [2m183 [0m[2mâ”‚   â”‚   [0m[94mexcept[0m [96mException[0m:                                                   [31mâ”‚[0m [2m              [0m
[2;36m                    [0m         [31mâ”‚[0m   [2m184 [0m[2mâ”‚   â”‚   â”‚   [0m_logger.warning(                                                [31mâ”‚[0m [2m              [0m
[2;36m                    [0m         [31mâ”‚[0m   [2m185 [0m[2mâ”‚   â”‚   â”‚   â”‚   [0m[33mf[0m[33m"[0m[33mUnknown error while checking valid diff. Ignoring: [0m[33m{[0mpatch [31mâ”‚[0m [2m              [0m
[2;36m                    [0m         [31mâ”‚[0m                                                                                   [31mâ”‚[0m [2m              [0m
[2;36m                    [0m         [31mâ”‚[0m [2m/home/user/aixcc/crete/packages/crete/framework/environment/services/oss_fuzz/[0m[1mdef[0m [31mâ”‚[0m [2m              [0m
[2;36m                    [0m         [31mâ”‚[0m [1mault.py[0m:174 in _patch_internal                                                    [31mâ”‚[0m [2m              [0m
[2;36m                    [0m         [31mâ”‚[0m                                                                                   [31mâ”‚[0m [2m              [0m
[2;36m                    [0m         [31mâ”‚[0m   [2m171 [0m[2mâ”‚   â”‚   [0m[2m# NOTE: This assumes that the environment is already restored[0m       [31mâ”‚[0m [2m              [0m
[2;36m                    [0m         [31mâ”‚[0m   [2m172 [0m[2mâ”‚   â”‚   [0m[94mtry[0m:                                                                [31mâ”‚[0m [2m              [0m
[2;36m                    [0m         [31mâ”‚[0m   [2m173 [0m[2mâ”‚   â”‚   â”‚   [0m_logger.info([33mf[0m[33m"[0m[33mChecking valid diff: [0m[33m{[0mpatch_file[33m}[0m[33m"[0m)              [31mâ”‚[0m [2m              [0m
[2;36m                    [0m         [31mâ”‚[0m [31mâ± [0m174 [2mâ”‚   â”‚   â”‚   [0mcheck_valid_diff(                                               [31mâ”‚[0m [2m              [0m
[2;36m                    [0m         [31mâ”‚[0m   [2m175 [0m[2mâ”‚   â”‚   â”‚   â”‚   [0mpatch_file.read_text(),                                     [31mâ”‚[0m [2m              [0m
[2;36m                    [0m         [31mâ”‚[0m   [2m176 [0m[2mâ”‚   â”‚   â”‚   â”‚   [0m[96mself[0m.pool.source_directory,                                 [31mâ”‚[0m [2m              [0m
[2;36m                    [0m         [31mâ”‚[0m   [2m177 [0m[2mâ”‚   â”‚   â”‚   â”‚   [0mAIxCCChallengeProjectYaml.from_project_name(                [31mâ”‚[0m [2m              [0m
[2;36m                    [0m         [31mâ”‚[0m                                                                                   [31mâ”‚[0m [2m              [0m
[2;36m                    [0m         [31mâ”‚[0m [2m/home/user/aixcc/crete/packages/crete/framework/environment/[0m[1mfunctions.py[0m:180 in   [31mâ”‚[0m [2m              [0m
[2;36m                    [0m         [31mâ”‚[0m check_valid_diff                                                                  [31mâ”‚[0m [2m              [0m
[2;36m                    [0m         [31mâ”‚[0m                                                                                   [31mâ”‚[0m [2m              [0m
[2;36m                    [0m         [31mâ”‚[0m   [2m177 [0m[2mâ”‚   â”‚   [0m                                                                    [31mâ”‚[0m [2m              [0m
[2;36m                    [0m         [31mâ”‚[0m   [2m178 [0m[2mâ”‚   â”‚   [0m[94mif[0m [95mnot[0m is_valid_language:                                           [31mâ”‚[0m [2m              [0m
[2;36m                    [0m         [31mâ”‚[0m   [2m179 [0m[2mâ”‚   â”‚   â”‚   [0m_logger.warning([33mf[0m[33m"[0m[33m{[0mfile_path[33m}[0m[33m is not a valid language file[0m[33m"[0m)    [31mâ”‚[0m [2m              [0m
[2;36m                    [0m         [31mâ”‚[0m [31mâ± [0m180 [2mâ”‚   â”‚   â”‚   [0m[1;4;94mraise[0m[1;4m ChallengeWrongPatchError([0m                                 [31mâ”‚[0m [2m              [0m
[2;36m                    [0m         [31mâ”‚[0m   [2m181 [0m[2mâ”‚   â”‚   â”‚   â”‚   [0m[1;4mstdout=[0m[1;4;33mb[0m[1;4;33m"[0m[1;4;33m"[0m[1;4m,[0m                                                 [31mâ”‚[0m [2m              [0m
[2;36m                    [0m         [31mâ”‚[0m   [2m182 [0m[2mâ”‚   â”‚   â”‚   â”‚   [0m[1;4mstderr=[0m[1;4;33mf[0m[1;4;33m"[0m[1;4;33mPermission denied: [0m[1;4;33m'[0m[1;4;33m{[0m[1;4mfile_path[0m[1;4;33m}[0m[1;4;33m'[0m[1;4;33m cannot be modifie[0m [31mâ”‚[0m [2m              [0m
[2;36m                    [0m         [31mâ”‚[0m       [1;4;33mis not a valid language file[0m[1;4;33m"[0m[1;4m.encode(),[0m                                     [31mâ”‚[0m [2m              [0m
[2;36m                    [0m         [31mâ”‚[0m   [2m183 [0m[2mâ”‚   â”‚   â”‚   [0m[1;4m)[0m                                                               [31mâ”‚[0m [2m              [0m
[2;36m                    [0m         [31mâ•°â”€â”€â”€â”€â”€â”€â”€â”€â”€â”€â”€â”€â”€â”€â”€â”€â”€â”€â”€â”€â”€â”€â”€â”€â”€â”€â”€â”€â”€â”€â”€â”€â”€â”€â”€â”€â”€â”€â”€â”€â”€â”€â”€â”€â”€â”€â”€â”€â”€â”€â”€â”€â”€â”€â”€â”€â”€â”€â”€â”€â”€â”€â”€â”€â”€â”€â”€â”€â”€â”€â”€â”€â”€â”€â”€â”€â”€â”€â”€â”€â”€â”€â”€â•¯[0m [2m              [0m
[2;36m                    [0m         [1;91mChallengeWrongPatchError: [0mWrong patch:                                                [2m              [0m
[2;36m                    [0m         - Stdout:                                                                             [2m              [0m
[2;36m                    [0m                                                                                               [2m              [0m
[2;36m                    [0m         - Stderr:                                                                             [2m              [0m
[2;36m                    [0m         Permission denied: [32m'/home/user/aixcc/crete/.cache/official-afc-dav1d/meson.build'[0m     [2m              [0m
[2;36m                    [0m         cannot be modified because it is not a valid language file                            [2m              [0m
[2;36m                    [0m                                                                                               [2m              [0m
[2;36m                   [0m[2;36m [0m[34mINFO    [0m [1m[[0mlogging_performance[1m][0m[1m([0mdav1d Patching[1m)[0m Took [1;36m0.31[0m seconds; [33mexception[0m=[3;91mFalse[0m      ]8;id=326625;file:///home/user/aixcc/crete/packages/crete/commons/logging/context_managers.py\[2mcontext_managers.py[0m]8;;\[2m:[0m]8;id=683777;file:///home/user/aixcc/crete/packages/crete/commons/logging/context_managers.py#23\[2m23[0m]8;;\
[2;36m                   [0m[2;36m [0m[34mINFO    [0m [1m[[0mlogging_performance[1m][0m[1m([0mdav1d Setting owner[1m)[0m Started[33m...[0m                          ]8;id=142409;file:///home/user/aixcc/crete/packages/crete/commons/logging/context_managers.py\[2mcontext_managers.py[0m]8;;\[2m:[0m]8;id=248816;file:///home/user/aixcc/crete/packages/crete/commons/logging/context_managers.py#9\[2m9[0m]8;;\
[2;36m[12/13/25 00:16:13][0m[2;36m [0m[34mINFO    [0m [1m[[0mlogging_performance[1m][0m[1m([0mdav1d Setting owner[1m)[0m Took [1;36m0.51[0m seconds; [33mexception[0m=[3;91mFalse[0m ]8;id=998782;file:///home/user/aixcc/crete/packages/crete/commons/logging/context_managers.py\[2mcontext_managers.py[0m]8;;\[2m:[0m]8;id=403622;file:///home/user/aixcc/crete/packages/crete/commons/logging/context_managers.py#23\[2m23[0m]8;;\
[2;36m                   [0m[2;36m [0m[34mINFO    [0m [1m[[0mlogging_performance[1m][0m[1m([0mdav1d Setting owner[1m)[0m Started[33m...[0m                          ]8;id=933105;file:///home/user/aixcc/crete/packages/crete/commons/logging/context_managers.py\[2mcontext_managers.py[0m]8;;\[2m:[0m]8;id=239632;file:///home/user/aixcc/crete/packages/crete/commons/logging/context_managers.py#9\[2m9[0m]8;;\
[2;36m[12/13/25 00:16:14][0m[2;36m [0m[34mINFO    [0m [1m[[0mlogging_performance[1m][0m[1m([0mdav1d Setting owner[1m)[0m Took [1;36m0.48[0m seconds; [33mexception[0m=[3;91mFalse[0m ]8;id=27828;file:///home/user/aixcc/crete/packages/crete/commons/logging/context_managers.py\[2mcontext_managers.py[0m]8;;\[2m:[0m]8;id=972818;file:///home/user/aixcc/crete/packages/crete/commons/logging/context_managers.py#23\[2m23[0m]8;;\
[2;36m                   [0m[2;36m [0m[34mINFO    [0m ===Evaluator [33mResult[0m===                                                              ]8;id=735302;file:///home/user/aixcc/crete/packages/crete/framework/agent/services/prism/teams/evaluation/evaluator.py\[2mevaluator.py[0m]8;;\[2m:[0m]8;id=965066;file:///home/user/aixcc/crete/packages/crete/framework/agent/services/prism/teams/evaluation/evaluator.py#204\[2m204[0m]8;;\
[2;36m                    [0m         PatchStatus.WRONG                                                                   [2m                [0m
[2;36m                    [0m         ===Evaluator [33mDiff[0m===                                                                [2m                [0m
[2;36m                    [0m         --- a/meson.build                                                                   [2m                [0m
[2;36m                    [0m         +++ b/meson.build                                                                   [2m                [0m
[2;36m                    [0m         @@ [1;36m-54[0m,[1;36m9[0m +[1;36m54[0m,[1;36m11[0m @@                                                                  [2m                [0m
[2;36m                    [0m          # Option handling                                                                  [2m                [0m
[2;36m                    [0m          #                                                                                  [2m                [0m
[2;36m                    [0m                                                                                             [2m                [0m
[2;36m                    [0m         -# Bitdepth option                                                                  [2m                [0m
[2;36m                    [0m         -dav1d_bitdepths = [1;35mget_option[0m[1m([0m[32m'bitdepths'[0m[1m)[0m                                          [2m                [0m
[2;36m                    [0m         -foreach bitdepth : [1m[[0m[32m'8'[0m, [32m'16'[0m[1m][0m                                                     [2m                [0m
[2;36m                    [0m         +  build_by_default: true,                                                          [2m                [0m
[2;36m                    [0m         +  dependencies: [1m[[0mthread_dependency[1m][0m,                                               [2m                [0m
[2;36m                    [0m         +  install: true,                                                                   [2m                [0m
[2;36m                    [0m         +  install_mode: [32m'0755'[0m,                                                            [2m                [0m
[2;36m                    [0m         +  kwargs: fuzzer_link_lang                                                         [2m                [0m
[2;36m                    [0m              [1;35mcdata.set10[0m[1m([0m[32m'CONFIG_@0@BPC'[0m[1;35m.format[0m[1m([0mbitdepth[1m)[0m,                                  [2m                [0m
[2;36m                    [0m         [1;35mdav1d_bitdepths.contains[0m[1m([0mbitdepth[1m)[0m[1m)[0m                                                 [2m                [0m
[2;36m                    [0m          endforeach                                                                         [2m                [0m
[2;36m                    [0m                                                                                             [2m                [0m
[2;36m                    [0m         @@ [1;36m-65[0m,[1;36m9[0m +[1;36m67[0m,[1;36m11[0m @@                                                                  [2m                [0m
[2;36m                    [0m              [1m([0m[1;35mhost_machine.cpu_family[0m[1m([0m[1m)[0m == [32m'aarch64'[0m or                                     [2m                [0m
[2;36m                    [0m               [1;35mhost_machine.cpu_family[0m[1m([0m[1m)[0m[1;35m.startswith[0m[1m([0m[32m'arm'[0m[1m)[0m or                                [2m                [0m
[2;36m                    [0m               [1;35mhost_machine.cpu[0m[1m([0m[1m)[0m == [32m'ppc64le'[0m or                                            [2m                [0m
[2;36m                    [0m         -     [1;35mhost_machine.cpu_family[0m[1m([0m[1m)[0m[1;35m.startswith[0m[1m([0m[32m'riscv'[0m[1m)[0m or                              [2m                [0m
[2;36m                    [0m         -     [1;35mhost_machine.cpu_family[0m[1m([0m[1m)[0m[1;35m.startswith[0m[1m([0m[32m'loongarch'[0m[1m)[0m or                          [2m                [0m
[2;36m                    [0m         -     [1;35mhost_machine.cpu_family[0m[1m([0m[1m)[0m == [32m'x86'[0m or                                         [2m                [0m
[2;36m                    [0m         +  build_by_default: true,                                                          [2m                [0m
[2;36m                    [0m         +  dependencies: [1m[[0mthread_dependency[1m][0m,                                               [2m                [0m
[2;36m                    [0m         +  install: true,                                                                   [2m                [0m
[2;36m                    [0m         +  install_mode: [32m'0755'[0m,                                                            [2m                [0m
[2;36m                    [0m         +  kwargs: fuzzer_link_lang                                                         [2m                [0m
[2;36m                    [0m               [1m([0m[1;35mhost_machine.cpu_family[0m[1m([0m[1m)[0m == [32m'x86_64'[0m and [1;35mcc.get_define[0m[1m([0m[32m'__ILP32__'[0m[1m)[0m[1;35m.strip[0m[1m([0m[1m)[0m [2m                [0m
[2;36m                    [0m         == [32m''[0m[1m)[0m[1m)[0m[1m)[0m                                                                            [2m                [0m
[2;36m                    [0m          [1;35mcdata.set10[0m[1m([0m[32m'HAVE_ASM'[0m, is_asm_enabled[1m)[0m                                            [2m                [0m
[2;36m                    [0m                                                                                             [2m                [0m
[2;36m                    [0m                                                                                             [2m                [0m
[2;36m                    [0m         ===Patch [33mResult[0m===                                                                  [2m                [0m
[2;36m                    [0m         Permission denied: [32m'/home/user/aixcc/crete/.cache/official-afc-dav1d/meson.build'[0m   [2m                [0m
[2;36m                    [0m         cannot be modified because it is not a valid language file                          [2m                [0m
[2;36m                    [0m         ===[33mIssue[0m===                                                                         [2m                [0m
[2;36m                    [0m         + [33mFUZZER[0m=[35mdav1d_fuzzer_mt[0m                                                            [2m                [0m
[2;36m                    [0m         + shift                                                                             [2m                [0m
[2;36m                    [0m         + [32m'[0m[32m[[0m[32m'[0m [32m'!'[0m -v TESTCASE [32m'[0m[32m][0m[32m'[0m                                                           [2m                [0m
[2;36m                    [0m         + [33mTESTCASE[0m=[35m/[0m[95mtestcase[0m                                                                [2m                [0m
[2;36m                    [0m         + [32m'[0m[32m[[0m[32m'[0m [32m'!'[0m -f [35m/[0m[95mtestcase[0m [32m'[0m[32m][0m[32m'[0m                                                          [2m                [0m
[2;36m                    [0m         + export [33mRUN_FUZZER_MODE[0m=[35minteractive[0m                                                [2m                [0m
[2;36m                    [0m         + [33mRUN_FUZZER_MODE[0m=[35minteractive[0m                                                       [2m                [0m
[2;36m                    [0m         + export [33mFUZZING_ENGINE[0m=[35mlibfuzzer[0m                                                   [2m                [0m
[2;36m                    [0m         + [33mFUZZING_ENGINE[0m=[35mlibfuzzer[0m                                                          [2m                [0m
[2;36m                    [0m         + export [33mSKIP_SEED_CORPUS[0m=[1;36m1[0m                                                         [2m                [0m
[2;36m                    [0m         + [33mSKIP_SEED_CORPUS[0m=[1;36m1[0m                                                                [2m                [0m
[2;36m                    [0m         + run_fuzzer dav1d_fuzzer_mt -[33mruns[0m=[1;36m100[0m [35m/[0m[95mtestcase[0m                                    [2m                [0m
[2;36m                    [0m         vm.mmap_rnd_bits = [1;36m28[0m                                                               [2m                [0m
[2;36m                    [0m         [35m/out/[0m[95mdav1d_fuzzer_mt[0m -[33mrss_limit_mb[0m=[1;36m2560[0m -[33mtimeout[0m=[1;36m25[0m -[33mruns[0m=[1;36m100[0m [35m/[0m[95mtestcase[0m             [2m                [0m
[2;36m                    [0m         -[33mrss_limit_mb[0m=[1;36m0[0m -[33mruns[0m=[1;36m4[0m -[33mtimeout[0m=[1;36m300[0m -[33mtimeout_exitcode[0m=[1;36m0[0m [1m<[0m[39m [0m[35m/dev/[0m[95mnull[0m                [2m                [0m
[2;36m                    [0m         [39mbash: [0m[35m/out/[0m[95mdav1d_fuzzer_mt[0m[39m: Permission denied[0m                                       [2m                [0m
[2;36m                    [0m         [39msubprocess command returned a non-zero exit status: [0m[1;36m126[0m                             [2m                [0m
[2;36m                    [0m         [39mINFO:__main__:Running: docker run --privileged --shm-[0m[33msize[0m[39m=[0m[35m2g[0m[39m --platform linux/amd64[0m [2m                [0m
[2;36m                    [0m         [39m--rm -i -e [0m[33mHELPER[0m[39m=[0m[3;92mTrue[0m[39m -e [0m[33mARCHITECTURE[0m[39m=[0m[35mx86_64[0m[39m -v [0m                                   [2m                [0m
[2;36m                    [0m         [35m/home/user/aixcc/crete/packages/python_oss_fuzz/.oss_fuzz/build/out/[0m[95mdav1d[0m[39m:[0m[35m/[0m[95mout[0m[39m -v [0m  [2m                [0m
[2;36m                    [0m         [35m/tmp/[0m[95mtmpx0gjf09k[0m[39m:[0m[35m/[0m[95mtestcase[0m[39m -t ghcr.io/aixcc-finals/base-runner:v1.[0m[1;36m3.0[0m[39m reproduce [0m    [2m                [0m
[2;36m                    [0m         [39mdav1d_fuzzer_mt -[0m[33mruns[0m[39m=[0m[1;36m100[0m[39m.[0m                                                          [2m                [0m
[2;36m                    [0m                                                                                             [2m                [0m
[2;36m                    [0m         [39m===Evaluation [0m[33mReport[0m[39m===[0m                                                             [2m                [0m
[2;36m                    [0m         [39m# Evaluation Report[0m                                                                 [2m                [0m
[2;36m                    [0m                                                                                             [2m                [0m
[2;36m                    [0m         [39m## Summary[0m                                                                          [2m                [0m
[2;36m                    [0m         [39mThe issue arises when attempting to run the `dav1d_fuzzer_mt` binary inside a [0m      [2m                [0m
[2;36m                    [0m         [39mDocker-based fuzzing environment. The fuzzer invocation fails with a â€œPermission [0m   [2m                [0m
[2;36m                    [0m         [39mdeniedâ€ error [0m[1;39m([0m[39m`exit status: [0m[1;36m126[0m[39m`[0m[1;39m)[0m[39m. An empty patch attempt was submitted and [0m       [2m                [0m
[2;36m                    [0m         [39msubsequently failed to apply. The patch result indicates common patching problems [0m  [2m                [0m
[2;36m                    [0m         [1;39m([0m[39mmissing target file, incorrect format[0m[1;39m)[0m[39m, but no actual changes were made.[0m           [2m                [0m
[2;36m                    [0m                                                                                             [2m                [0m
[2;36m                    [0m         [39m## Description[0m                                                                      [2m                [0m
[2;36m                    [0m                                                                                             [2m                [0m
[2;36m                    [0m         [39mInitial Issue  [0m                                                                     [2m                [0m
[2;36m                    [0m         [39m- The build and test pipeline launches a Docker container to run a fuzz target [0m     [2m                [0m
[2;36m                    [0m         [1;39m([0m[39m`dav1d_fuzzer_mt`[0m[1;39m)[0m[39m against a provided testcase [0m[1;39m([0m[39m`[0m[35m/[0m[95mtestcase[0m[39m`[0m[1;39m)[0m[39m.  [0m                    [2m                [0m
[2;36m                    [0m         [39m- Environment variables are set [0m[1;39m([0m[39m`[0m[33mRUN_FUZZER_MODE[0m[39m=[0m[35minteractive[0m[39m`, [0m                    [2m                [0m
[2;36m                    [0m         [39m`[0m[33mFUZZING_ENGINE[0m[39m=[0m[35mlibfuzzer[0m[39m`, `[0m[33mSKIP_SEED_CORPUS[0m[39m=[0m[1;36m1[0m[39m`[0m[1;39m)[0m[39m.  [0m                                [2m                [0m
[2;36m                    [0m         [39m- The `run_fuzzer` helper issues:  [0m                                                 [2m                [0m
[2;36m                    [0m         [39m  `[0m[35m/out/[0m[95mdav1d_fuzzer_mt[0m[39m -[0m[33mrss_limit_mb[0m[39m=[0m[1;36m2560[0m[39m -[0m[33mtimeout[0m[39m=[0m[1;36m25[0m[39m -[0m[33mruns[0m[39m=[0m[1;36m100[0m[39m [0m[35m/[0m[95mtestcase[0m[39m â€¦`  [0m     [2m                [0m
[2;36m                    [0m         [39m- The container logs show:  [0m                                                        [2m                [0m
[2;36m                    [0m         [39m  â€¢ The binary invocation includes duplicate or conflicting flags [0m[1;39m([0m[39m`-rss_limit_mb`,[0m [2m                [0m
[2;36m                    [0m         [39m`-runs`, `-timeout`[0m[1;39m)[0m[39m.  [0m                                                             [2m                [0m
[2;36m                    [0m         [39m  â€¢ The actual failure is:  [0m                                                        [2m                [0m
[2;36m                    [0m         [39m    bash: [0m[35m/out/[0m[95mdav1d_fuzzer_mt[0m[39m: Permission denied  [0m                                 [2m                [0m
[2;36m                    [0m         [39m    subprocess command returned a non-zero exit status: [0m[1;36m126[0m[39m  [0m                       [2m                [0m
[2;36m                    [0m                                                                                             [2m                [0m
[2;36m                    [0m         [39mKey Observations  [0m                                                                  [2m                [0m
[2;36m                    [0m         [39m- The binary `[0m[35m/out/[0m[95mdav1d_fuzzer_mt[0m[39m` exists but cannot be executed due to file [0m      [2m                [0m
[2;36m                    [0m         [39mpermission restrictions.  [0m                                                          [2m                [0m
[2;36m                    [0m         [39m- The error arises before any fuzzing logic is executedâ€”this is a filesystem or [0m    [2m                [0m
[2;36m                    [0m         [39mDocker configuration issue.  [0m                                                       [2m                [0m
[2;36m                    [0m         [39m- The run step is wrapped by a helper script [0m[1;39m([0m[39m`run_fuzzer`[0m[1;39m)[0m[39m that may add or [0m        [2m                [0m
[2;36m                    [0m         [39moverride flags.  [0m                                                                   [2m                [0m
[2;36m                    [0m         [39m- The failure code [0m[1;36m126[0m[39m indicates â€œpermission deniedâ€ rather than a crash or [0m        [2m                [0m
[2;36m                    [0m         [39mtimeout.[0m                                                                            [2m                [0m
[2;36m                    [0m                                                                                             [2m                [0m
[2;36m                    [0m         [39mPatch Attempt  [0m                                                                     [2m                [0m
[2;36m                    [0m         [39m- No patch content was provided in `<patch_attempt>`.  [0m                             [2m                [0m
[2;36m                    [0m         [39m- As a result, nothing changed in the repository.  [0m                                 [2m                [0m
[2;36m                    [0m         [39m- The patch application process reported common errors:  [0m                           [2m                [0m
[2;36m                    [0m         [39m  - Target file not found  [0m                                                         [2m                [0m
[2;36m                    [0m         [39m  - Fuzzer/harness files are excluded  [0m                                             [2m                [0m
[2;36m                    [0m         [39m  - Incorrect patch format  [0m                                                        [2m                [0m
[2;36m                    [0m                                                                                             [2m                [0m
[2;36m                    [0m         [39mLog After Patch Application  [0m                                                       [2m                [0m
[2;36m                    [0m         [39m- The patch tool immediately aborted with the above error messages.  [0m               [2m                [0m
[2;36m                    [0m         [39m- There is no diff output or partial patch application recorded.[0m                    [2m                [0m
[2;36m                    [0m                                                                                             [2m                [0m
[2;36m                    [0m         [39mAreas for Further Investigation  [0m                                                   [2m                [0m
[2;36m                    [0m         [39m- File permissions and ownership of `dav1d_fuzzer_mt` in the build output [0m[1;39m([0m[39m`out/`[0m[1;39m)[0m[39m [0m [2m                [0m
[2;36m                    [0m         [39mdirectory.  [0m                                                                        [2m                [0m
[2;36m                    [0m         [39m- Dockerfile or container entrypoint settings that might alter execution [0m           [2m                [0m
[2;36m                    [0m         [39mpermissions.  [0m                                                                      [2m                [0m
[2;36m                    [0m         [39m- The build scripts or CI configuration that produce the fuzzing binaryâ€”verify [0m     [2m                [0m
[2;36m                    [0m         [39m`chmod` steps.  [0m                                                                    [2m                [0m
[2;36m                    [0m         [39m- The `run_fuzzer` helper implementation to check for any overrides or mount [0m       [2m                [0m
[2;36m                    [0m         [39moptions affecting permissions.  [0m                                                    [2m                [0m
[2;36m                    [0m         [39m- Volume mount and `--privileged` Docker flags that could impact file [0m              [2m                [0m
[2;36m                    [0m         [39mexecutability.[0m                                                                      [2m                [0m
[2;36m                    [0m                                                                                             [2m                [0m
[2;36m                    [0m         [39m## Initial Issue Log[0m                                                                [2m                [0m
[2;36m                    [0m         [39mHere is the initial issue log of the codebase:[0m                                      [2m                [0m
[2;36m                    [0m         [39m<issue>[0m                                                                             [2m                [0m
[2;36m                    [0m         [39m+ [0m[33mFUZZER[0m[39m=[0m[35mdav1d_fuzzer_mt[0m                                                            [2m                [0m
[2;36m                    [0m         [39m+ shift[0m                                                                             [2m                [0m
[2;36m                    [0m         [39m+ [0m[32m'[0m[32m[[0m[32m'[0m[39m [0m[32m'!'[0m[39m -v TESTCASE [0m[32m'[0m[32m][0m[32m'[0m                                                           [2m                [0m
[2;36m                    [0m         [39m+ [0m[33mTESTCASE[0m[39m=[0m[35m/[0m[95mtestcase[0m                                                                [2m                [0m
[2;36m                    [0m         [39m+ [0m[32m'[0m[32m[[0m[32m'[0m[39m [0m[32m'!'[0m[39m -f [0m[35m/[0m[95mtestcase[0m[39m [0m[32m'[0m[32m][0m[32m'[0m                                                          [2m                [0m
[2;36m                    [0m         [39m+ export [0m[33mRUN_FUZZER_MODE[0m[39m=[0m[35minteractive[0m                                                [2m                [0m
[2;36m                    [0m         [39m+ [0m[33mRUN_FUZZER_MODE[0m[39m=[0m[35minteractive[0m                                                       [2m                [0m
[2;36m                    [0m         [39m+ export [0m[33mFUZZING_ENGINE[0m[39m=[0m[35mlibfuzzer[0m                                                   [2m                [0m
[2;36m                    [0m         [39m+ [0m[33mFUZZING_ENGINE[0m[39m=[0m[35mlibfuzzer[0m                                                          [2m                [0m
[2;36m                    [0m         [39m+ export [0m[33mSKIP_SEED_CORPUS[0m[39m=[0m[1;36m1[0m                                                         [2m                [0m
[2;36m                    [0m         [39m+ [0m[33mSKIP_SEED_CORPUS[0m[39m=[0m[1;36m1[0m                                                                [2m                [0m
[2;36m                    [0m         [39m+ run_fuzzer dav1d_fuzzer_mt -[0m[33mruns[0m[39m=[0m[1;36m100[0m[39m [0m[35m/[0m[95mtestcase[0m                                    [2m                [0m
[2;36m                    [0m         [39mvm.mmap_rnd_bits = [0m[1;36m28[0m                                                               [2m                [0m
[2;36m                    [0m         [35m/out/[0m[95mdav1d_fuzzer_mt[0m[39m -[0m[33mrss_limit_mb[0m[39m=[0m[1;36m2560[0m[39m -[0m[33mtimeout[0m[39m=[0m[1;36m25[0m[39m -[0m[33mruns[0m[39m=[0m[1;36m100[0m[39m [0m[35m/[0m[95mtestcase[0m[39m [0m            [2m                [0m
[2;36m                    [0m         [39m-[0m[33mrss_limit_mb[0m[39m=[0m[1;36m0[0m[39m -[0m[33mruns[0m[39m=[0m[1;36m4[0m[39m -[0m[33mtimeout[0m[39m=[0m[1;36m300[0m[39m -[0m[33mtimeout_exitcode[0m[39m=[0m[1;36m0[0m[39m < [0m[35m/dev/[0m[95mnull[0m                [2m                [0m
[2;36m                    [0m         [39mbash: [0m[35m/out/[0m[95mdav1d_fuzzer_mt[0m[39m: Permission denied[0m                                       [2m                [0m
[2;36m                    [0m         [39msubprocess command returned a non-zero exit status: [0m[1;36m126[0m                             [2m                [0m
[2;36m                    [0m         [39mINFO:__main__:Running: docker run --privileged --shm-[0m[33msize[0m[39m=[0m[35m2g[0m[39m --platform linux/amd64[0m [2m                [0m
[2;36m                    [0m         [39m--rm -i -e [0m[33mHELPER[0m[39m=[0m[3;92mTrue[0m[39m -e [0m[33mARCHITECTURE[0m[39m=[0m[35mx86_64[0m[39m -v [0m                                   [2m                [0m
[2;36m                    [0m         [35m/home/user/aixcc/crete/packages/python_oss_fuzz/.oss_fuzz/build/out/[0m[95mdav1d[0m[39m:[0m[35m/[0m[95mout[0m[39m -v [0m  [2m                [0m
[2;36m                    [0m         [35m/tmp/[0m[95mtmpx0gjf09k[0m[39m:[0m[35m/[0m[95mtestcase[0m[39m -t ghcr.io/aixcc-finals/base-runner:v1.[0m[1;36m3.0[0m[39m reproduce [0m    [2m                [0m
[2;36m                    [0m         [39mdav1d_fuzzer_mt -[0m[33mruns[0m[39m=[0m[1;36m100[0m[39m.[0m                                                          [2m                [0m
[2;36m                    [0m                                                                                             [2m                [0m
[2;36m                    [0m         [39m<[0m[35m/[0m[95missue[0m[39m>[0m                                                                            [2m                [0m
[2;36m                    [0m                                                                                             [2m                [0m
[2;36m                    [0m         [39m## Additional Issue Log[0m                                                             [2m                [0m
[2;36m                    [0m         [39mHere is the additional issue log after the last patch attempt:[0m                      [2m                [0m
[2;36m                    [0m         [39m<additional_issue>[0m                                                                  [2m                [0m
[2;36m                    [0m         [39mThe patch did not apply, here are some possible reasons:[0m                            [2m                [0m
[2;36m                    [0m         [39m- Trying to patch a file that does not exist in the repository.[0m                     [2m                [0m
[2;36m                    [0m         [39m- Trying to patch fuzzer or harness related file. [0m[1;39m([0m[39mThese files are used to test the[0m [2m                [0m
[2;36m                    [0m         [39mvalidity of the patch.[0m[1;39m)[0m                                                             [2m                [0m
[2;36m                    [0m         [39m- Incorrect patch format. [0m[1;39m([0m[39mFocus on the patch formatting instructions.[0m[1;39m)[0m             [2m                [0m
[2;36m                    [0m         [39m<[0m[35m/[0m[95madditional_issue[0m[1m>[0m                                                                 [2m                [0m
[2;36m                    [0m                                                                                             [2m                [0m
[2;36m                    [0m         ## Notes                                                                            [2m                [0m
[2;36m                    [0m         - All patch attempts are applied to the initial codebase. Reapply the the previous  [2m                [0m
[2;36m                    [0m         patches if needed.                                                                  [2m                [0m
[2;36m                    [0m         - If multiple different issues are present, all the issues must be resolved in a    [2m                [0m
[2;36m                    [0m         single patch attempt.                                                               [2m                [0m
[2;36m                    [0m         - Try different approaches to resolve the issues.                                   [2m                [0m
[2;36m                    [0m         ===Analysis [33mReport[0m===                                                               [2m                [0m
[2;36m                    [0m                                                                                             [2m                [0m
[2;36m                    [0m         ===Evaluation [33mEnd[0m===                                                                [2m                [0m
[2;36m[12/13/25 00:16:22][0m[2;36m [0m[34mINFO    [0m Prism Supervisor Routing: TeamStatus.EVALUATE -> TeamStatus.END                      ]8;id=44569;file:///home/user/aixcc/crete/packages/crete/framework/agent/services/prism/__init__.py\[2m__init__.py[0m]8;;\[2m:[0m]8;id=727612;file:///home/user/aixcc/crete/packages/crete/framework/agent/services/prism/__init__.py#160\[2m160[0m]8;;\
[2;36m                    [0m         [1m([0mn evals: [1;36m6[0m, patch status: PatchStatus.WRONG[1m)[0m                                        [2m               [0m
[2;36m                   [0m[2;36m [0m[34mINFO    [0m Building environment                                                                 ]8;id=22734;file:///home/user/aixcc/crete/packages/crete/framework/context_builder/services/aixcc/__init__.py\[2m__init__.py[0m]8;;\[2m:[0m]8;id=724706;file:///home/user/aixcc/crete/packages/crete/framework/context_builder/services/aixcc/__init__.py#132\[2m132[0m]8;;\
[2;36m                    [0m         - Cache directory: [35m/tmp/[0m[95mtmp3629xz8e[0m                                                  [2m               [0m
[2;36m                    [0m         - Max timeout: [1;36m1800[0m                                                                  [2m               [0m
[2;36m                    [0m         - Output directory:                                                                  [2m               [0m
[2;36m                    [0m         [35m/home/user/aixcc/crete/reports/prism.prism_o4_mini/dav1d_da-full-01_dav1d-001/[0m[95magent-[0m [2m               [0m
[2;36m                    [0m         [95moutput-1765552582.9831119[0m                                                            [2m               [0m
[2;36m                    [0m         - Detection toml file: scripts/benchmark/afc/dav1d_da-full-01_dav1d-[1;36m001.[0mtoml         [2m               [0m
[2;36m                    [0m         - Challenge project directory: [35m/home/user/aixcc/crete/.cache/[0m[95mofficial-afc-dav1d[0m      [2m               [0m
[2;36m                    [0m                                                                                              [2m               [0m
[2;36m[12/13/25 00:16:25][0m[2;36m [0m[34mINFO    [0m Deleting environments directory: [35m/home/user/aixcc/crete/.cache/environments/[0m[95mdav1d[0m    ]8;id=13184;file:///home/user/aixcc/crete/scripts/benchmark/__main__.py\[2m__main__.py[0m]8;;\[2m:[0m]8;id=211543;file:///home/user/aixcc/crete/scripts/benchmark/__main__.py#300\[2m300[0m]8;;\
[2;36m                   [0m[2;36m [0m[34mINFO    [0m Deleted work directory:                                                              ]8;id=159516;file:///home/user/aixcc/crete/scripts/benchmark/__main__.py\[2m__main__.py[0m]8;;\[2m:[0m]8;id=199256;file:///home/user/aixcc/crete/scripts/benchmark/__main__.py#314\[2m314[0m]8;;\
[2;36m                    [0m         [35m/home/user/aixcc/crete/packages/python_oss_fuzz/.oss_fuzz/build/work/[0m[95mdav1d[0m           [2m               [0m
[2;36m                   [0m[2;36m [0m[34mINFO    [0m Deleted out directory:                                                               ]8;id=545824;file:///home/user/aixcc/crete/scripts/benchmark/__main__.py\[2m__main__.py[0m]8;;\[2m:[0m]8;id=995337;file:///home/user/aixcc/crete/scripts/benchmark/__main__.py#321\[2m321[0m]8;;\
[2;36m                    [0m         [35m/home/user/aixcc/crete/packages/python_oss_fuzz/.oss_fuzz/build/out/[0m[95mdav1d[0m            [2m               [0m
