[2;36m[12/18/25 23:58:04][0m[2;36m [0m[34mINFO    [0m Building environment                                                                 ]8;id=682387;file:///home/qqor/aixcc/crete/packages/crete/framework/context_builder/services/aixcc/__init__.py\[2m__init__.py[0m]8;;\[2m:[0m]8;id=495976;file:///home/qqor/aixcc/crete/packages/crete/framework/context_builder/services/aixcc/__init__.py#132\[2m132[0m]8;;\
[2;36m                    [0m         - Cache directory: [35m/tmp/[0m[95mtmp1srwh45_[0m                                                  [2m               [0m
[2;36m                    [0m         - Max timeout: [1;36m1800[0m                                                                  [2m               [0m
[2;36m                    [0m         - Output directory:                                                                  [2m               [0m
[2;36m                    [0m         [35m/home/qqor/aixcc/crete/reports/prism.prism_o4_mini/dav1d_da-full-01_dav1d-001/[0m[95magent-[0m [2m               [0m
[2;36m                    [0m         [95moutput-1766069884.4576082[0m                                                            [2m               [0m
[2;36m                    [0m         - Detection toml file: scripts/benchmark/afc/dav1d_da-full-01_dav1d-[1;36m001.[0mtoml         [2m               [0m
[2;36m                    [0m         - Challenge project directory: [35m/home/qqor/aixcc/crete/.cache/[0m[95mofficial-afc-dav1d[0m      [2m               [0m
[2;36m                    [0m                                                                                              [2m               [0m
[2;36m                   [0m[2;36m [0m[34mINFO    [0m [1m[[0mlogging_performance[1m][0m[1m([0mdav1d Building Cached for CLEAN environment[1m)[0m Started[33m...[0m  ]8;id=341005;file:///home/qqor/aixcc/crete/packages/crete/commons/logging/context_managers.py\[2mcontext_managers.py[0m]8;;\[2m:[0m]8;id=914581;file:///home/qqor/aixcc/crete/packages/crete/commons/logging/context_managers.py#9\[2m9[0m]8;;\
[2;36m[12/18/25 23:58:24][0m[2;36m [0m[34mINFO    [0m [1m[[0mlogging_performance[1m][0m[1m([0mdav1d Building Cached for CLEAN environment[1m)[0m Took [1;36m19.71[0m ]8;id=830000;file:///home/qqor/aixcc/crete/packages/crete/commons/logging/context_managers.py\[2mcontext_managers.py[0m]8;;\[2m:[0m]8;id=387503;file:///home/qqor/aixcc/crete/packages/crete/commons/logging/context_managers.py#23\[2m23[0m]8;;\
[2;36m                    [0m         seconds; [33mexception[0m=[3;91mFalse[0m                                                      [2m                      [0m
[2;36m                   [0m[2;36m [0m[34mINFO    [0m [1m[[0mlogging_performance[1m][0m[1m([0mdav1d Running tests for Cached for CLEAN environment[1m)[0m    ]8;id=669220;file:///home/qqor/aixcc/crete/packages/crete/commons/logging/context_managers.py\[2mcontext_managers.py[0m]8;;\[2m:[0m]8;id=426909;file:///home/qqor/aixcc/crete/packages/crete/commons/logging/context_managers.py#9\[2m9[0m]8;;\
[2;36m                    [0m         Started[33m...[0m                                                                     [2m                     [0m
[2;36m                   [0m[2;36m [0m[34mINFO    [0m [1m[[0mlogging_performance[1m][0m[1m([0mdav1d Running tests for Cached for CLEAN environment[1m)[0m   ]8;id=941656;file:///home/qqor/aixcc/crete/packages/crete/commons/logging/context_managers.py\[2mcontext_managers.py[0m]8;;\[2m:[0m]8;id=174400;file:///home/qqor/aixcc/crete/packages/crete/commons/logging/context_managers.py#23\[2m23[0m]8;;\
[2;36m                    [0m         Took [1;36m0.00[0m seconds; [33mexception[0m=[3;91mFalse[0m                                            [2m                      [0m
[2;36m                   [0m[2;36m [0m[34mINFO    [0m Setting timeouts                                                                       ]8;id=237998;file:///home/qqor/aixcc/crete/packages/crete/framework/environment/services/oss_fuzz/default.py\[2mdefault.py[0m]8;;\[2m:[0m]8;id=898669;file:///home/qqor/aixcc/crete/packages/crete/framework/environment/services/oss_fuzz/default.py#85\[2m85[0m]8;;\
[2;36m                    [0m           - build: [1;36m600[0m [1m([0moriginal: [1;36m19[0m[1m)[0m                                                          [2m             [0m
[2;36m                    [0m           - run tests: [1;36m600[0m [1m([0moriginal: [1;36m0[0m[1m)[0m                                                       [2m             [0m
[2;36m                   [0m[2;36m [0m[34mINFO    [0m [1m[[0mlogging_performance[1m][0m[1m([0mdav1d Setting owner[1m)[0m Started[33m...[0m                          ]8;id=818670;file:///home/qqor/aixcc/crete/packages/crete/commons/logging/context_managers.py\[2mcontext_managers.py[0m]8;;\[2m:[0m]8;id=337398;file:///home/qqor/aixcc/crete/packages/crete/commons/logging/context_managers.py#9\[2m9[0m]8;;\
[2;36m                   [0m[2;36m [0m[34mINFO    [0m [1m[[0mlogging_performance[1m][0m[1m([0mdav1d Setting owner[1m)[0m Took [1;36m0.49[0m seconds; [33mexception[0m=[3;91mFalse[0m ]8;id=988128;file:///home/qqor/aixcc/crete/packages/crete/commons/logging/context_managers.py\[2mcontext_managers.py[0m]8;;\[2m:[0m]8;id=148253;file:///home/qqor/aixcc/crete/packages/crete/commons/logging/context_managers.py#23\[2m23[0m]8;;\
[2;36m[12/18/25 23:58:25][0m[2;36m [0m[34mINFO    [0m Successfully created Cached for CLEAN environment                                    ]8;id=564389;file:///home/qqor/aixcc/crete/packages/crete/framework/environment_pool/services/oss_fuzz.py\[2moss_fuzz.py[0m]8;;\[2m:[0m]8;id=786652;file:///home/qqor/aixcc/crete/packages/crete/framework/environment_pool/services/oss_fuzz.py#256\[2m256[0m]8;;\
[2;36m                   [0m[2;36m [0m[34mINFO    [0m Current environments: [1m[[0m[32m'CLEAN -> Cached'[0m[1m][0m                                            ]8;id=957576;file:///home/qqor/aixcc/crete/packages/crete/framework/environment_pool/services/oss_fuzz.py\[2moss_fuzz.py[0m]8;;\[2m:[0m]8;id=525057;file:///home/qqor/aixcc/crete/packages/crete/framework/environment_pool/services/oss_fuzz.py#265\[2m265[0m]8;;\
[2;36m                   [0m[2;36m [0m[34mINFO    [0m Prism Supervisor Routing: TeamStatus.START -> TeamStatus.EVALUATE                    ]8;id=405025;file:///home/qqor/aixcc/crete/packages/crete/framework/agent/services/prism/__init__.py\[2m__init__.py[0m]8;;\[2m:[0m]8;id=46252;file:///home/qqor/aixcc/crete/packages/crete/framework/agent/services/prism/__init__.py#160\[2m160[0m]8;;\
[2;36m                    [0m         [1m([0mn evals: [1;36m0[0m, patch status: PatchStatus.INITIALIZED[1m)[0m                                  [2m               [0m
[2;36m                   [0m[2;36m [0m[34mINFO    [0m [1m[[0mlogging_performance[1m][0m[1m([0mdav1d Setting owner[1m)[0m Started[33m...[0m                          ]8;id=482375;file:///home/qqor/aixcc/crete/packages/crete/commons/logging/context_managers.py\[2mcontext_managers.py[0m]8;;\[2m:[0m]8;id=71330;file:///home/qqor/aixcc/crete/packages/crete/commons/logging/context_managers.py#9\[2m9[0m]8;;\
[2;36m[12/18/25 23:58:26][0m[2;36m [0m[34mINFO    [0m [1m[[0mlogging_performance[1m][0m[1m([0mdav1d Setting owner[1m)[0m Took [1;36m1.35[0m seconds; [33mexception[0m=[3;91mFalse[0m ]8;id=903013;file:///home/qqor/aixcc/crete/packages/crete/commons/logging/context_managers.py\[2mcontext_managers.py[0m]8;;\[2m:[0m]8;id=642161;file:///home/qqor/aixcc/crete/packages/crete/commons/logging/context_managers.py#23\[2m23[0m]8;;\
[2;36m[12/18/25 23:58:27][0m[2;36m [0m[34mINFO    [0m [1m[[0mlogging_performance[1m][0m[1m([0mdav1d Setting owner[1m)[0m Started[33m...[0m                          ]8;id=963121;file:///home/qqor/aixcc/crete/packages/crete/commons/logging/context_managers.py\[2mcontext_managers.py[0m]8;;\[2m:[0m]8;id=441861;file:///home/qqor/aixcc/crete/packages/crete/commons/logging/context_managers.py#9\[2m9[0m]8;;\
[2;36m                   [0m[2;36m [0m[34mINFO    [0m [1m[[0mlogging_performance[1m][0m[1m([0mdav1d Setting owner[1m)[0m Took [1;36m0.47[0m seconds; [33mexception[0m=[3;91mFalse[0m ]8;id=778608;file:///home/qqor/aixcc/crete/packages/crete/commons/logging/context_managers.py\[2mcontext_managers.py[0m]8;;\[2m:[0m]8;id=669523;file:///home/qqor/aixcc/crete/packages/crete/commons/logging/context_managers.py#23\[2m23[0m]8;;\
[2;36m[12/18/25 23:58:28][0m[2;36m [0m[34mINFO    [0m ===Evaluator [33mResult[0m===                                                              ]8;id=273521;file:///home/qqor/aixcc/crete/packages/crete/framework/agent/services/prism/teams/evaluation/evaluator.py\[2mevaluator.py[0m]8;;\[2m:[0m]8;id=896433;file:///home/qqor/aixcc/crete/packages/crete/framework/agent/services/prism/teams/evaluation/evaluator.py#204\[2m204[0m]8;;\
[2;36m                    [0m         PatchStatus.VULNERABLE                                                              [2m                [0m
[2;36m                    [0m         ===Evaluator [33mDiff[0m===                                                                [2m                [0m
[2;36m                    [0m                                                                                             [2m                [0m
[2;36m                    [0m         ===Patch [33mResult[0m===                                                                  [2m                [0m
[2;36m                    [0m         + [33mFUZZER[0m=[35mdav1d_fuzzer_mt[0m                                                            [2m                [0m
[2;36m                    [0m         + shift                                                                             [2m                [0m
[2;36m                    [0m         + [32m'[0m[32m[[0m[32m'[0m [32m'!'[0m -v TESTCASE [32m'[0m[32m][0m[32m'[0m                                                           [2m                [0m
[2;36m                    [0m         + [33mTESTCASE[0m=[35m/[0m[95mtestcase[0m                                                                [2m                [0m
[2;36m                    [0m         + [32m'[0m[32m[[0m[32m'[0m [32m'!'[0m -f [35m/[0m[95mtestcase[0m [32m'[0m[32m][0m[32m'[0m                                                          [2m                [0m
[2;36m                    [0m         + export [33mRUN_FUZZER_MODE[0m=[35minteractive[0m                                                [2m                [0m
[2;36m                    [0m         + [33mRUN_FUZZER_MODE[0m=[35minteractive[0m                                                       [2m                [0m
[2;36m                    [0m         + export [33mFUZZING_ENGINE[0m=[35mlibfuzzer[0m                                                   [2m                [0m
[2;36m                    [0m         + [33mFUZZING_ENGINE[0m=[35mlibfuzzer[0m                                                          [2m                [0m
[2;36m                    [0m         + export [33mSKIP_SEED_CORPUS[0m=[1;36m1[0m                                                         [2m                [0m
[2;36m                    [0m         + [33mSKIP_SEED_CORPUS[0m=[1;36m1[0m                                                                [2m                [0m
[2;36m                    [0m         + run_fuzzer dav1d_fuzzer_mt -[33mruns[0m=[1;36m100[0m [35m/[0m[95mtestcase[0m                                    [2m                [0m
[2;36m                    [0m         vm.mmap_rnd_bits = [1;36m28[0m                                                               [2m                [0m
[2;36m                    [0m         [35m/out/[0m[95mdav1d_fuzzer_mt[0m -[33mrss_limit_mb[0m=[1;36m2560[0m -[33mtimeout[0m=[1;36m25[0m -[33mruns[0m=[1;36m100[0m [35m/[0m[95mtestcase[0m             [2m                [0m
[2;36m                    [0m         -[33mrss_limit_mb[0m=[1;36m0[0m -[33mruns[0m=[1;36m4[0m -[33mtimeout[0m=[1;36m300[0m -[33mtimeout_exitcode[0m=[1;36m0[0m < [35m/dev/[0m[95mnull[0m                [2m                [0m
[2;36m                    [0m         bash: [35m/out/[0m[95mdav1d_fuzzer_mt[0m: Permission denied                                       [2m                [0m
[2;36m                    [0m         subprocess command returned a non-zero exit status: [1;36m126[0m                             [2m                [0m
[2;36m                    [0m         INFO:__main__:Running: docker run --privileged --shm-[33msize[0m=[35m2g[0m --platform linux/amd64 [2m                [0m
[2;36m                    [0m         --rm -i -e [33mHELPER[0m=[3;92mTrue[0m -e [33mARCHITECTURE[0m=[35mx86_64[0m -v                                    [2m                [0m
[2;36m                    [0m         [35m/home/qqor/aixcc/crete/packages/python_oss_fuzz/.oss_fuzz/build/out/[0m[95mdav1d[0m:[35m/[0m[95mout[0m -v   [2m                [0m
[2;36m                    [0m         [35m/tmp/[0m[95mtmpb9xzoc7n[0m:[35m/[0m[95mtestcase[0m -t ghcr.io/aixcc-finals/base-runner:v1.[1;36m3.0[0m reproduce     [2m                [0m
[2;36m                    [0m         dav1d_fuzzer_mt -[33mruns[0m=[1;36m100[0m.                                                          [2m                [0m
[2;36m                    [0m                                                                                             [2m                [0m
[2;36m                    [0m         ===[33mIssue[0m===                                                                         [2m                [0m
[2;36m                    [0m         + [33mFUZZER[0m=[35mdav1d_fuzzer_mt[0m                                                            [2m                [0m
[2;36m                    [0m         + shift                                                                             [2m                [0m
[2;36m                    [0m         + [32m'[0m[32m[[0m[32m'[0m [32m'!'[0m -v TESTCASE [32m'[0m[32m][0m[32m'[0m                                                           [2m                [0m
[2;36m                    [0m         + [33mTESTCASE[0m=[35m/[0m[95mtestcase[0m                                                                [2m                [0m
[2;36m                    [0m         + [32m'[0m[32m[[0m[32m'[0m [32m'!'[0m -f [35m/[0m[95mtestcase[0m [32m'[0m[32m][0m[32m'[0m                                                          [2m                [0m
[2;36m                    [0m         + export [33mRUN_FUZZER_MODE[0m=[35minteractive[0m                                                [2m                [0m
[2;36m                    [0m         + [33mRUN_FUZZER_MODE[0m=[35minteractive[0m                                                       [2m                [0m
[2;36m                    [0m         + export [33mFUZZING_ENGINE[0m=[35mlibfuzzer[0m                                                   [2m                [0m
[2;36m                    [0m         + [33mFUZZING_ENGINE[0m=[35mlibfuzzer[0m                                                          [2m                [0m
[2;36m                    [0m         + export [33mSKIP_SEED_CORPUS[0m=[1;36m1[0m                                                         [2m                [0m
[2;36m                    [0m         + [33mSKIP_SEED_CORPUS[0m=[1;36m1[0m                                                                [2m                [0m
[2;36m                    [0m         + run_fuzzer dav1d_fuzzer_mt -[33mruns[0m=[1;36m100[0m [35m/[0m[95mtestcase[0m                                    [2m                [0m
[2;36m                    [0m         vm.mmap_rnd_bits = [1;36m28[0m                                                               [2m                [0m
[2;36m                    [0m         [35m/out/[0m[95mdav1d_fuzzer_mt[0m -[33mrss_limit_mb[0m=[1;36m2560[0m -[33mtimeout[0m=[1;36m25[0m -[33mruns[0m=[1;36m100[0m [35m/[0m[95mtestcase[0m             [2m                [0m
[2;36m                    [0m         -[33mrss_limit_mb[0m=[1;36m0[0m -[33mruns[0m=[1;36m4[0m -[33mtimeout[0m=[1;36m300[0m -[33mtimeout_exitcode[0m=[1;36m0[0m < [35m/dev/[0m[95mnull[0m                [2m                [0m
[2;36m                    [0m         bash: [35m/out/[0m[95mdav1d_fuzzer_mt[0m: Permission denied                                       [2m                [0m
[2;36m                    [0m         subprocess command returned a non-zero exit status: [1;36m126[0m                             [2m                [0m
[2;36m                    [0m         INFO:__main__:Running: docker run --privileged --shm-[33msize[0m=[35m2g[0m --platform linux/amd64 [2m                [0m
[2;36m                    [0m         --rm -i -e [33mHELPER[0m=[3;92mTrue[0m -e [33mARCHITECTURE[0m=[35mx86_64[0m -v                                    [2m                [0m
[2;36m                    [0m         [35m/home/qqor/aixcc/crete/packages/python_oss_fuzz/.oss_fuzz/build/out/[0m[95mdav1d[0m:[35m/[0m[95mout[0m -v   [2m                [0m
[2;36m                    [0m         [35m/tmp/[0m[95mtmpb9xzoc7n[0m:[35m/[0m[95mtestcase[0m -t ghcr.io/aixcc-finals/base-runner:v1.[1;36m3.0[0m reproduce     [2m                [0m
[2;36m                    [0m         dav1d_fuzzer_mt -[33mruns[0m=[1;36m100[0m.                                                          [2m                [0m
[2;36m                    [0m                                                                                             [2m                [0m
[2;36m                    [0m         ===Evaluation [33mReport[0m===                                                             [2m                [0m
[2;36m                    [0m                                                                                             [2m                [0m
[2;36m                    [0m         ===Analysis [33mReport[0m===                                                               [2m                [0m
[2;36m                    [0m                                                                                             [2m                [0m
[2;36m                    [0m         ===Evaluation [33mEnd[0m===                                                                [2m                [0m
[2;36m[12/18/25 23:58:35][0m[2;36m [0m[34mINFO    [0m Prism Supervisor Routing: TeamStatus.EVALUATE -> TeamStatus.ANALYZE                  ]8;id=547925;file:///home/qqor/aixcc/crete/packages/crete/framework/agent/services/prism/__init__.py\[2m__init__.py[0m]8;;\[2m:[0m]8;id=661449;file:///home/qqor/aixcc/crete/packages/crete/framework/agent/services/prism/__init__.py#160\[2m160[0m]8;;\
[2;36m                    [0m         [1m([0mn evals: [1;36m1[0m, patch status: PatchStatus.VULNERABLE[1m)[0m                                   [2m               [0m
[2;36m[12/18/25 23:59:05][0m[2;36m [0m[34mINFO    [0m Prism Supervisor Routing: TeamStatus.ANALYZE -> TeamStatus.[1;33mPATCH[0m                     ]8;id=419171;file:///home/qqor/aixcc/crete/packages/crete/framework/agent/services/prism/__init__.py\[2m__init__.py[0m]8;;\[2m:[0m]8;id=800088;file:///home/qqor/aixcc/crete/packages/crete/framework/agent/services/prism/__init__.py#160\[2m160[0m]8;;\
[2;36m                    [0m         [1m([0mn evals: [1;36m1[0m, patch status: PatchStatus.VULNERABLE[1m)[0m                                   [2m               [0m
[2;36m[12/19/25 00:00:23][0m[2;36m [0m[34mINFO    [0m Prism Supervisor Routing: TeamStatus.[1;33mPATCH[0m -> TeamStatus.EVALUATE                    ]8;id=851146;file:///home/qqor/aixcc/crete/packages/crete/framework/agent/services/prism/__init__.py\[2m__init__.py[0m]8;;\[2m:[0m]8;id=78173;file:///home/qqor/aixcc/crete/packages/crete/framework/agent/services/prism/__init__.py#160\[2m160[0m]8;;\
[2;36m                    [0m         [1m([0mn evals: [1;36m1[0m, patch status: PatchStatus.VULNERABLE[1m)[0m                                   [2m               [0m
[2;36m[12/19/25 00:00:24][0m[2;36m [0m[34mINFO    [0m ===Evaluator [33mResult[0m===                                                              ]8;id=958065;file:///home/qqor/aixcc/crete/packages/crete/framework/agent/services/prism/teams/evaluation/evaluator.py\[2mevaluator.py[0m]8;;\[2m:[0m]8;id=964550;file:///home/qqor/aixcc/crete/packages/crete/framework/agent/services/prism/teams/evaluation/evaluator.py#204\[2m204[0m]8;;\
[2;36m                    [0m         PatchStatus.UNCOMPILABLE                                                            [2m                [0m
[2;36m                    [0m         ===Evaluator [33mDiff[0m===                                                                [2m                [0m
[2;36m                    [0m                                                                                             [2m                [0m
[2;36m                    [0m         ===Patch [33mResult[0m===                                                                  [2m                [0m
[2;36m                    [0m         The patch did not apply, here are some possible reasons:                            [2m                [0m
[2;36m                    [0m         - Trying to patch a file that does not exist in the repository.                     [2m                [0m
[2;36m                    [0m         - Trying to patch fuzzer or harness related file. [1m([0mThese files are used to test the [2m                [0m
[2;36m                    [0m         validity of the patch.[1m)[0m                                                             [2m                [0m
[2;36m                    [0m         - Incorrect patch format. [1m([0mFocus on the patch formatting instructions.[1m)[0m             [2m                [0m
[2;36m                    [0m         ===[33mIssue[0m===                                                                         [2m                [0m
[2;36m                    [0m         + [33mFUZZER[0m=[35mdav1d_fuzzer_mt[0m                                                            [2m                [0m
[2;36m                    [0m         + shift                                                                             [2m                [0m
[2;36m                    [0m         + [32m'[0m[32m[[0m[32m'[0m [32m'!'[0m -v TESTCASE [32m'[0m[32m][0m[32m'[0m                                                           [2m                [0m
[2;36m                    [0m         + [33mTESTCASE[0m=[35m/[0m[95mtestcase[0m                                                                [2m                [0m
[2;36m                    [0m         + [32m'[0m[32m[[0m[32m'[0m [32m'!'[0m -f [35m/[0m[95mtestcase[0m [32m'[0m[32m][0m[32m'[0m                                                          [2m                [0m
[2;36m                    [0m         + export [33mRUN_FUZZER_MODE[0m=[35minteractive[0m                                                [2m                [0m
[2;36m                    [0m         + [33mRUN_FUZZER_MODE[0m=[35minteractive[0m                                                       [2m                [0m
[2;36m                    [0m         + export [33mFUZZING_ENGINE[0m=[35mlibfuzzer[0m                                                   [2m                [0m
[2;36m                    [0m         + [33mFUZZING_ENGINE[0m=[35mlibfuzzer[0m                                                          [2m                [0m
[2;36m                    [0m         + export [33mSKIP_SEED_CORPUS[0m=[1;36m1[0m                                                         [2m                [0m
[2;36m                    [0m         + [33mSKIP_SEED_CORPUS[0m=[1;36m1[0m                                                                [2m                [0m
[2;36m                    [0m         + run_fuzzer dav1d_fuzzer_mt -[33mruns[0m=[1;36m100[0m [35m/[0m[95mtestcase[0m                                    [2m                [0m
[2;36m                    [0m         vm.mmap_rnd_bits = [1;36m28[0m                                                               [2m                [0m
[2;36m                    [0m         [35m/out/[0m[95mdav1d_fuzzer_mt[0m -[33mrss_limit_mb[0m=[1;36m2560[0m -[33mtimeout[0m=[1;36m25[0m -[33mruns[0m=[1;36m100[0m [35m/[0m[95mtestcase[0m             [2m                [0m
[2;36m                    [0m         -[33mrss_limit_mb[0m=[1;36m0[0m -[33mruns[0m=[1;36m4[0m -[33mtimeout[0m=[1;36m300[0m -[33mtimeout_exitcode[0m=[1;36m0[0m [1m<[0m[39m [0m[35m/dev/[0m[95mnull[0m                [2m                [0m
[2;36m                    [0m         [39mbash: [0m[35m/out/[0m[95mdav1d_fuzzer_mt[0m[39m: Permission denied[0m                                       [2m                [0m
[2;36m                    [0m         [39msubprocess command returned a non-zero exit status: [0m[1;36m126[0m                             [2m                [0m
[2;36m                    [0m         [39mINFO:__main__:Running: docker run --privileged --shm-[0m[33msize[0m[39m=[0m[35m2g[0m[39m --platform linux/amd64[0m [2m                [0m
[2;36m                    [0m         [39m--rm -i -e [0m[33mHELPER[0m[39m=[0m[3;92mTrue[0m[39m -e [0m[33mARCHITECTURE[0m[39m=[0m[35mx86_64[0m[39m -v [0m                                   [2m                [0m
[2;36m                    [0m         [35m/home/qqor/aixcc/crete/packages/python_oss_fuzz/.oss_fuzz/build/out/[0m[95mdav1d[0m[39m:[0m[35m/[0m[95mout[0m[39m -v [0m  [2m                [0m
[2;36m                    [0m         [35m/tmp/[0m[95mtmpb9xzoc7n[0m[39m:[0m[35m/[0m[95mtestcase[0m[39m -t ghcr.io/aixcc-finals/base-runner:v1.[0m[1;36m3.0[0m[39m reproduce [0m    [2m                [0m
[2;36m                    [0m         [39mdav1d_fuzzer_mt -[0m[33mruns[0m[39m=[0m[1;36m100[0m[39m.[0m                                                          [2m                [0m
[2;36m                    [0m                                                                                             [2m                [0m
[2;36m                    [0m         [39m===Evaluation [0m[33mReport[0m[39m===[0m                                                             [2m                [0m
[2;36m                    [0m         [39m# Evaluation Report[0m                                                                 [2m                [0m
[2;36m                    [0m                                                                                             [2m                [0m
[2;36m                    [0m         [39m## Summary[0m                                                                          [2m                [0m
[2;36m                    [0m                                                                                             [2m                [0m
[2;36m                    [0m         [39mAn attempt to run the `dav1d_fuzzer_mt` binary under the OSS-Fuzz harness inside a [0m [2m                [0m
[2;36m                    [0m         [39mDocker container fails with a â€œPermission deniedâ€ error. The fuzzer process exits [0m  [2m                [0m
[2;36m                    [0m         [39mwith code [0m[1;36m126[0m[39m, indicating that the binary cannot be executed.[0m                       [2m                [0m
[2;36m                    [0m                                                                                             [2m                [0m
[2;36m                    [0m         [39m## Description[0m                                                                      [2m                [0m
[2;36m                    [0m                                                                                             [2m                [0m
[2;36m                    [0m         [39m- The harness script sets up environment variables for the fuzzing session:[0m         [2m                [0m
[2;36m                    [0m         [39m  â€¢ [0m[33mFUZZER[0m[39m=[0m[35mdav1d_fuzzer_mt[0m[39m  [0m                                                        [2m                [0m
[2;36m                    [0m         [39m  â€¢ [0m[33mTESTCASE[0m[39m=[0m[35m/[0m[95mtestcase[0m[39m  [0m                                                            [2m                [0m
[2;36m                    [0m         [39m  â€¢ [0m[33mRUN_FUZZER_MODE[0m[39m=[0m[35minteractive[0m[39m  [0m                                                   [2m                [0m
[2;36m                    [0m         [39m  â€¢ [0m[33mFUZZING_ENGINE[0m[39m=[0m[35mlibfuzzer[0m[39m  [0m                                                      [2m                [0m
[2;36m                    [0m         [39m  â€¢ [0m[33mSKIP_SEED_CORPUS[0m[39m=[0m[1;36m1[0m[39m  [0m                                                            [2m                [0m
[2;36m                    [0m                                                                                             [2m                [0m
[2;36m                    [0m         [39m- It then invokes `run_fuzzer dav1d_fuzzer_mt -[0m[33mruns[0m[39m=[0m[1;36m100[0m[39m [0m[35m/[0m[95mtestcase[0m[39m`.  [0m               [2m                [0m
[2;36m                    [0m         [39m- Under the hood, the Dockerâ€based runner issues:  [0m                                 [2m                [0m
[2;36m                    [0m         [39m  `[0m[35m/out/[0m[95mdav1d_fuzzer_mt[0m[39m -[0m[33mrss_limit_mb[0m[39m=[0m[1;36m2560[0m[39m -[0m[33mtimeout[0m[39m=[0m[1;36m25[0m[39m -[0m[33mruns[0m[39m=[0m[1;36m100[0m[39m [0m[35m/[0m[95mtestcase[0m[39m [0m         [2m                [0m
[2;36m                    [0m         [39m-[0m[33mrss_limit_mb[0m[39m=[0m[1;36m0[0m[39m -[0m[33mruns[0m[39m=[0m[1;36m4[0m[39m -[0m[33mtimeout[0m[39m=[0m[1;36m300[0m[39m -[0m[33mtimeout_exitcode[0m[39m=[0m[1;36m0[0m[39m < [0m[35m/dev/[0m[95mnull[0m[39m`  [0m             [2m                [0m
[2;36m                    [0m         [39m- This invocation returns a shell error:  [0m                                          [2m                [0m
[2;36m                    [0m         [39m  â€œbash: [0m[35m/out/[0m[95mdav1d_fuzzer_mt[0m[39m: Permission deniedâ€  [0m                                 [2m                [0m
[2;36m                    [0m         [39m  and the subprocess exits with status [0m[1;36m126[0m[39m.  [0m                                       [2m                [0m
[2;36m                    [0m                                                                                             [2m                [0m
[2;36m                    [0m         [39mImportant observations:  [0m                                                           [2m                [0m
[2;36m                    [0m         [39m- The error arises before the fuzzer begins processing testcases.  [0m                 [2m                [0m
[2;36m                    [0m         [39m- An exit code of [0m[1;36m126[0m[39m signals that the OS refused to execute the file [0m[1;39m([0m[39mmost [0m        [2m                [0m
[2;36m                    [0m         [39mcommonly due to missing execute permissions or filesystem mount restrictions[0m[1;39m)[0m[39m.  [0m    [2m                [0m
[2;36m                    [0m         [39m- The harness merely serves as the entrypoint; it does not perform any code [0m        [2m                [0m
[2;36m                    [0m         [39minstrumentation or vulnerability exploitation itself.  [0m                             [2m                [0m
[2;36m                    [0m                                                                                             [2m                [0m
[2;36m                    [0m         [39mParts of the codebase and setup to investigate for a complete view:  [0m               [2m                [0m
[2;36m                    [0m         [1;36m1[0m[39m. The built binary at `[0m[35m/out/[0m[95mdav1d_fuzzer_mt[0m[39m`  [0m                                     [2m                [0m
[2;36m                    [0m         [39m   â€“ File permissions and ownership  [0m                                               [2m                [0m
[2;36m                    [0m         [39m   â€“ File type [0m[1;39m([0m[39mensure itâ€™s an ELF executable[0m[1;39m)[0m[39m  [0m                                    [2m                [0m
[2;36m                    [0m         [1;36m2[0m[39m. Docker runner configuration  [0m                                                    [2m                [0m
[2;36m                    [0m         [39m   â€“ Mount options for the `[0m[35m/[0m[95mout[0m[39m` directory [0m[1;39m([0m[39mare execute permissions preserved?[0m[1;39m)[0m[39m  [0m  [2m                [0m
[2;36m                    [0m         [39m   â€“ The user or UID under which the container process runs  [0m                       [2m                [0m
[2;36m                    [0m         [1;36m3[0m[39m. Build scripts or Dockerfile steps that produce and install the fuzzer binary  [0m   [2m                [0m
[2;36m                    [0m         [39m   â€“ Any `chmod` or `install` commands affecting `[0m[35m/out/[0m[95mdav1d_fuzzer_mt[0m[39m`  [0m           [2m                [0m
[2;36m                    [0m         [1;36m4[0m[39m. The `run_fuzzer` wrapper  [0m                                                       [2m                [0m
[2;36m                    [0m         [39m   â€“ How it calls the binary; whether it attempts to change permissions at runtime [0m [2m                [0m
[2;36m                    [0m                                                                                             [2m                [0m
[2;36m                    [0m         [39mInvestigating these areas will provide a holistic understanding of why the fuzzer [0m  [2m                [0m
[2;36m                    [0m         [39mbinary cannot be executed, enabling a focused review of the build and container [0m    [2m                [0m
[2;36m                    [0m         [39menvironment.[0m                                                                        [2m                [0m
[2;36m                    [0m                                                                                             [2m                [0m
[2;36m                    [0m         [39m## Initial Issue Log[0m                                                                [2m                [0m
[2;36m                    [0m         [39mHere is the initial issue log of the codebase:[0m                                      [2m                [0m
[2;36m                    [0m         [39m<issue>[0m                                                                             [2m                [0m
[2;36m                    [0m         [39m+ [0m[33mFUZZER[0m[39m=[0m[35mdav1d_fuzzer_mt[0m                                                            [2m                [0m
[2;36m                    [0m         [39m+ shift[0m                                                                             [2m                [0m
[2;36m                    [0m         [39m+ [0m[32m'[0m[32m[[0m[32m'[0m[39m [0m[32m'!'[0m[39m -v TESTCASE [0m[32m'[0m[32m][0m[32m'[0m                                                           [2m                [0m
[2;36m                    [0m         [39m+ [0m[33mTESTCASE[0m[39m=[0m[35m/[0m[95mtestcase[0m                                                                [2m                [0m
[2;36m                    [0m         [39m+ [0m[32m'[0m[32m[[0m[32m'[0m[39m [0m[32m'!'[0m[39m -f [0m[35m/[0m[95mtestcase[0m[39m [0m[32m'[0m[32m][0m[32m'[0m                                                          [2m                [0m
[2;36m                    [0m         [39m+ export [0m[33mRUN_FUZZER_MODE[0m[39m=[0m[35minteractive[0m                                                [2m                [0m
[2;36m                    [0m         [39m+ [0m[33mRUN_FUZZER_MODE[0m[39m=[0m[35minteractive[0m                                                       [2m                [0m
[2;36m                    [0m         [39m+ export [0m[33mFUZZING_ENGINE[0m[39m=[0m[35mlibfuzzer[0m                                                   [2m                [0m
[2;36m                    [0m         [39m+ [0m[33mFUZZING_ENGINE[0m[39m=[0m[35mlibfuzzer[0m                                                          [2m                [0m
[2;36m                    [0m         [39m+ export [0m[33mSKIP_SEED_CORPUS[0m[39m=[0m[1;36m1[0m                                                         [2m                [0m
[2;36m                    [0m         [39m+ [0m[33mSKIP_SEED_CORPUS[0m[39m=[0m[1;36m1[0m                                                                [2m                [0m
[2;36m                    [0m         [39m+ run_fuzzer dav1d_fuzzer_mt -[0m[33mruns[0m[39m=[0m[1;36m100[0m[39m [0m[35m/[0m[95mtestcase[0m                                    [2m                [0m
[2;36m                    [0m         [39mvm.mmap_rnd_bits = [0m[1;36m28[0m                                                               [2m                [0m
[2;36m                    [0m         [35m/out/[0m[95mdav1d_fuzzer_mt[0m[39m -[0m[33mrss_limit_mb[0m[39m=[0m[1;36m2560[0m[39m -[0m[33mtimeout[0m[39m=[0m[1;36m25[0m[39m -[0m[33mruns[0m[39m=[0m[1;36m100[0m[39m [0m[35m/[0m[95mtestcase[0m[39m [0m            [2m                [0m
[2;36m                    [0m         [39m-[0m[33mrss_limit_mb[0m[39m=[0m[1;36m0[0m[39m -[0m[33mruns[0m[39m=[0m[1;36m4[0m[39m -[0m[33mtimeout[0m[39m=[0m[1;36m300[0m[39m -[0m[33mtimeout_exitcode[0m[39m=[0m[1;36m0[0m[39m < [0m[35m/dev/[0m[95mnull[0m                [2m                [0m
[2;36m                    [0m         [39mbash: [0m[35m/out/[0m[95mdav1d_fuzzer_mt[0m[39m: Permission denied[0m                                       [2m                [0m
[2;36m                    [0m         [39msubprocess command returned a non-zero exit status: [0m[1;36m126[0m                             [2m                [0m
[2;36m                    [0m         [39mINFO:__main__:Running: docker run --privileged --shm-[0m[33msize[0m[39m=[0m[35m2g[0m[39m --platform linux/amd64[0m [2m                [0m
[2;36m                    [0m         [39m--rm -i -e [0m[33mHELPER[0m[39m=[0m[3;92mTrue[0m[39m -e [0m[33mARCHITECTURE[0m[39m=[0m[35mx86_64[0m[39m -v [0m                                   [2m                [0m
[2;36m                    [0m         [35m/home/qqor/aixcc/crete/packages/python_oss_fuzz/.oss_fuzz/build/out/[0m[95mdav1d[0m[39m:[0m[35m/[0m[95mout[0m[39m -v [0m  [2m                [0m
[2;36m                    [0m         [35m/tmp/[0m[95mtmpb9xzoc7n[0m[39m:[0m[35m/[0m[95mtestcase[0m[39m -t ghcr.io/aixcc-finals/base-runner:v1.[0m[1;36m3.0[0m[39m reproduce [0m    [2m                [0m
[2;36m                    [0m         [39mdav1d_fuzzer_mt -[0m[33mruns[0m[39m=[0m[1;36m100[0m[39m.[0m                                                          [2m                [0m
[2;36m                    [0m                                                                                             [2m                [0m
[2;36m                    [0m         [39m<[0m[35m/[0m[95missue[0m[1m>[0m                                                                            [2m                [0m
[2;36m                    [0m         ===Analysis [33mReport[0m===                                                               [2m                [0m
[2;36m                    [0m                                                                                             [2m                [0m
[2;36m                    [0m         ===Evaluation [33mEnd[0m===                                                                [2m                [0m
[2;36m[12/19/25 00:00:32][0m[2;36m [0m[34mINFO    [0m Prism Supervisor Routing: TeamStatus.EVALUATE -> TeamStatus.ANALYZE                  ]8;id=195099;file:///home/qqor/aixcc/crete/packages/crete/framework/agent/services/prism/__init__.py\[2m__init__.py[0m]8;;\[2m:[0m]8;id=146193;file:///home/qqor/aixcc/crete/packages/crete/framework/agent/services/prism/__init__.py#160\[2m160[0m]8;;\
[2;36m                    [0m         [1m([0mn evals: [1;36m2[0m, patch status: PatchStatus.UNCOMPILABLE[1m)[0m                                 [2m               [0m
[2;36m[12/19/25 00:01:04][0m[2;36m [0m[34mINFO    [0m Prism Supervisor Routing: TeamStatus.ANALYZE -> TeamStatus.[1;33mPATCH[0m                     ]8;id=606150;file:///home/qqor/aixcc/crete/packages/crete/framework/agent/services/prism/__init__.py\[2m__init__.py[0m]8;;\[2m:[0m]8;id=786043;file:///home/qqor/aixcc/crete/packages/crete/framework/agent/services/prism/__init__.py#160\[2m160[0m]8;;\
[2;36m                    [0m         [1m([0mn evals: [1;36m2[0m, patch status: PatchStatus.UNCOMPILABLE[1m)[0m                                 [2m               [0m
[2;36m[12/19/25 00:02:30][0m[2;36m [0m[34mINFO    [0m Prism Supervisor Routing: TeamStatus.[1;33mPATCH[0m -> TeamStatus.EVALUATE                    ]8;id=896488;file:///home/qqor/aixcc/crete/packages/crete/framework/agent/services/prism/__init__.py\[2m__init__.py[0m]8;;\[2m:[0m]8;id=10440;file:///home/qqor/aixcc/crete/packages/crete/framework/agent/services/prism/__init__.py#160\[2m160[0m]8;;\
[2;36m                    [0m         [1m([0mn evals: [1;36m2[0m, patch status: PatchStatus.UNCOMPILABLE[1m)[0m                                 [2m               [0m
[2;36m                   [0m[2;36m [0m[34mINFO    [0m ===Evaluator [33mResult[0m===                                                              ]8;id=147808;file:///home/qqor/aixcc/crete/packages/crete/framework/agent/services/prism/teams/evaluation/evaluator.py\[2mevaluator.py[0m]8;;\[2m:[0m]8;id=543463;file:///home/qqor/aixcc/crete/packages/crete/framework/agent/services/prism/teams/evaluation/evaluator.py#204\[2m204[0m]8;;\
[2;36m                    [0m         PatchStatus.UNCOMPILABLE                                                            [2m                [0m
[2;36m                    [0m         ===Evaluator [33mDiff[0m===                                                                [2m                [0m
[2;36m                    [0m                                                                                             [2m                [0m
[2;36m                    [0m         ===Patch [33mResult[0m===                                                                  [2m                [0m
[2;36m                    [0m         The patch did not apply, here are some possible reasons:                            [2m                [0m
[2;36m                    [0m         - Trying to patch a file that does not exist in the repository.                     [2m                [0m
[2;36m                    [0m         - Trying to patch fuzzer or harness related file. [1m([0mThese files are used to test the [2m                [0m
[2;36m                    [0m         validity of the patch.[1m)[0m                                                             [2m                [0m
[2;36m                    [0m         - Incorrect patch format. [1m([0mFocus on the patch formatting instructions.[1m)[0m             [2m                [0m
[2;36m                    [0m         ===[33mIssue[0m===                                                                         [2m                [0m
[2;36m                    [0m         + [33mFUZZER[0m=[35mdav1d_fuzzer_mt[0m                                                            [2m                [0m
[2;36m                    [0m         + shift                                                                             [2m                [0m
[2;36m                    [0m         + [32m'[0m[32m[[0m[32m'[0m [32m'!'[0m -v TESTCASE [32m'[0m[32m][0m[32m'[0m                                                           [2m                [0m
[2;36m                    [0m         + [33mTESTCASE[0m=[35m/[0m[95mtestcase[0m                                                                [2m                [0m
[2;36m                    [0m         + [32m'[0m[32m[[0m[32m'[0m [32m'!'[0m -f [35m/[0m[95mtestcase[0m [32m'[0m[32m][0m[32m'[0m                                                          [2m                [0m
[2;36m                    [0m         + export [33mRUN_FUZZER_MODE[0m=[35minteractive[0m                                                [2m                [0m
[2;36m                    [0m         + [33mRUN_FUZZER_MODE[0m=[35minteractive[0m                                                       [2m                [0m
[2;36m                    [0m         + export [33mFUZZING_ENGINE[0m=[35mlibfuzzer[0m                                                   [2m                [0m
[2;36m                    [0m         + [33mFUZZING_ENGINE[0m=[35mlibfuzzer[0m                                                          [2m                [0m
[2;36m                    [0m         + export [33mSKIP_SEED_CORPUS[0m=[1;36m1[0m                                                         [2m                [0m
[2;36m                    [0m         + [33mSKIP_SEED_CORPUS[0m=[1;36m1[0m                                                                [2m                [0m
[2;36m                    [0m         + run_fuzzer dav1d_fuzzer_mt -[33mruns[0m=[1;36m100[0m [35m/[0m[95mtestcase[0m                                    [2m                [0m
[2;36m                    [0m         vm.mmap_rnd_bits = [1;36m28[0m                                                               [2m                [0m
[2;36m                    [0m         [35m/out/[0m[95mdav1d_fuzzer_mt[0m -[33mrss_limit_mb[0m=[1;36m2560[0m -[33mtimeout[0m=[1;36m25[0m -[33mruns[0m=[1;36m100[0m [35m/[0m[95mtestcase[0m             [2m                [0m
[2;36m                    [0m         -[33mrss_limit_mb[0m=[1;36m0[0m -[33mruns[0m=[1;36m4[0m -[33mtimeout[0m=[1;36m300[0m -[33mtimeout_exitcode[0m=[1;36m0[0m [1m<[0m[39m [0m[35m/dev/[0m[95mnull[0m                [2m                [0m
[2;36m                    [0m         [39mbash: [0m[35m/out/[0m[95mdav1d_fuzzer_mt[0m[39m: Permission denied[0m                                       [2m                [0m
[2;36m                    [0m         [39msubprocess command returned a non-zero exit status: [0m[1;36m126[0m                             [2m                [0m
[2;36m                    [0m         [39mINFO:__main__:Running: docker run --privileged --shm-[0m[33msize[0m[39m=[0m[35m2g[0m[39m --platform linux/amd64[0m [2m                [0m
[2;36m                    [0m         [39m--rm -i -e [0m[33mHELPER[0m[39m=[0m[3;92mTrue[0m[39m -e [0m[33mARCHITECTURE[0m[39m=[0m[35mx86_64[0m[39m -v [0m                                   [2m                [0m
[2;36m                    [0m         [35m/home/qqor/aixcc/crete/packages/python_oss_fuzz/.oss_fuzz/build/out/[0m[95mdav1d[0m[39m:[0m[35m/[0m[95mout[0m[39m -v [0m  [2m                [0m
[2;36m                    [0m         [35m/tmp/[0m[95mtmpb9xzoc7n[0m[39m:[0m[35m/[0m[95mtestcase[0m[39m -t ghcr.io/aixcc-finals/base-runner:v1.[0m[1;36m3.0[0m[39m reproduce [0m    [2m                [0m
[2;36m                    [0m         [39mdav1d_fuzzer_mt -[0m[33mruns[0m[39m=[0m[1;36m100[0m[39m.[0m                                                          [2m                [0m
[2;36m                    [0m                                                                                             [2m                [0m
[2;36m                    [0m         [39m===Evaluation [0m[33mReport[0m[39m===[0m                                                             [2m                [0m
[2;36m                    [0m         [39m# Evaluation Report[0m                                                                 [2m                [0m
[2;36m                    [0m                                                                                             [2m                [0m
[2;36m                    [0m         [39m## Summary[0m                                                                          [2m                [0m
[2;36m                    [0m         [39mAn automated reproduction of the `dav1d_fuzzer_mt` target under OSS-Fuzz failed [0m    [2m                [0m
[2;36m                    [0m         [39mwith a â€œPermission deniedâ€ error when attempting to execute `[0m[35m/out/[0m[95mdav1d_fuzzer_mt[0m[39m`.[0m [2m                [0m
[2;36m                    [0m         [39mNo patch changes were provided in the attempt [0m[1;39m([0m[39m`<patch_attempt>` was empty[0m[1;39m)[0m[39m, and [0m   [2m                [0m
[2;36m                    [0m         [39mthe patch application step failed with generic hints about missing files or [0m        [2m                [0m
[2;36m                    [0m         [39mincorrect formatting.[0m                                                               [2m                [0m
[2;36m                    [0m                                                                                             [2m                [0m
[2;36m                    [0m         [39m## Description[0m                                                                      [2m                [0m
[2;36m                    [0m                                                                                             [2m                [0m
[2;36m                    [0m         [39mInitial Issue  [0m                                                                     [2m                [0m
[2;36m                    [0m         [39m- The fuzzer invocation is driven by the OSS-Fuzz infrastructure, setting [0m          [2m                [0m
[2;36m                    [0m         [39menvironment variables [0m[1;39m([0m[33mRUN_FUZZER_MODE[0m[39m=[0m[35minteractive[0m[39m, [0m[33mFUZZING_ENGINE[0m[39m=[0m[35mlibfuzzer[0m[39m, [0m      [2m                [0m
[2;36m                    [0m         [33mSKIP_SEED_CORPUS[0m[39m=[0m[1;36m1[0m[1;39m)[0m[39m and then calling `run_fuzzer dav1d_fuzzer_mt -[0m[33mruns[0m[39m=[0m[1;36m100[0m[39m [0m         [2m                [0m
[2;36m                    [0m         [35m/[0m[95mtestcase[0m[39m`.  [0m                                                                       [2m                [0m
[2;36m                    [0m         [39m- The underlying command issued by the runner is:  [0m                                 [2m                [0m
[2;36m                    [0m         [39m  `[0m[35m/out/[0m[95mdav1d_fuzzer_mt[0m[39m -[0m[33mrss_limit_mb[0m[39m=[0m[1;36m2560[0m[39m -[0m[33mtimeout[0m[39m=[0m[1;36m25[0m[39m -[0m[33mruns[0m[39m=[0m[1;36m100[0m[39m [0m[35m/[0m[95mtestcase[0m[39m [0m         [2m                [0m
[2;36m                    [0m         [39m-[0m[33mrss_limit_mb[0m[39m=[0m[1;36m0[0m[39m -[0m[33mruns[0m[39m=[0m[1;36m4[0m[39m -[0m[33mtimeout[0m[39m=[0m[1;36m300[0m[39m -[0m[33mtimeout_exitcode[0m[39m=[0m[1;36m0[0m[39m`  [0m                         [2m                [0m
[2;36m                    [0m         [39m- The process fails immediately with:  [0m                                             [2m                [0m
[2;36m                    [0m         [39m  `bash: [0m[35m/out/[0m[95mdav1d_fuzzer_mt[0m[39m: Permission denied`  [0m                                 [2m                [0m
[2;36m                    [0m         [39m  This causes the reproduction command to exit with status [0m[1;36m126[0m[39m, indicating that the[0m [2m                [0m
[2;36m                    [0m         [39mbinary exists but is not executable.[0m                                                [2m                [0m
[2;36m                    [0m                                                                                             [2m                [0m
[2;36m                    [0m         [39mImportant Observations  [0m                                                            [2m                [0m
[2;36m                    [0m         [39m- The fuzzer binary `[0m[35m/out/[0m[95mdav1d_fuzzer_mt[0m[39m` is present in the containerâ€™s filesystem[0m [2m                [0m
[2;36m                    [0m         [39mbut lacks execute permissions.  [0m                                                    [2m                [0m
[2;36m                    [0m         [39m- The OSS-Fuzz runner is configured correctly for a libFuzzer job in â€œinteractiveâ€ [0m [2m                [0m
[2;36m                    [0m         [39mmode.  [0m                                                                             [2m                [0m
[2;36m                    [0m         [39m- The error arises before any libFuzzer logic can run; it is a shell-level [0m         [2m                [0m
[2;36m                    [0m         [39mpermission issue.  [0m                                                                 [2m                [0m
[2;36m                    [0m         [39m- The harness code itself is only an entry point; the failure is external to the [0m   [2m                [0m
[2;36m                    [0m         [39mfuzz target logic.[0m                                                                  [2m                [0m
[2;36m                    [0m                                                                                             [2m                [0m
[2;36m                    [0m         [39mPatch Attempt and Application Log  [0m                                                 [2m                [0m
[2;36m                    [0m         [39m- No content was present in `<patch_attempt>`, suggesting either an empty patch or [0m [2m                [0m
[2;36m                    [0m         [39ma patch file that could not be located.  [0m                                           [2m                [0m
[2;36m                    [0m         [39m- The patch application phase reported:  [0m                                           [2m                [0m
[2;36m                    [0m         [39m  â€œThe patch did not apply, here are some possible reasons:  [0m                       [2m                [0m
[2;36m                    [0m         [39m    â€¢ Trying to patch a file that does not exist in the repository.  [0m               [2m                [0m
[2;36m                    [0m         [39m    â€¢ Trying to patch fuzzer or harness related file. â€¦  [0m                           [2m                [0m
[2;36m                    [0m         [39m    â€¢ Incorrect patch format. [0m[1;39m([0m[39mFocus on the patch formatting instructions.[0m[1;39m)[0m[39mâ€  [0m      [2m                [0m
[2;36m                    [0m         [39m- No files were modified, and no changes landed in the codebase.[0m                    [2m                [0m
[2;36m                    [0m                                                                                             [2m                [0m
[2;36m                    [0m         [39mAreas for Further Investigation  [0m                                                   [2m                [0m
[2;36m                    [0m         [39m- File mode and ownership of `[0m[35m/out/[0m[95mdav1d_fuzzer_mt[0m[39m` as produced by the build. [0m      [2m                [0m
[2;36m                    [0m         [39mInspect the Docker build steps or the build scripts that copy the fuzzer binary [0m    [2m                [0m
[2;36m                    [0m         [39minto `[0m[35m/[0m[95mout[0m[39m`.  [0m                                                                      [2m                [0m
[2;36m                    [0m         [39m- The Dockerfile or build rule that governs the installation of `dav1d_fuzzer_mt`. [0m [2m                [0m
[2;36m                    [0m         [39mConfirm that `chmod +x` is applied after compilation.  [0m                             [2m                [0m
[2;36m                    [0m         [39m- Repository layout under `projects/dav1d/` [0m[1;39m([0m[39mor equivalent[0m[1;39m)[0m[39m where the fuzzer is [0m    [2m                [0m
[2;36m                    [0m         [39mdefined, to check for custom build or install commands that might override [0m         [2m                [0m
[2;36m                    [0m         [39mpermissions.  [0m                                                                      [2m                [0m
[2;36m                    [0m         [39m- The builder image [0m[1;39m([0m[39m`ghcr.io/aixcc-finals/base-runner:v1.[0m[1;36m3.0[0m[39m`[0m[1;39m)[0m[39m and any mounting [0m   [2m                [0m
[2;36m                    [0m         [39moptions that could affect file permissions in the container.  [0m                      [2m                [0m
[2;36m                    [0m         [39m- Any CI or build logs that show the compilation and installation of [0m               [2m                [0m
[2;36m                    [0m         [39m`dav1d_fuzzer_mt` to identify where the permission bits are dropped.[0m                [2m                [0m
[2;36m                    [0m                                                                                             [2m                [0m
[2;36m                    [0m         [39m## Initial Issue Log[0m                                                                [2m                [0m
[2;36m                    [0m         [39mHere is the initial issue log of the codebase:[0m                                      [2m                [0m
[2;36m                    [0m         [39m<issue>[0m                                                                             [2m                [0m
[2;36m                    [0m         [39m+ [0m[33mFUZZER[0m[39m=[0m[35mdav1d_fuzzer_mt[0m                                                            [2m                [0m
[2;36m                    [0m         [39m+ shift[0m                                                                             [2m                [0m
[2;36m                    [0m         [39m+ [0m[32m'[0m[32m[[0m[32m'[0m[39m [0m[32m'!'[0m[39m -v TESTCASE [0m[32m'[0m[32m][0m[32m'[0m                                                           [2m                [0m
[2;36m                    [0m         [39m+ [0m[33mTESTCASE[0m[39m=[0m[35m/[0m[95mtestcase[0m                                                                [2m                [0m
[2;36m                    [0m         [39m+ [0m[32m'[0m[32m[[0m[32m'[0m[39m [0m[32m'!'[0m[39m -f [0m[35m/[0m[95mtestcase[0m[39m [0m[32m'[0m[32m][0m[32m'[0m                                                          [2m                [0m
[2;36m                    [0m         [39m+ export [0m[33mRUN_FUZZER_MODE[0m[39m=[0m[35minteractive[0m                                                [2m                [0m
[2;36m                    [0m         [39m+ [0m[33mRUN_FUZZER_MODE[0m[39m=[0m[35minteractive[0m                                                       [2m                [0m
[2;36m                    [0m         [39m+ export [0m[33mFUZZING_ENGINE[0m[39m=[0m[35mlibfuzzer[0m                                                   [2m                [0m
[2;36m                    [0m         [39m+ [0m[33mFUZZING_ENGINE[0m[39m=[0m[35mlibfuzzer[0m                                                          [2m                [0m
[2;36m                    [0m         [39m+ export [0m[33mSKIP_SEED_CORPUS[0m[39m=[0m[1;36m1[0m                                                         [2m                [0m
[2;36m                    [0m         [39m+ [0m[33mSKIP_SEED_CORPUS[0m[39m=[0m[1;36m1[0m                                                                [2m                [0m
[2;36m                    [0m         [39m+ run_fuzzer dav1d_fuzzer_mt -[0m[33mruns[0m[39m=[0m[1;36m100[0m[39m [0m[35m/[0m[95mtestcase[0m                                    [2m                [0m
[2;36m                    [0m         [39mvm.mmap_rnd_bits = [0m[1;36m28[0m                                                               [2m                [0m
[2;36m                    [0m         [35m/out/[0m[95mdav1d_fuzzer_mt[0m[39m -[0m[33mrss_limit_mb[0m[39m=[0m[1;36m2560[0m[39m -[0m[33mtimeout[0m[39m=[0m[1;36m25[0m[39m -[0m[33mruns[0m[39m=[0m[1;36m100[0m[39m [0m[35m/[0m[95mtestcase[0m[39m [0m            [2m                [0m
[2;36m                    [0m         [39m-[0m[33mrss_limit_mb[0m[39m=[0m[1;36m0[0m[39m -[0m[33mruns[0m[39m=[0m[1;36m4[0m[39m -[0m[33mtimeout[0m[39m=[0m[1;36m300[0m[39m -[0m[33mtimeout_exitcode[0m[39m=[0m[1;36m0[0m[39m < [0m[35m/dev/[0m[95mnull[0m                [2m                [0m
[2;36m                    [0m         [39mbash: [0m[35m/out/[0m[95mdav1d_fuzzer_mt[0m[39m: Permission denied[0m                                       [2m                [0m
[2;36m                    [0m         [39msubprocess command returned a non-zero exit status: [0m[1;36m126[0m                             [2m                [0m
[2;36m                    [0m         [39mINFO:__main__:Running: docker run --privileged --shm-[0m[33msize[0m[39m=[0m[35m2g[0m[39m --platform linux/amd64[0m [2m                [0m
[2;36m                    [0m         [39m--rm -i -e [0m[33mHELPER[0m[39m=[0m[3;92mTrue[0m[39m -e [0m[33mARCHITECTURE[0m[39m=[0m[35mx86_64[0m[39m -v [0m                                   [2m                [0m
[2;36m                    [0m         [35m/home/qqor/aixcc/crete/packages/python_oss_fuzz/.oss_fuzz/build/out/[0m[95mdav1d[0m[39m:[0m[35m/[0m[95mout[0m[39m -v [0m  [2m                [0m
[2;36m                    [0m         [35m/tmp/[0m[95mtmpb9xzoc7n[0m[39m:[0m[35m/[0m[95mtestcase[0m[39m -t ghcr.io/aixcc-finals/base-runner:v1.[0m[1;36m3.0[0m[39m reproduce [0m    [2m                [0m
[2;36m                    [0m         [39mdav1d_fuzzer_mt -[0m[33mruns[0m[39m=[0m[1;36m100[0m[39m.[0m                                                          [2m                [0m
[2;36m                    [0m                                                                                             [2m                [0m
[2;36m                    [0m         [39m<[0m[35m/[0m[95missue[0m[39m>[0m                                                                            [2m                [0m
[2;36m                    [0m                                                                                             [2m                [0m
[2;36m                    [0m         [39m## Additional Issue Log[0m                                                             [2m                [0m
[2;36m                    [0m         [39mHere is the additional issue log after the last patch attempt:[0m                      [2m                [0m
[2;36m                    [0m         [39m<additional_issue>[0m                                                                  [2m                [0m
[2;36m                    [0m         [39mThe patch did not apply, here are some possible reasons:[0m                            [2m                [0m
[2;36m                    [0m         [39m- Trying to patch a file that does not exist in the repository.[0m                     [2m                [0m
[2;36m                    [0m         [39m- Trying to patch fuzzer or harness related file. [0m[1;39m([0m[39mThese files are used to test the[0m [2m                [0m
[2;36m                    [0m         [39mvalidity of the patch.[0m[1;39m)[0m                                                             [2m                [0m
[2;36m                    [0m         [39m- Incorrect patch format. [0m[1;39m([0m[39mFocus on the patch formatting instructions.[0m[1;39m)[0m             [2m                [0m
[2;36m                    [0m         [39m<[0m[35m/[0m[95madditional_issue[0m[1m>[0m                                                                 [2m                [0m
[2;36m                    [0m                                                                                             [2m                [0m
[2;36m                    [0m         ## Notes                                                                            [2m                [0m
[2;36m                    [0m         - All patch attempts are applied to the initial codebase. Reapply the the previous  [2m                [0m
[2;36m                    [0m         patches if needed.                                                                  [2m                [0m
[2;36m                    [0m         - If multiple different issues are present, all the issues must be resolved in a    [2m                [0m
[2;36m                    [0m         single patch attempt.                                                               [2m                [0m
[2;36m                    [0m         - Try different approaches to resolve the issues.                                   [2m                [0m
[2;36m                    [0m         ===Analysis [33mReport[0m===                                                               [2m                [0m
[2;36m                    [0m                                                                                             [2m                [0m
[2;36m                    [0m         ===Evaluation [33mEnd[0m===                                                                [2m                [0m
[2;36m[12/19/25 00:02:38][0m[2;36m [0m[34mINFO    [0m Prism Supervisor Routing: TeamStatus.EVALUATE -> TeamStatus.ANALYZE                  ]8;id=539552;file:///home/qqor/aixcc/crete/packages/crete/framework/agent/services/prism/__init__.py\[2m__init__.py[0m]8;;\[2m:[0m]8;id=581695;file:///home/qqor/aixcc/crete/packages/crete/framework/agent/services/prism/__init__.py#160\[2m160[0m]8;;\
[2;36m                    [0m         [1m([0mn evals: [1;36m3[0m, patch status: PatchStatus.UNCOMPILABLE[1m)[0m                                 [2m               [0m
[2;36m[12/19/25 00:05:01][0m[2;36m [0m[34mINFO    [0m Prism Supervisor Routing: TeamStatus.ANALYZE -> TeamStatus.[1;33mPATCH[0m                     ]8;id=663597;file:///home/qqor/aixcc/crete/packages/crete/framework/agent/services/prism/__init__.py\[2m__init__.py[0m]8;;\[2m:[0m]8;id=816008;file:///home/qqor/aixcc/crete/packages/crete/framework/agent/services/prism/__init__.py#160\[2m160[0m]8;;\
[2;36m                    [0m         [1m([0mn evals: [1;36m3[0m, patch status: PatchStatus.UNCOMPILABLE[1m)[0m                                 [2m               [0m
[2;36m[12/19/25 00:06:30][0m[2;36m [0m[34mINFO    [0m Prism Supervisor Routing: TeamStatus.[1;33mPATCH[0m -> TeamStatus.EVALUATE                    ]8;id=237828;file:///home/qqor/aixcc/crete/packages/crete/framework/agent/services/prism/__init__.py\[2m__init__.py[0m]8;;\[2m:[0m]8;id=709331;file:///home/qqor/aixcc/crete/packages/crete/framework/agent/services/prism/__init__.py#160\[2m160[0m]8;;\
[2;36m                    [0m         [1m([0mn evals: [1;36m3[0m, patch status: PatchStatus.UNCOMPILABLE[1m)[0m                                 [2m               [0m
[2;36m                   [0m[2;36m [0m[34mINFO    [0m ===Evaluator [33mResult[0m===                                                              ]8;id=120939;file:///home/qqor/aixcc/crete/packages/crete/framework/agent/services/prism/teams/evaluation/evaluator.py\[2mevaluator.py[0m]8;;\[2m:[0m]8;id=723966;file:///home/qqor/aixcc/crete/packages/crete/framework/agent/services/prism/teams/evaluation/evaluator.py#204\[2m204[0m]8;;\
[2;36m                    [0m         PatchStatus.UNCOMPILABLE                                                            [2m                [0m
[2;36m                    [0m         ===Evaluator [33mDiff[0m===                                                                [2m                [0m
[2;36m                    [0m                                                                                             [2m                [0m
[2;36m                    [0m         ===Patch [33mResult[0m===                                                                  [2m                [0m
[2;36m                    [0m         The patch did not apply, here are some possible reasons:                            [2m                [0m
[2;36m                    [0m         - Trying to patch a file that does not exist in the repository.                     [2m                [0m
[2;36m                    [0m         - Trying to patch fuzzer or harness related file. [1m([0mThese files are used to test the [2m                [0m
[2;36m                    [0m         validity of the patch.[1m)[0m                                                             [2m                [0m
[2;36m                    [0m         - Incorrect patch format. [1m([0mFocus on the patch formatting instructions.[1m)[0m             [2m                [0m
[2;36m                    [0m         ===[33mIssue[0m===                                                                         [2m                [0m
[2;36m                    [0m         + [33mFUZZER[0m=[35mdav1d_fuzzer_mt[0m                                                            [2m                [0m
[2;36m                    [0m         + shift                                                                             [2m                [0m
[2;36m                    [0m         + [32m'[0m[32m[[0m[32m'[0m [32m'!'[0m -v TESTCASE [32m'[0m[32m][0m[32m'[0m                                                           [2m                [0m
[2;36m                    [0m         + [33mTESTCASE[0m=[35m/[0m[95mtestcase[0m                                                                [2m                [0m
[2;36m                    [0m         + [32m'[0m[32m[[0m[32m'[0m [32m'!'[0m -f [35m/[0m[95mtestcase[0m [32m'[0m[32m][0m[32m'[0m                                                          [2m                [0m
[2;36m                    [0m         + export [33mRUN_FUZZER_MODE[0m=[35minteractive[0m                                                [2m                [0m
[2;36m                    [0m         + [33mRUN_FUZZER_MODE[0m=[35minteractive[0m                                                       [2m                [0m
[2;36m                    [0m         + export [33mFUZZING_ENGINE[0m=[35mlibfuzzer[0m                                                   [2m                [0m
[2;36m                    [0m         + [33mFUZZING_ENGINE[0m=[35mlibfuzzer[0m                                                          [2m                [0m
[2;36m                    [0m         + export [33mSKIP_SEED_CORPUS[0m=[1;36m1[0m                                                         [2m                [0m
[2;36m                    [0m         + [33mSKIP_SEED_CORPUS[0m=[1;36m1[0m                                                                [2m                [0m
[2;36m                    [0m         + run_fuzzer dav1d_fuzzer_mt -[33mruns[0m=[1;36m100[0m [35m/[0m[95mtestcase[0m                                    [2m                [0m
[2;36m                    [0m         vm.mmap_rnd_bits = [1;36m28[0m                                                               [2m                [0m
[2;36m                    [0m         [35m/out/[0m[95mdav1d_fuzzer_mt[0m -[33mrss_limit_mb[0m=[1;36m2560[0m -[33mtimeout[0m=[1;36m25[0m -[33mruns[0m=[1;36m100[0m [35m/[0m[95mtestcase[0m             [2m                [0m
[2;36m                    [0m         -[33mrss_limit_mb[0m=[1;36m0[0m -[33mruns[0m=[1;36m4[0m -[33mtimeout[0m=[1;36m300[0m -[33mtimeout_exitcode[0m=[1;36m0[0m [1m<[0m[39m [0m[35m/dev/[0m[95mnull[0m                [2m                [0m
[2;36m                    [0m         [39mbash: [0m[35m/out/[0m[95mdav1d_fuzzer_mt[0m[39m: Permission denied[0m                                       [2m                [0m
[2;36m                    [0m         [39msubprocess command returned a non-zero exit status: [0m[1;36m126[0m                             [2m                [0m
[2;36m                    [0m         [39mINFO:__main__:Running: docker run --privileged --shm-[0m[33msize[0m[39m=[0m[35m2g[0m[39m --platform linux/amd64[0m [2m                [0m
[2;36m                    [0m         [39m--rm -i -e [0m[33mHELPER[0m[39m=[0m[3;92mTrue[0m[39m -e [0m[33mARCHITECTURE[0m[39m=[0m[35mx86_64[0m[39m -v [0m                                   [2m                [0m
[2;36m                    [0m         [35m/home/qqor/aixcc/crete/packages/python_oss_fuzz/.oss_fuzz/build/out/[0m[95mdav1d[0m[39m:[0m[35m/[0m[95mout[0m[39m -v [0m  [2m                [0m
[2;36m                    [0m         [35m/tmp/[0m[95mtmpb9xzoc7n[0m[39m:[0m[35m/[0m[95mtestcase[0m[39m -t ghcr.io/aixcc-finals/base-runner:v1.[0m[1;36m3.0[0m[39m reproduce [0m    [2m                [0m
[2;36m                    [0m         [39mdav1d_fuzzer_mt -[0m[33mruns[0m[39m=[0m[1;36m100[0m[39m.[0m                                                          [2m                [0m
[2;36m                    [0m                                                                                             [2m                [0m
[2;36m                    [0m         [39m===Evaluation [0m[33mReport[0m[39m===[0m                                                             [2m                [0m
[2;36m                    [0m         [39m# Evaluation Report[0m                                                                 [2m                [0m
[2;36m                    [0m                                                                                             [2m                [0m
[2;36m                    [0m         [39m## Summary[0m                                                                          [2m                [0m
[2;36m                    [0m         [39mThe initial issue arises when attempting to run the `dav1d_fuzzer_mt` binary under [0m [2m                [0m
[2;36m                    [0m         [39mlibFuzzer in an OSS-Fuzz-like Docker environment. The fuzzer invocation ends with a[0m [2m                [0m
[2;36m                    [0m         [39mâ€œPermission deniedâ€ error [0m[1;39m([0m[39mexit status [0m[1;36m126[0m[1;39m)[0m[39m when executing `[0m[35m/out/[0m[95mdav1d_fuzzer_mt[0m[39m`. [0m [2m                [0m
[2;36m                    [0m         [39mA patch was attempted [0m[1;39m([0m[39mno diff content provided[0m[1;39m)[0m[39m, but it failed to apply. The patch[0m [2m                [0m
[2;36m                    [0m         [39mapplication log suggests missing target files, possible misuse of patch format, or [0m [2m                [0m
[2;36m                    [0m         [39mtargeting harness/fuzzer files that shouldnâ€™t be modified.[0m                          [2m                [0m
[2;36m                    [0m                                                                                             [2m                [0m
[2;36m                    [0m         [39m## Description[0m                                                                      [2m                [0m
[2;36m                    [0m                                                                                             [2m                [0m
[2;36m                    [0m         [1;36m1[0m[39m. Initial Issue  [0m                                                                  [2m                [0m
[2;36m                    [0m         [39m   - Command sequence sets up environment variables [0m[1;39m([0m[39m`FUZZER`, `TESTCASE`, [0m         [2m                [0m
[2;36m                    [0m         [39m`RUN_FUZZER_MODE`, `FUZZING_ENGINE`, `SKIP_SEED_CORPUS`[0m[1;39m)[0m[39m and invokes the fuzzer via[0m [2m                [0m
[2;36m                    [0m         [39m`run_fuzzer dav1d_fuzzer_mt -[0m[33mruns[0m[39m=[0m[1;36m100[0m[39m [0m[35m/[0m[95mtestcase[0m[39m`.  [0m                                 [2m                [0m
[2;36m                    [0m         [39m   - The runner then calls `[0m[35m/out/[0m[95mdav1d_fuzzer_mt[0m[39m` under Docker with flags for RSS [0m  [2m                [0m
[2;36m                    [0m         [39mlimit, timeout, and number of runs.  [0m                                               [2m                [0m
[2;36m                    [0m         [39m   - The process fails immediately with `bash: [0m[35m/out/[0m[95mdav1d_fuzzer_mt[0m[39m: Permission [0m    [2m                [0m
[2;36m                    [0m         [39mdenied` and returns exit status [0m[1;36m126[0m[39m.  [0m                                              [2m                [0m
[2;36m                    [0m         [39m   - The harness logs confirm use of a privileged Docker container [0m[1;39m([0m[39m`--privileged [0m  [2m                [0m
[2;36m                    [0m         [39m--shm-[0m[33msize[0m[39m=[0m[35m2g[0m[39m [0m[33m...[0m[39m ghcr.io/aixcc-finals/base-runner:v1.[0m[1;36m3.0[0m[39m reproduce [0m[33m...[0m[39m`[0m[1;39m)[0m[39m.[0m          [2m                [0m
[2;36m                    [0m                                                                                             [2m                [0m
[2;36m                    [0m         [1;36m2[0m[39m. Observations and Findings  [0m                                                      [2m                [0m
[2;36m                    [0m         [39m   - The fuzzer binary exists at `[0m[35m/out/[0m[95mdav1d_fuzzer_mt[0m[39m` but lacks execute [0m          [2m                [0m
[2;36m                    [0m         [39mpermission.  [0m                                                                       [2m                [0m
[2;36m                    [0m         [39m   - Exit status [0m[1;36m126[0m[39m indicates the kernel refused to execute the file, typically [0m   [2m                [0m
[2;36m                    [0m         [39mdue to missing execute bits or an invalid interpreter.  [0m                            [2m                [0m
[2;36m                    [0m         [39m   - The harness code simply orchestrates the fuzzer execution; it is not the root [0m [2m                [0m
[2;36m                    [0m         [39mcause but the entry point where the permission error surfaces.  [0m                    [2m                [0m
[2;36m                    [0m         [39m   - No modifications to the fuzzer source or build scripts are shown in the patch [0m [2m                [0m
[2;36m                    [0m         [39mattempt, implying the build process or Docker setup may not have marked the binary [0m [2m                [0m
[2;36m                    [0m         [39mas executable.[0m                                                                      [2m                [0m
[2;36m                    [0m                                                                                             [2m                [0m
[2;36m                    [0m         [1;36m3[0m[39m. Patch Attempt  [0m                                                                  [2m                [0m
[2;36m                    [0m         [39m   - The provided `<patch_attempt>` block is emptyâ€”no diff hunk or file path was [0m   [2m                [0m
[2;36m                    [0m         [39msupplied.  [0m                                                                         [2m                [0m
[2;36m                    [0m         [39m   - Because no patch content was delivered, the patch tool could not locate any [0m   [2m                [0m
[2;36m                    [0m         [39mfiles to modify.  [0m                                                                  [2m                [0m
[2;36m                    [0m         [39m   - Typical failure messages from `git apply` or `patch` are not shown, but the [0m   [2m                [0m
[2;36m                    [0m         [39msummary suggests:  [0m                                                                 [2m                [0m
[2;36m                    [0m         [39m     â€¢ The target [0m[1;35mfile[0m[1;39m([0m[39ms[0m[1;39m)[0m[39m do not exist in the repository.  [0m                         [2m                [0m
[2;36m                    [0m         [39m     â€¢ The patch might be aimed at generated fuzzer/harness artifacts [0m[1;39m([0m[39mwhich are [0m   [2m                [0m
[2;36m                    [0m         [39mnot tracked[0m[1;39m)[0m[39m.  [0m                                                                     [2m                [0m
[2;36m                    [0m         [39m     â€¢ The patch format might be incorrect [0m[1;39m([0m[39me.g., missing file headers or context [0m  [2m                [0m
[2;36m                    [0m         [39mlines[0m[1;39m)[0m[39m.[0m                                                                             [2m                [0m
[2;36m                    [0m                                                                                             [2m                [0m
[2;36m                    [0m         [1;36m4[0m[39m. Patch Application Log  [0m                                                          [2m                [0m
[2;36m                    [0m         [39m   - Output states â€œThe patch did not applyâ€ and lists plausible generic reasons:  [0m [2m                [0m
[2;36m                    [0m         [39m     â€¢ Missing files in the repo.  [0m                                                 [2m                [0m
[2;36m                    [0m         [39m     â€¢ Targeting fuzzer/harness files.  [0m                                            [2m                [0m
[2;36m                    [0m         [39m     â€¢ Incorrect patch formatting.  [0m                                                [2m                [0m
[2;36m                    [0m         [39m   - No specific file names or line numbers are mentioned, so itâ€™s unclear which [0m   [2m                [0m
[2;36m                    [0m         [39mpaths were targeted.[0m                                                                [2m                [0m
[2;36m                    [0m                                                                                             [2m                [0m
[2;36m                    [0m         [1;36m5[0m[39m. Areas for Further Investigation  [0m                                                [2m                [0m
[2;36m                    [0m         [39m   - Build scripts and Makefiles in the `dav1d` repository that produce [0m            [2m                [0m
[2;36m                    [0m         [39m`dav1d_fuzzer_mt`.  [0m                                                                [2m                [0m
[2;36m                    [0m         [39m   - CI or Dockerfile commands that copy or layer `[0m[35m/out/[0m[95mdav1d_fuzzer_mt[0m[39m` into the [0m  [2m                [0m
[2;36m                    [0m         [39mrunner image.  [0m                                                                     [2m                [0m
[2;36m                    [0m         [39m   - File-system permissions inside the Docker image: examine `ls -l [0m[35m/out/[0m[39m` [0m        [2m                [0m
[2;36m                    [0m         [39mimmediately before execution.  [0m                                                     [2m                [0m
[2;36m                    [0m         [39m   - The `run_fuzzer` helper script to confirm it does not alter permissions or [0m    [2m                [0m
[2;36m                    [0m         [39mmount options incorrectly.  [0m                                                        [2m                [0m
[2;36m                    [0m         [39m   - Docker run flags and user contexts [0m[1;39m([0m[39mUID/GID[0m[1;39m)[0m[39m that might prevent execution even[0m [2m                [0m
[2;36m                    [0m         [39mif the binary is marked executable.[0m                                                 [2m                [0m
[2;36m                    [0m                                                                                             [2m                [0m
[2;36m                    [0m         [39m## Initial Issue Log[0m                                                                [2m                [0m
[2;36m                    [0m         [39mHere is the initial issue log of the codebase:[0m                                      [2m                [0m
[2;36m                    [0m         [39m<issue>[0m                                                                             [2m                [0m
[2;36m                    [0m         [39m+ [0m[33mFUZZER[0m[39m=[0m[35mdav1d_fuzzer_mt[0m                                                            [2m                [0m
[2;36m                    [0m         [39m+ shift[0m                                                                             [2m                [0m
[2;36m                    [0m         [39m+ [0m[32m'[0m[32m[[0m[32m'[0m[39m [0m[32m'!'[0m[39m -v TESTCASE [0m[32m'[0m[32m][0m[32m'[0m                                                           [2m                [0m
[2;36m                    [0m         [39m+ [0m[33mTESTCASE[0m[39m=[0m[35m/[0m[95mtestcase[0m                                                                [2m                [0m
[2;36m                    [0m         [39m+ [0m[32m'[0m[32m[[0m[32m'[0m[39m [0m[32m'!'[0m[39m -f [0m[35m/[0m[95mtestcase[0m[39m [0m[32m'[0m[32m][0m[32m'[0m                                                          [2m                [0m
[2;36m                    [0m         [39m+ export [0m[33mRUN_FUZZER_MODE[0m[39m=[0m[35minteractive[0m                                                [2m                [0m
[2;36m                    [0m         [39m+ [0m[33mRUN_FUZZER_MODE[0m[39m=[0m[35minteractive[0m                                                       [2m                [0m
[2;36m                    [0m         [39m+ export [0m[33mFUZZING_ENGINE[0m[39m=[0m[35mlibfuzzer[0m                                                   [2m                [0m
[2;36m                    [0m         [39m+ [0m[33mFUZZING_ENGINE[0m[39m=[0m[35mlibfuzzer[0m                                                          [2m                [0m
[2;36m                    [0m         [39m+ export [0m[33mSKIP_SEED_CORPUS[0m[39m=[0m[1;36m1[0m                                                         [2m                [0m
[2;36m                    [0m         [39m+ [0m[33mSKIP_SEED_CORPUS[0m[39m=[0m[1;36m1[0m                                                                [2m                [0m
[2;36m                    [0m         [39m+ run_fuzzer dav1d_fuzzer_mt -[0m[33mruns[0m[39m=[0m[1;36m100[0m[39m [0m[35m/[0m[95mtestcase[0m                                    [2m                [0m
[2;36m                    [0m         [39mvm.mmap_rnd_bits = [0m[1;36m28[0m                                                               [2m                [0m
[2;36m                    [0m         [35m/out/[0m[95mdav1d_fuzzer_mt[0m[39m -[0m[33mrss_limit_mb[0m[39m=[0m[1;36m2560[0m[39m -[0m[33mtimeout[0m[39m=[0m[1;36m25[0m[39m -[0m[33mruns[0m[39m=[0m[1;36m100[0m[39m [0m[35m/[0m[95mtestcase[0m[39m [0m            [2m                [0m
[2;36m                    [0m         [39m-[0m[33mrss_limit_mb[0m[39m=[0m[1;36m0[0m[39m -[0m[33mruns[0m[39m=[0m[1;36m4[0m[39m -[0m[33mtimeout[0m[39m=[0m[1;36m300[0m[39m -[0m[33mtimeout_exitcode[0m[39m=[0m[1;36m0[0m[39m < [0m[35m/dev/[0m[95mnull[0m                [2m                [0m
[2;36m                    [0m         [39mbash: [0m[35m/out/[0m[95mdav1d_fuzzer_mt[0m[39m: Permission denied[0m                                       [2m                [0m
[2;36m                    [0m         [39msubprocess command returned a non-zero exit status: [0m[1;36m126[0m                             [2m                [0m
[2;36m                    [0m         [39mINFO:__main__:Running: docker run --privileged --shm-[0m[33msize[0m[39m=[0m[35m2g[0m[39m --platform linux/amd64[0m [2m                [0m
[2;36m                    [0m         [39m--rm -i -e [0m[33mHELPER[0m[39m=[0m[3;92mTrue[0m[39m -e [0m[33mARCHITECTURE[0m[39m=[0m[35mx86_64[0m[39m -v [0m                                   [2m                [0m
[2;36m                    [0m         [35m/home/qqor/aixcc/crete/packages/python_oss_fuzz/.oss_fuzz/build/out/[0m[95mdav1d[0m[39m:[0m[35m/[0m[95mout[0m[39m -v [0m  [2m                [0m
[2;36m                    [0m         [35m/tmp/[0m[95mtmpb9xzoc7n[0m[39m:[0m[35m/[0m[95mtestcase[0m[39m -t ghcr.io/aixcc-finals/base-runner:v1.[0m[1;36m3.0[0m[39m reproduce [0m    [2m                [0m
[2;36m                    [0m         [39mdav1d_fuzzer_mt -[0m[33mruns[0m[39m=[0m[1;36m100[0m[39m.[0m                                                          [2m                [0m
[2;36m                    [0m                                                                                             [2m                [0m
[2;36m                    [0m         [39m<[0m[35m/[0m[95missue[0m[39m>[0m                                                                            [2m                [0m
[2;36m                    [0m                                                                                             [2m                [0m
[2;36m                    [0m         [39m## Additional Issue Log[0m                                                             [2m                [0m
[2;36m                    [0m         [39mHere is the additional issue log after the last patch attempt:[0m                      [2m                [0m
[2;36m                    [0m         [39m<additional_issue>[0m                                                                  [2m                [0m
[2;36m                    [0m         [39mThe patch did not apply, here are some possible reasons:[0m                            [2m                [0m
[2;36m                    [0m         [39m- Trying to patch a file that does not exist in the repository.[0m                     [2m                [0m
[2;36m                    [0m         [39m- Trying to patch fuzzer or harness related file. [0m[1;39m([0m[39mThese files are used to test the[0m [2m                [0m
[2;36m                    [0m         [39mvalidity of the patch.[0m[1;39m)[0m                                                             [2m                [0m
[2;36m                    [0m         [39m- Incorrect patch format. [0m[1;39m([0m[39mFocus on the patch formatting instructions.[0m[1;39m)[0m             [2m                [0m
[2;36m                    [0m         [39m<[0m[35m/[0m[95madditional_issue[0m[1m>[0m                                                                 [2m                [0m
[2;36m                    [0m                                                                                             [2m                [0m
[2;36m                    [0m         ## Notes                                                                            [2m                [0m
[2;36m                    [0m         - All patch attempts are applied to the initial codebase. Reapply the the previous  [2m                [0m
[2;36m                    [0m         patches if needed.                                                                  [2m                [0m
[2;36m                    [0m         - If multiple different issues are present, all the issues must be resolved in a    [2m                [0m
[2;36m                    [0m         single patch attempt.                                                               [2m                [0m
[2;36m                    [0m         - Try different approaches to resolve the issues.                                   [2m                [0m
[2;36m                    [0m         ===Analysis [33mReport[0m===                                                               [2m                [0m
[2;36m                    [0m                                                                                             [2m                [0m
[2;36m                    [0m         ===Evaluation [33mEnd[0m===                                                                [2m                [0m
[2;36m[12/19/25 00:06:37][0m[2;36m [0m[34mINFO    [0m Prism Supervisor Routing: TeamStatus.EVALUATE -> TeamStatus.ANALYZE                  ]8;id=804710;file:///home/qqor/aixcc/crete/packages/crete/framework/agent/services/prism/__init__.py\[2m__init__.py[0m]8;;\[2m:[0m]8;id=489412;file:///home/qqor/aixcc/crete/packages/crete/framework/agent/services/prism/__init__.py#160\[2m160[0m]8;;\
[2;36m                    [0m         [1m([0mn evals: [1;36m4[0m, patch status: PatchStatus.UNCOMPILABLE[1m)[0m                                 [2m               [0m
[2;36m[12/19/25 00:07:10][0m[2;36m [0m[34mINFO    [0m Prism Supervisor Routing: TeamStatus.ANALYZE -> TeamStatus.[1;33mPATCH[0m                     ]8;id=990721;file:///home/qqor/aixcc/crete/packages/crete/framework/agent/services/prism/__init__.py\[2m__init__.py[0m]8;;\[2m:[0m]8;id=415942;file:///home/qqor/aixcc/crete/packages/crete/framework/agent/services/prism/__init__.py#160\[2m160[0m]8;;\
[2;36m                    [0m         [1m([0mn evals: [1;36m4[0m, patch status: PatchStatus.UNCOMPILABLE[1m)[0m                                 [2m               [0m
[2;36m[12/19/25 00:09:19][0m[2;36m [0m[34mINFO    [0m Prism Supervisor Routing: TeamStatus.[1;33mPATCH[0m -> TeamStatus.EVALUATE                    ]8;id=114488;file:///home/qqor/aixcc/crete/packages/crete/framework/agent/services/prism/__init__.py\[2m__init__.py[0m]8;;\[2m:[0m]8;id=101018;file:///home/qqor/aixcc/crete/packages/crete/framework/agent/services/prism/__init__.py#160\[2m160[0m]8;;\
[2;36m                    [0m         [1m([0mn evals: [1;36m4[0m, patch status: PatchStatus.UNCOMPILABLE[1m)[0m                                 [2m               [0m
[2;36m                   [0m[2;36m [0m[34mINFO    [0m ===Evaluator [33mResult[0m===                                                              ]8;id=911726;file:///home/qqor/aixcc/crete/packages/crete/framework/agent/services/prism/teams/evaluation/evaluator.py\[2mevaluator.py[0m]8;;\[2m:[0m]8;id=185119;file:///home/qqor/aixcc/crete/packages/crete/framework/agent/services/prism/teams/evaluation/evaluator.py#204\[2m204[0m]8;;\
[2;36m                    [0m         PatchStatus.UNCOMPILABLE                                                            [2m                [0m
[2;36m                    [0m         ===Evaluator [33mDiff[0m===                                                                [2m                [0m
[2;36m                    [0m                                                                                             [2m                [0m
[2;36m                    [0m         ===Patch [33mResult[0m===                                                                  [2m                [0m
[2;36m                    [0m         The patch did not apply, here are some possible reasons:                            [2m                [0m
[2;36m                    [0m         - Trying to patch a file that does not exist in the repository.                     [2m                [0m
[2;36m                    [0m         - Trying to patch fuzzer or harness related file. [1m([0mThese files are used to test the [2m                [0m
[2;36m                    [0m         validity of the patch.[1m)[0m                                                             [2m                [0m
[2;36m                    [0m         - Incorrect patch format. [1m([0mFocus on the patch formatting instructions.[1m)[0m             [2m                [0m
[2;36m                    [0m         ===[33mIssue[0m===                                                                         [2m                [0m
[2;36m                    [0m         + [33mFUZZER[0m=[35mdav1d_fuzzer_mt[0m                                                            [2m                [0m
[2;36m                    [0m         + shift                                                                             [2m                [0m
[2;36m                    [0m         + [32m'[0m[32m[[0m[32m'[0m [32m'!'[0m -v TESTCASE [32m'[0m[32m][0m[32m'[0m                                                           [2m                [0m
[2;36m                    [0m         + [33mTESTCASE[0m=[35m/[0m[95mtestcase[0m                                                                [2m                [0m
[2;36m                    [0m         + [32m'[0m[32m[[0m[32m'[0m [32m'!'[0m -f [35m/[0m[95mtestcase[0m [32m'[0m[32m][0m[32m'[0m                                                          [2m                [0m
[2;36m                    [0m         + export [33mRUN_FUZZER_MODE[0m=[35minteractive[0m                                                [2m                [0m
[2;36m                    [0m         + [33mRUN_FUZZER_MODE[0m=[35minteractive[0m                                                       [2m                [0m
[2;36m                    [0m         + export [33mFUZZING_ENGINE[0m=[35mlibfuzzer[0m                                                   [2m                [0m
[2;36m                    [0m         + [33mFUZZING_ENGINE[0m=[35mlibfuzzer[0m                                                          [2m                [0m
[2;36m                    [0m         + export [33mSKIP_SEED_CORPUS[0m=[1;36m1[0m                                                         [2m                [0m
[2;36m                    [0m         + [33mSKIP_SEED_CORPUS[0m=[1;36m1[0m                                                                [2m                [0m
[2;36m                    [0m         + run_fuzzer dav1d_fuzzer_mt -[33mruns[0m=[1;36m100[0m [35m/[0m[95mtestcase[0m                                    [2m                [0m
[2;36m                    [0m         vm.mmap_rnd_bits = [1;36m28[0m                                                               [2m                [0m
[2;36m                    [0m         [35m/out/[0m[95mdav1d_fuzzer_mt[0m -[33mrss_limit_mb[0m=[1;36m2560[0m -[33mtimeout[0m=[1;36m25[0m -[33mruns[0m=[1;36m100[0m [35m/[0m[95mtestcase[0m             [2m                [0m
[2;36m                    [0m         -[33mrss_limit_mb[0m=[1;36m0[0m -[33mruns[0m=[1;36m4[0m -[33mtimeout[0m=[1;36m300[0m -[33mtimeout_exitcode[0m=[1;36m0[0m [1m<[0m[39m [0m[35m/dev/[0m[95mnull[0m                [2m                [0m
[2;36m                    [0m         [39mbash: [0m[35m/out/[0m[95mdav1d_fuzzer_mt[0m[39m: Permission denied[0m                                       [2m                [0m
[2;36m                    [0m         [39msubprocess command returned a non-zero exit status: [0m[1;36m126[0m                             [2m                [0m
[2;36m                    [0m         [39mINFO:__main__:Running: docker run --privileged --shm-[0m[33msize[0m[39m=[0m[35m2g[0m[39m --platform linux/amd64[0m [2m                [0m
[2;36m                    [0m         [39m--rm -i -e [0m[33mHELPER[0m[39m=[0m[3;92mTrue[0m[39m -e [0m[33mARCHITECTURE[0m[39m=[0m[35mx86_64[0m[39m -v [0m                                   [2m                [0m
[2;36m                    [0m         [35m/home/qqor/aixcc/crete/packages/python_oss_fuzz/.oss_fuzz/build/out/[0m[95mdav1d[0m[39m:[0m[35m/[0m[95mout[0m[39m -v [0m  [2m                [0m
[2;36m                    [0m         [35m/tmp/[0m[95mtmpb9xzoc7n[0m[39m:[0m[35m/[0m[95mtestcase[0m[39m -t ghcr.io/aixcc-finals/base-runner:v1.[0m[1;36m3.0[0m[39m reproduce [0m    [2m                [0m
[2;36m                    [0m         [39mdav1d_fuzzer_mt -[0m[33mruns[0m[39m=[0m[1;36m100[0m[39m.[0m                                                          [2m                [0m
[2;36m                    [0m                                                                                             [2m                [0m
[2;36m                    [0m         [39m===Evaluation [0m[33mReport[0m[39m===[0m                                                             [2m                [0m
[2;36m                    [0m         [39m# Evaluation Report[0m                                                                 [2m                [0m
[2;36m                    [0m                                                                                             [2m                [0m
[2;36m                    [0m         [39m## Summary[0m                                                                          [2m                [0m
[2;36m                    [0m         [39mThe initial issue arises when attempting to execute the `dav1d_fuzzer_mt` binary in[0m [2m                [0m
[2;36m                    [0m         [39ma Docker-based fuzzing environment. The fuzzer invocation fails with a â€œPermission [0m [2m                [0m
[2;36m                    [0m         [39mdeniedâ€ error [0m[1;39m([0m[39mexit status [0m[1;36m126[0m[1;39m)[0m[39m. A patch attempt was submitted [0m[1;39m([0m[39mempty in this case[0m[1;39m)[0m [2m                [0m
[2;36m                    [0m         [39mbut did not apply, with the system reporting potential reasons such as missing [0m     [2m                [0m
[2;36m                    [0m         [39mtarget files or incorrect patch formatting.[0m                                         [2m                [0m
[2;36m                    [0m                                                                                             [2m                [0m
[2;36m                    [0m         [39m## Description[0m                                                                      [2m                [0m
[2;36m                    [0m                                                                                             [2m                [0m
[2;36m                    [0m         [39mInitial Issue  [0m                                                                     [2m                [0m
[2;36m                    [0m         [39m- A shell script sets up environment variables for fuzzing [0m[1;39m([0m[39m`FUZZER`, `TESTCASE`, [0m  [2m                [0m
[2;36m                    [0m         [39m`RUN_FUZZER_MODE`, `FUZZING_ENGINE`, `SKIP_SEED_CORPUS`[0m[1;39m)[0m[39m and invokes the fuzzer [0m    [2m                [0m
[2;36m                    [0m         [39mwith `run_fuzzer dav1d_fuzzer_mt -[0m[33mruns[0m[39m=[0m[1;36m100[0m[39m [0m[35m/[0m[95mtestcase[0m[39m`.  [0m                            [2m                [0m
[2;36m                    [0m         [39m- The underlying command executed is:  [0m                                             [2m                [0m
[2;36m                    [0m         [39m  `[0m[35m/out/[0m[95mdav1d_fuzzer_mt[0m[39m -[0m[33mrss_limit_mb[0m[39m=[0m[1;36m2560[0m[39m -[0m[33mtimeout[0m[39m=[0m[1;36m25[0m[39m -[0m[33mruns[0m[39m=[0m[1;36m100[0m[39m [0m[35m/[0m[95mtestcase[0m[39m [0m         [2m                [0m
[2;36m                    [0m         [39m-[0m[33mrss_limit_mb[0m[39m=[0m[1;36m0[0m[39m -[0m[33mruns[0m[39m=[0m[1;36m4[0m[39m -[0m[33mtimeout[0m[39m=[0m[1;36m300[0m[39m -[0m[33mtimeout_exitcode[0m[39m=[0m[1;36m0[0m[39m < [0m[35m/dev/[0m[95mnull[0m[39m`  [0m             [2m                [0m
[2;36m                    [0m         [39m- This immediately produces `bash: [0m[35m/out/[0m[95mdav1d_fuzzer_mt[0m[39m: Permission denied` and a [0m  [2m                [0m
[2;36m                    [0m         [39mnon-zero exit status `[0m[1;36m126[0m[39m`.[0m                                                         [2m                [0m
[2;36m                    [0m                                                                                             [2m                [0m
[2;36m                    [0m         [39mKey Observations  [0m                                                                  [2m                [0m
[2;36m                    [0m         [39m- The fuzzer binary `[0m[35m/out/[0m[95mdav1d_fuzzer_mt[0m[39m` exists in the mounted `[0m[35m/[0m[95mout[0m[39m` directory [0m  [2m                [0m
[2;36m                    [0m         [39mbut is not executable by the running process.  [0m                                     [2m                [0m
[2;36m                    [0m         [39m- The failure occurs before any test input is processed, indicating an environment [0m [2m                [0m
[2;36m                    [0m         [39mor filesystem permission issue rather than a logic bug in the harness.  [0m            [2m                [0m
[2;36m                    [0m         [39m- The Docker command used to reproduce the error is shown, confirming the same [0m     [2m                [0m
[2;36m                    [0m         [39mvolume mounts and environment variables.[0m                                            [2m                [0m
[2;36m                    [0m                                                                                             [2m                [0m
[2;36m                    [0m         [39mPatch Attempt  [0m                                                                     [2m                [0m
[2;36m                    [0m         [39m- No changes were provided in `<patch_attempt>`.  [0m                                  [2m                [0m
[2;36m                    [0m         [39m- Applying the [0m[1;39m([0m[39mempty[0m[1;39m)[0m[39m patch triggered a failure with common reasons:  [0m             [2m                [0m
[2;36m                    [0m         [39m  â€¢ Attempting to patch a non-existent file in the repository.  [0m                    [2m                [0m
[2;36m                    [0m         [39m  â€¢ Targeting fuzzer or harness files that are auto-generated or managed [0m           [2m                [0m
[2;36m                    [0m         [39mexternally.  [0m                                                                       [2m                [0m
[2;36m                    [0m         [39m  â€¢ Incorrect patch formatting.[0m                                                     [2m                [0m
[2;36m                    [0m                                                                                             [2m                [0m
[2;36m                    [0m         [39mPatch Result Log  [0m                                                                  [2m                [0m
[2;36m                    [0m         [39m- â€œThe patch did not apply, here are some possible reasons: â€¦â€  [0m                    [2m                [0m
[2;36m                    [0m         [39m- No file names or hunks were listed because there were no diffs to apply.  [0m        [2m                [0m
[2;36m                    [0m                                                                                             [2m                [0m
[2;36m                    [0m         [39mAreas for Further Investigation  [0m                                                   [2m                [0m
[2;36m                    [0m         [39m- File permissions and ownership of `[0m[35m/out/[0m[95mdav1d_fuzzer_mt[0m[39m` inside the build output [0m [2m                [0m
[2;36m                    [0m         [39mdirectory.  [0m                                                                        [2m                [0m
[2;36m                    [0m         [39m- Dockerfile or build scripts responsible for compiling and installing the fuzzer [0m  [2m                [0m
[2;36m                    [0m         [39mbinary [0m[1;39m([0m[39me.g., missing `chmod +x`[0m[1;39m)[0m[39m.  [0m                                                [2m                [0m
[2;36m                    [0m         [39m- The CI/OSS-Fuzz build logs and artifacts directory structure to verify that the [0m  [2m                [0m
[2;36m                    [0m         [39mfuzzer binary is indeed present and marked executable.  [0m                            [2m                [0m
[2;36m                    [0m         [39m- The wrapper script or `run_fuzzer` logic that invokes the binary, to ensure no [0m   [2m                [0m
[2;36m                    [0m         [39mfile-remapping or mount options are altering permissions.[0m                           [2m                [0m
[2;36m                    [0m                                                                                             [2m                [0m
[2;36m                    [0m         [39m## Initial Issue Log[0m                                                                [2m                [0m
[2;36m                    [0m         [39mHere is the initial issue log of the codebase:[0m                                      [2m                [0m
[2;36m                    [0m         [39m<issue>[0m                                                                             [2m                [0m
[2;36m                    [0m         [39m+ [0m[33mFUZZER[0m[39m=[0m[35mdav1d_fuzzer_mt[0m                                                            [2m                [0m
[2;36m                    [0m         [39m+ shift[0m                                                                             [2m                [0m
[2;36m                    [0m         [39m+ [0m[32m'[0m[32m[[0m[32m'[0m[39m [0m[32m'!'[0m[39m -v TESTCASE [0m[32m'[0m[32m][0m[32m'[0m                                                           [2m                [0m
[2;36m                    [0m         [39m+ [0m[33mTESTCASE[0m[39m=[0m[35m/[0m[95mtestcase[0m                                                                [2m                [0m
[2;36m                    [0m         [39m+ [0m[32m'[0m[32m[[0m[32m'[0m[39m [0m[32m'!'[0m[39m -f [0m[35m/[0m[95mtestcase[0m[39m [0m[32m'[0m[32m][0m[32m'[0m                                                          [2m                [0m
[2;36m                    [0m         [39m+ export [0m[33mRUN_FUZZER_MODE[0m[39m=[0m[35minteractive[0m                                                [2m                [0m
[2;36m                    [0m         [39m+ [0m[33mRUN_FUZZER_MODE[0m[39m=[0m[35minteractive[0m                                                       [2m                [0m
[2;36m                    [0m         [39m+ export [0m[33mFUZZING_ENGINE[0m[39m=[0m[35mlibfuzzer[0m                                                   [2m                [0m
[2;36m                    [0m         [39m+ [0m[33mFUZZING_ENGINE[0m[39m=[0m[35mlibfuzzer[0m                                                          [2m                [0m
[2;36m                    [0m         [39m+ export [0m[33mSKIP_SEED_CORPUS[0m[39m=[0m[1;36m1[0m                                                         [2m                [0m
[2;36m                    [0m         [39m+ [0m[33mSKIP_SEED_CORPUS[0m[39m=[0m[1;36m1[0m                                                                [2m                [0m
[2;36m                    [0m         [39m+ run_fuzzer dav1d_fuzzer_mt -[0m[33mruns[0m[39m=[0m[1;36m100[0m[39m [0m[35m/[0m[95mtestcase[0m                                    [2m                [0m
[2;36m                    [0m         [39mvm.mmap_rnd_bits = [0m[1;36m28[0m                                                               [2m                [0m
[2;36m                    [0m         [35m/out/[0m[95mdav1d_fuzzer_mt[0m[39m -[0m[33mrss_limit_mb[0m[39m=[0m[1;36m2560[0m[39m -[0m[33mtimeout[0m[39m=[0m[1;36m25[0m[39m -[0m[33mruns[0m[39m=[0m[1;36m100[0m[39m [0m[35m/[0m[95mtestcase[0m[39m [0m            [2m                [0m
[2;36m                    [0m         [39m-[0m[33mrss_limit_mb[0m[39m=[0m[1;36m0[0m[39m -[0m[33mruns[0m[39m=[0m[1;36m4[0m[39m -[0m[33mtimeout[0m[39m=[0m[1;36m300[0m[39m -[0m[33mtimeout_exitcode[0m[39m=[0m[1;36m0[0m[39m < [0m[35m/dev/[0m[95mnull[0m                [2m                [0m
[2;36m                    [0m         [39mbash: [0m[35m/out/[0m[95mdav1d_fuzzer_mt[0m[39m: Permission denied[0m                                       [2m                [0m
[2;36m                    [0m         [39msubprocess command returned a non-zero exit status: [0m[1;36m126[0m                             [2m                [0m
[2;36m                    [0m         [39mINFO:__main__:Running: docker run --privileged --shm-[0m[33msize[0m[39m=[0m[35m2g[0m[39m --platform linux/amd64[0m [2m                [0m
[2;36m                    [0m         [39m--rm -i -e [0m[33mHELPER[0m[39m=[0m[3;92mTrue[0m[39m -e [0m[33mARCHITECTURE[0m[39m=[0m[35mx86_64[0m[39m -v [0m                                   [2m                [0m
[2;36m                    [0m         [35m/home/qqor/aixcc/crete/packages/python_oss_fuzz/.oss_fuzz/build/out/[0m[95mdav1d[0m[39m:[0m[35m/[0m[95mout[0m[39m -v [0m  [2m                [0m
[2;36m                    [0m         [35m/tmp/[0m[95mtmpb9xzoc7n[0m[39m:[0m[35m/[0m[95mtestcase[0m[39m -t ghcr.io/aixcc-finals/base-runner:v1.[0m[1;36m3.0[0m[39m reproduce [0m    [2m                [0m
[2;36m                    [0m         [39mdav1d_fuzzer_mt -[0m[33mruns[0m[39m=[0m[1;36m100[0m[39m.[0m                                                          [2m                [0m
[2;36m                    [0m                                                                                             [2m                [0m
[2;36m                    [0m         [39m<[0m[35m/[0m[95missue[0m[39m>[0m                                                                            [2m                [0m
[2;36m                    [0m                                                                                             [2m                [0m
[2;36m                    [0m         [39m## Additional Issue Log[0m                                                             [2m                [0m
[2;36m                    [0m         [39mHere is the additional issue log after the last patch attempt:[0m                      [2m                [0m
[2;36m                    [0m         [39m<additional_issue>[0m                                                                  [2m                [0m
[2;36m                    [0m         [39mThe patch did not apply, here are some possible reasons:[0m                            [2m                [0m
[2;36m                    [0m         [39m- Trying to patch a file that does not exist in the repository.[0m                     [2m                [0m
[2;36m                    [0m         [39m- Trying to patch fuzzer or harness related file. [0m[1;39m([0m[39mThese files are used to test the[0m [2m                [0m
[2;36m                    [0m         [39mvalidity of the patch.[0m[1;39m)[0m                                                             [2m                [0m
[2;36m                    [0m         [39m- Incorrect patch format. [0m[1;39m([0m[39mFocus on the patch formatting instructions.[0m[1;39m)[0m             [2m                [0m
[2;36m                    [0m         [39m<[0m[35m/[0m[95madditional_issue[0m[1m>[0m                                                                 [2m                [0m
[2;36m                    [0m                                                                                             [2m                [0m
[2;36m                    [0m         ## Notes                                                                            [2m                [0m
[2;36m                    [0m         - All patch attempts are applied to the initial codebase. Reapply the the previous  [2m                [0m
[2;36m                    [0m         patches if needed.                                                                  [2m                [0m
[2;36m                    [0m         - If multiple different issues are present, all the issues must be resolved in a    [2m                [0m
[2;36m                    [0m         single patch attempt.                                                               [2m                [0m
[2;36m                    [0m         - Try different approaches to resolve the issues.                                   [2m                [0m
[2;36m                    [0m         ===Analysis [33mReport[0m===                                                               [2m                [0m
[2;36m                    [0m                                                                                             [2m                [0m
[2;36m                    [0m         ===Evaluation [33mEnd[0m===                                                                [2m                [0m
[2;36m[12/19/25 00:09:26][0m[2;36m [0m[34mINFO    [0m Prism Supervisor Routing: TeamStatus.EVALUATE -> TeamStatus.ANALYZE                  ]8;id=239932;file:///home/qqor/aixcc/crete/packages/crete/framework/agent/services/prism/__init__.py\[2m__init__.py[0m]8;;\[2m:[0m]8;id=103153;file:///home/qqor/aixcc/crete/packages/crete/framework/agent/services/prism/__init__.py#160\[2m160[0m]8;;\
[2;36m                    [0m         [1m([0mn evals: [1;36m5[0m, patch status: PatchStatus.UNCOMPILABLE[1m)[0m                                 [2m               [0m
[2;36m[12/19/25 00:09:59][0m[2;36m [0m[34mINFO    [0m Prism Supervisor Routing: TeamStatus.ANALYZE -> TeamStatus.[1;33mPATCH[0m                     ]8;id=975060;file:///home/qqor/aixcc/crete/packages/crete/framework/agent/services/prism/__init__.py\[2m__init__.py[0m]8;;\[2m:[0m]8;id=211855;file:///home/qqor/aixcc/crete/packages/crete/framework/agent/services/prism/__init__.py#160\[2m160[0m]8;;\
[2;36m                    [0m         [1m([0mn evals: [1;36m5[0m, patch status: PatchStatus.UNCOMPILABLE[1m)[0m                                 [2m               [0m
[2;36m[12/19/25 00:12:07][0m[2;36m [0m[34mINFO    [0m Prism Supervisor Routing: TeamStatus.[1;33mPATCH[0m -> TeamStatus.EVALUATE                    ]8;id=564829;file:///home/qqor/aixcc/crete/packages/crete/framework/agent/services/prism/__init__.py\[2m__init__.py[0m]8;;\[2m:[0m]8;id=418684;file:///home/qqor/aixcc/crete/packages/crete/framework/agent/services/prism/__init__.py#160\[2m160[0m]8;;\
[2;36m                    [0m         [1m([0mn evals: [1;36m5[0m, patch status: PatchStatus.UNCOMPILABLE[1m)[0m                                 [2m               [0m
[2;36m                   [0m[2;36m [0m[34mINFO    [0m [1m[[0mlogging_performance[1m][0m[1m([0mdav1d Setting owner[1m)[0m Started[33m...[0m                          ]8;id=696093;file:///home/qqor/aixcc/crete/packages/crete/commons/logging/context_managers.py\[2mcontext_managers.py[0m]8;;\[2m:[0m]8;id=859536;file:///home/qqor/aixcc/crete/packages/crete/commons/logging/context_managers.py#9\[2m9[0m]8;;\
[2;36m                   [0m[2;36m [0m[34mINFO    [0m [1m[[0mlogging_performance[1m][0m[1m([0mdav1d Setting owner[1m)[0m Took [1;36m0.52[0m seconds; [33mexception[0m=[3;91mFalse[0m ]8;id=706858;file:///home/qqor/aixcc/crete/packages/crete/commons/logging/context_managers.py\[2mcontext_managers.py[0m]8;;\[2m:[0m]8;id=110340;file:///home/qqor/aixcc/crete/packages/crete/commons/logging/context_managers.py#23\[2m23[0m]8;;\
[2;36m[12/19/25 00:12:08][0m[2;36m [0m[34mINFO    [0m [1m[[0mlogging_performance[1m][0m[1m([0mdav1d Patching[1m)[0m Started[33m...[0m                               ]8;id=729792;file:///home/qqor/aixcc/crete/packages/crete/commons/logging/context_managers.py\[2mcontext_managers.py[0m]8;;\[2m:[0m]8;id=529366;file:///home/qqor/aixcc/crete/packages/crete/commons/logging/context_managers.py#9\[2m9[0m]8;;\
[2;36m                   [0m[2;36m [0m[34mINFO    [0m Checking valid diff: [35m/tmp/[0m[95mtmpc3r8f0at[0m                                                 ]8;id=240187;file:///home/qqor/aixcc/crete/packages/crete/framework/environment/services/oss_fuzz/default.py\[2mdefault.py[0m]8;;\[2m:[0m]8;id=331801;file:///home/qqor/aixcc/crete/packages/crete/framework/environment/services/oss_fuzz/default.py#173\[2m173[0m]8;;\
[2;36m                   [0m[2;36m [0m[33mWARNING [0m [35m/home/qqor/aixcc/crete/.cache/official-afc-dav1d/tests/[0m[95mmeson.build[0m is not a valid   ]8;id=592246;file:///home/qqor/aixcc/crete/packages/crete/framework/environment/functions.py\[2mfunctions.py[0m]8;;\[2m:[0m]8;id=661727;file:///home/qqor/aixcc/crete/packages/crete/framework/environment/functions.py#179\[2m179[0m]8;;\
[2;36m                    [0m         language file                                                                       [2m                [0m
[2;36m                   [0m[2;36m [0m[1;31mERROR   [0m Failed to apply the patch                                                             ]8;id=30289;file:///home/qqor/aixcc/crete/packages/crete/framework/evaluator/services/default/__init__.py\[2m__init__.py[0m]8;;\[2m:[0m]8;id=491004;file:///home/qqor/aixcc/crete/packages/crete/framework/evaluator/services/default/__init__.py#46\[2m46[0m]8;;\
[2;36m                    [0m         [31mâ•­â”€[0m[31mâ”€â”€â”€â”€â”€â”€â”€â”€â”€â”€â”€â”€â”€â”€â”€â”€â”€â”€â”€â”€â”€â”€â”€[0m[31m [0m[1;31mTraceback [0m[1;2;31m(most recent call last)[0m[31m [0m[31mâ”€â”€â”€â”€â”€â”€â”€â”€â”€â”€â”€â”€â”€â”€â”€â”€â”€â”€â”€â”€â”€â”€â”€[0m[31mâ”€â•®[0m [2m              [0m
[2;36m                    [0m         [31mâ”‚[0m [2m/home/qqor/aixcc/crete/packages/crete/framework/evaluator/services/default/[0m[1m__init[0m [31mâ”‚[0m [2m              [0m
[2;36m                    [0m         [31mâ”‚[0m [1m__.py[0m:43 in _evaluate_internal                                                    [31mâ”‚[0m [2m              [0m
[2;36m                    [0m         [31mâ”‚[0m                                                                                   [31mâ”‚[0m [2m              [0m
[2;36m                    [0m         [31mâ”‚[0m   [2m 40 [0m[2mâ”‚   â”‚   [0m                                                                    [31mâ”‚[0m [2m              [0m
[2;36m                    [0m         [31mâ”‚[0m   [2m 41 [0m[2mâ”‚   â”‚   [0m[94mwith[0m logging_performance(context, header=[33m"[0m[33mPatching[0m[33m"[0m):               [31mâ”‚[0m [2m              [0m
[2;36m                    [0m         [31mâ”‚[0m   [2m 42 [0m[2mâ”‚   â”‚   â”‚   [0m[94mtry[0m:                                                            [31mâ”‚[0m [2m              [0m
[2;36m                    [0m         [31mâ”‚[0m [31mâ± [0m 43 [2mâ”‚   â”‚   â”‚   â”‚   [0menvironment.patch(context, diff)                            [31mâ”‚[0m [2m              [0m
[2;36m                    [0m         [31mâ”‚[0m   [2m 44 [0m[2mâ”‚   â”‚   â”‚   [0m                                                                [31mâ”‚[0m [2m              [0m
[2;36m                    [0m         [31mâ”‚[0m   [2m 45 [0m[2mâ”‚   â”‚   â”‚   [0m[94mexcept[0m ChallengeWrongPatchError [94mas[0m e:                           [31mâ”‚[0m [2m              [0m
[2;36m                    [0m         [31mâ”‚[0m   [2m 46 [0m[2mâ”‚   â”‚   â”‚   â”‚   [0m[1;4mcontext[[0m[1;4;33m"[0m[1;4;33mlogger[0m[1;4;33m"[0m[1;4m].exception([0m[1;4;33m"[0m[1;4;33mFailed to apply the patch[0m[1;4;33m"[0m[1;4m)[0m    [31mâ”‚[0m [2m              [0m
[2;36m                    [0m         [31mâ”‚[0m                                                                                   [31mâ”‚[0m [2m              [0m
[2;36m                    [0m         [31mâ”‚[0m [2m/home/qqor/aixcc/crete/packages/crete/framework/environment/services/oss_fuzz/[0m[1mcac[0m [31mâ”‚[0m [2m              [0m
[2;36m                    [0m         [31mâ”‚[0m [1mhed.py[0m:39 in patch                                                                [31mâ”‚[0m [2m              [0m
[2;36m                    [0m         [31mâ”‚[0m                                                                                   [31mâ”‚[0m [2m              [0m
[2;36m                    [0m         [31mâ”‚[0m   [2m 36 [0m[2mâ”‚   â”‚   [0mpatch: Path | [96mbytes[0m,                                                [31mâ”‚[0m [2m              [0m
[2;36m                    [0m         [31mâ”‚[0m   [2m 37 [0m[2mâ”‚   â”‚   [0menv: [96mdict[0m[[96mstr[0m, [96mstr[0m] = {},                                           [31mâ”‚[0m [2m              [0m
[2;36m                    [0m         [31mâ”‚[0m   [2m 38 [0m[2mâ”‚   [0m) -> [96mtuple[0m[[96mstr[0m, [96mstr[0m]:                                                   [31mâ”‚[0m [2m              [0m
[2;36m                    [0m         [31mâ”‚[0m [31mâ± [0m 39 [2mâ”‚   â”‚   [0m[94mreturn[0m [1;4;96mself[0m[1;4m.environment.patch(context, patch, [0m[1;4;96mself[0m[1;4m._add_cache_to_en[0m [31mâ”‚[0m [2m              [0m
[2;36m                    [0m         [31mâ”‚[0m   [2m 40 [0m[2mâ”‚   [0m                                                                        [31mâ”‚[0m [2m              [0m
[2;36m                    [0m         [31mâ”‚[0m   [2m 41 [0m[2mâ”‚   [0m[94mdef[0m[90m [0m[92mcheck_build[0m([96mself[0m, context: EnvironmentContext) -> [96mtuple[0m[[96mstr[0m, [96mstr[0m]:  [31mâ”‚[0m [2m              [0m
[2;36m                    [0m         [31mâ”‚[0m   [2m 42 [0m[2mâ”‚   â”‚   [0m[94mreturn[0m [96mself[0m.environment.check_build(context)                        [31mâ”‚[0m [2m              [0m
[2;36m                    [0m         [31mâ”‚[0m                                                                                   [31mâ”‚[0m [2m              [0m
[2;36m                    [0m         [31mâ”‚[0m [2m/home/qqor/aixcc/crete/packages/crete/framework/environment/services/oss_fuzz/[0m[1mdef[0m [31mâ”‚[0m [2m              [0m
[2;36m                    [0m         [31mâ”‚[0m [1mault.py[0m:163 in patch                                                              [31mâ”‚[0m [2m              [0m
[2;36m                    [0m         [31mâ”‚[0m                                                                                   [31mâ”‚[0m [2m              [0m
[2;36m                    [0m         [31mâ”‚[0m   [2m160 [0m[2mâ”‚   â”‚   â”‚   â”‚   â”‚   [0mf.write(patch)                                          [31mâ”‚[0m [2m              [0m
[2;36m                    [0m         [31mâ”‚[0m   [2m161 [0m[2mâ”‚   â”‚   â”‚   â”‚   â”‚   [0mf.flush()                                               [31mâ”‚[0m [2m              [0m
[2;36m                    [0m         [31mâ”‚[0m   [2m162 [0m[2mâ”‚   â”‚   â”‚   â”‚   â”‚   [0m                                                        [31mâ”‚[0m [2m              [0m
[2;36m                    [0m         [31mâ”‚[0m [31mâ± [0m163 [2mâ”‚   â”‚   â”‚   â”‚   â”‚   [0m[94mreturn[0m [1;4;96mself[0m[1;4m._patch_internal(context, Path(f.name), env)[0m [31mâ”‚[0m [2m              [0m
[2;36m                    [0m         [31mâ”‚[0m   [2m164 [0m[2mâ”‚   [0m                                                                        [31mâ”‚[0m [2m              [0m
[2;36m                    [0m         [31mâ”‚[0m   [2m165 [0m[2mâ”‚   [0m[94mdef[0m[90m [0m[92m_patch_internal[0m(                                                    [31mâ”‚[0m [2m              [0m
[2;36m                    [0m         [31mâ”‚[0m   [2m166 [0m[2mâ”‚   â”‚   [0m[96mself[0m,                                                               [31mâ”‚[0m [2m              [0m
[2;36m                    [0m         [31mâ”‚[0m                                                                                   [31mâ”‚[0m [2m              [0m
[2;36m                    [0m         [31mâ”‚[0m [2m/home/qqor/aixcc/crete/packages/crete/framework/environment/services/oss_fuzz/[0m[1mdef[0m [31mâ”‚[0m [2m              [0m
[2;36m                    [0m         [31mâ”‚[0m [1mault.py[0m:182 in _patch_internal                                                    [31mâ”‚[0m [2m              [0m
[2;36m                    [0m         [31mâ”‚[0m                                                                                   [31mâ”‚[0m [2m              [0m
[2;36m                    [0m         [31mâ”‚[0m   [2m179 [0m[2mâ”‚   â”‚   â”‚   â”‚   [0m).language,                                                 [31mâ”‚[0m [2m              [0m
[2;36m                    [0m         [31mâ”‚[0m   [2m180 [0m[2mâ”‚   â”‚   â”‚   [0m)                                                               [31mâ”‚[0m [2m              [0m
[2;36m                    [0m         [31mâ”‚[0m   [2m181 [0m[2mâ”‚   â”‚   [0m[94mexcept[0m ChallengeWrongPatchError [94mas[0m e:                               [31mâ”‚[0m [2m              [0m
[2;36m                    [0m         [31mâ”‚[0m [31mâ± [0m182 [2mâ”‚   â”‚   â”‚   [0m[1;4;94mraise[0m[1;4m e[0m                                                         [31mâ”‚[0m [2m              [0m
[2;36m                    [0m         [31mâ”‚[0m   [2m183 [0m[2mâ”‚   â”‚   [0m[94mexcept[0m [96mException[0m:                                                   [31mâ”‚[0m [2m              [0m
[2;36m                    [0m         [31mâ”‚[0m   [2m184 [0m[2mâ”‚   â”‚   â”‚   [0m_logger.warning(                                                [31mâ”‚[0m [2m              [0m
[2;36m                    [0m         [31mâ”‚[0m   [2m185 [0m[2mâ”‚   â”‚   â”‚   â”‚   [0m[33mf[0m[33m"[0m[33mUnknown error while checking valid diff. Ignoring: [0m[33m{[0mpatch [31mâ”‚[0m [2m              [0m
[2;36m                    [0m         [31mâ”‚[0m                                                                                   [31mâ”‚[0m [2m              [0m
[2;36m                    [0m         [31mâ”‚[0m [2m/home/qqor/aixcc/crete/packages/crete/framework/environment/services/oss_fuzz/[0m[1mdef[0m [31mâ”‚[0m [2m              [0m
[2;36m                    [0m         [31mâ”‚[0m [1mault.py[0m:174 in _patch_internal                                                    [31mâ”‚[0m [2m              [0m
[2;36m                    [0m         [31mâ”‚[0m                                                                                   [31mâ”‚[0m [2m              [0m
[2;36m                    [0m         [31mâ”‚[0m   [2m171 [0m[2mâ”‚   â”‚   [0m[2m# NOTE: This assumes that the environment is already restored[0m       [31mâ”‚[0m [2m              [0m
[2;36m                    [0m         [31mâ”‚[0m   [2m172 [0m[2mâ”‚   â”‚   [0m[94mtry[0m:                                                                [31mâ”‚[0m [2m              [0m
[2;36m                    [0m         [31mâ”‚[0m   [2m173 [0m[2mâ”‚   â”‚   â”‚   [0m_logger.info([33mf[0m[33m"[0m[33mChecking valid diff: [0m[33m{[0mpatch_file[33m}[0m[33m"[0m)              [31mâ”‚[0m [2m              [0m
[2;36m                    [0m         [31mâ”‚[0m [31mâ± [0m174 [2mâ”‚   â”‚   â”‚   [0mcheck_valid_diff(                                               [31mâ”‚[0m [2m              [0m
[2;36m                    [0m         [31mâ”‚[0m   [2m175 [0m[2mâ”‚   â”‚   â”‚   â”‚   [0mpatch_file.read_text(),                                     [31mâ”‚[0m [2m              [0m
[2;36m                    [0m         [31mâ”‚[0m   [2m176 [0m[2mâ”‚   â”‚   â”‚   â”‚   [0m[96mself[0m.pool.source_directory,                                 [31mâ”‚[0m [2m              [0m
[2;36m                    [0m         [31mâ”‚[0m   [2m177 [0m[2mâ”‚   â”‚   â”‚   â”‚   [0mAIxCCChallengeProjectYaml.from_project_name(                [31mâ”‚[0m [2m              [0m
[2;36m                    [0m         [31mâ”‚[0m                                                                                   [31mâ”‚[0m [2m              [0m
[2;36m                    [0m         [31mâ”‚[0m [2m/home/qqor/aixcc/crete/packages/crete/framework/environment/[0m[1mfunctions.py[0m:180 in   [31mâ”‚[0m [2m              [0m
[2;36m                    [0m         [31mâ”‚[0m check_valid_diff                                                                  [31mâ”‚[0m [2m              [0m
[2;36m                    [0m         [31mâ”‚[0m                                                                                   [31mâ”‚[0m [2m              [0m
[2;36m                    [0m         [31mâ”‚[0m   [2m177 [0m[2mâ”‚   â”‚   [0m                                                                    [31mâ”‚[0m [2m              [0m
[2;36m                    [0m         [31mâ”‚[0m   [2m178 [0m[2mâ”‚   â”‚   [0m[94mif[0m [95mnot[0m is_valid_language:                                           [31mâ”‚[0m [2m              [0m
[2;36m                    [0m         [31mâ”‚[0m   [2m179 [0m[2mâ”‚   â”‚   â”‚   [0m_logger.warning([33mf[0m[33m"[0m[33m{[0mfile_path[33m}[0m[33m is not a valid language file[0m[33m"[0m)    [31mâ”‚[0m [2m              [0m
[2;36m                    [0m         [31mâ”‚[0m [31mâ± [0m180 [2mâ”‚   â”‚   â”‚   [0m[1;4;94mraise[0m[1;4m ChallengeWrongPatchError([0m                                 [31mâ”‚[0m [2m              [0m
[2;36m                    [0m         [31mâ”‚[0m   [2m181 [0m[2mâ”‚   â”‚   â”‚   â”‚   [0m[1;4mstdout=[0m[1;4;33mb[0m[1;4;33m"[0m[1;4;33m"[0m[1;4m,[0m                                                 [31mâ”‚[0m [2m              [0m
[2;36m                    [0m         [31mâ”‚[0m   [2m182 [0m[2mâ”‚   â”‚   â”‚   â”‚   [0m[1;4mstderr=[0m[1;4;33mf[0m[1;4;33m"[0m[1;4;33mPermission denied: [0m[1;4;33m'[0m[1;4;33m{[0m[1;4mfile_path[0m[1;4;33m}[0m[1;4;33m'[0m[1;4;33m cannot be modifie[0m [31mâ”‚[0m [2m              [0m
[2;36m                    [0m         [31mâ”‚[0m       [1;4;33mis not a valid language file[0m[1;4;33m"[0m[1;4m.encode(),[0m                                     [31mâ”‚[0m [2m              [0m
[2;36m                    [0m         [31mâ”‚[0m   [2m183 [0m[2mâ”‚   â”‚   â”‚   [0m[1;4m)[0m                                                               [31mâ”‚[0m [2m              [0m
[2;36m                    [0m         [31mâ•°â”€â”€â”€â”€â”€â”€â”€â”€â”€â”€â”€â”€â”€â”€â”€â”€â”€â”€â”€â”€â”€â”€â”€â”€â”€â”€â”€â”€â”€â”€â”€â”€â”€â”€â”€â”€â”€â”€â”€â”€â”€â”€â”€â”€â”€â”€â”€â”€â”€â”€â”€â”€â”€â”€â”€â”€â”€â”€â”€â”€â”€â”€â”€â”€â”€â”€â”€â”€â”€â”€â”€â”€â”€â”€â”€â”€â”€â”€â”€â”€â”€â”€â”€â•¯[0m [2m              [0m
[2;36m                    [0m         [1;91mChallengeWrongPatchError: [0mWrong patch:                                                [2m              [0m
[2;36m                    [0m         - Stdout:                                                                             [2m              [0m
[2;36m                    [0m                                                                                               [2m              [0m
[2;36m                    [0m         - Stderr:                                                                             [2m              [0m
[2;36m                    [0m         Permission denied:                                                                    [2m              [0m
[2;36m                    [0m         [32m'/home/qqor/aixcc/crete/.cache/official-afc-dav1d/tests/meson.build'[0m cannot be        [2m              [0m
[2;36m                    [0m         modified because it is not a valid language file                                      [2m              [0m
[2;36m                    [0m                                                                                               [2m              [0m
[2;36m                   [0m[2;36m [0m[34mINFO    [0m [1m[[0mlogging_performance[1m][0m[1m([0mdav1d Patching[1m)[0m Took [1;36m0.32[0m seconds; [33mexception[0m=[3;91mFalse[0m      ]8;id=691768;file:///home/qqor/aixcc/crete/packages/crete/commons/logging/context_managers.py\[2mcontext_managers.py[0m]8;;\[2m:[0m]8;id=355127;file:///home/qqor/aixcc/crete/packages/crete/commons/logging/context_managers.py#23\[2m23[0m]8;;\
[2;36m                   [0m[2;36m [0m[34mINFO    [0m [1m[[0mlogging_performance[1m][0m[1m([0mdav1d Setting owner[1m)[0m Started[33m...[0m                          ]8;id=353036;file:///home/qqor/aixcc/crete/packages/crete/commons/logging/context_managers.py\[2mcontext_managers.py[0m]8;;\[2m:[0m]8;id=465206;file:///home/qqor/aixcc/crete/packages/crete/commons/logging/context_managers.py#9\[2m9[0m]8;;\
[2;36m                   [0m[2;36m [0m[34mINFO    [0m [1m[[0mlogging_performance[1m][0m[1m([0mdav1d Setting owner[1m)[0m Took [1;36m0.45[0m seconds; [33mexception[0m=[3;91mFalse[0m ]8;id=898215;file:///home/qqor/aixcc/crete/packages/crete/commons/logging/context_managers.py\[2mcontext_managers.py[0m]8;;\[2m:[0m]8;id=552292;file:///home/qqor/aixcc/crete/packages/crete/commons/logging/context_managers.py#23\[2m23[0m]8;;\
[2;36m                   [0m[2;36m [0m[34mINFO    [0m [1m[[0mlogging_performance[1m][0m[1m([0mdav1d Setting owner[1m)[0m Started[33m...[0m                          ]8;id=471775;file:///home/qqor/aixcc/crete/packages/crete/commons/logging/context_managers.py\[2mcontext_managers.py[0m]8;;\[2m:[0m]8;id=838044;file:///home/qqor/aixcc/crete/packages/crete/commons/logging/context_managers.py#9\[2m9[0m]8;;\
[2;36m[12/19/25 00:12:09][0m[2;36m [0m[34mINFO    [0m [1m[[0mlogging_performance[1m][0m[1m([0mdav1d Setting owner[1m)[0m Took [1;36m0.50[0m seconds; [33mexception[0m=[3;91mFalse[0m ]8;id=612996;file:///home/qqor/aixcc/crete/packages/crete/commons/logging/context_managers.py\[2mcontext_managers.py[0m]8;;\[2m:[0m]8;id=587159;file:///home/qqor/aixcc/crete/packages/crete/commons/logging/context_managers.py#23\[2m23[0m]8;;\
[2;36m                   [0m[2;36m [0m[34mINFO    [0m ===Evaluator [33mResult[0m===                                                              ]8;id=216979;file:///home/qqor/aixcc/crete/packages/crete/framework/agent/services/prism/teams/evaluation/evaluator.py\[2mevaluator.py[0m]8;;\[2m:[0m]8;id=485929;file:///home/qqor/aixcc/crete/packages/crete/framework/agent/services/prism/teams/evaluation/evaluator.py#204\[2m204[0m]8;;\
[2;36m                    [0m         PatchStatus.WRONG                                                                   [2m                [0m
[2;36m                    [0m         ===Evaluator [33mDiff[0m===                                                                [2m                [0m
[2;36m                    [0m         --- a/tests/meson.build                                                             [2m                [0m
[2;36m                    [0m         +++ b/tests/meson.build                                                             [2m                [0m
[2;36m                    [0m         @@ [1;36m-27[0m,[1;36m9[0m +[1;36m27[0m,[1;36m7[0m @@                                                                   [2m                [0m
[2;36m                    [0m          #                                                                                  [2m                [0m
[2;36m                    [0m                                                                                             [2m                [0m
[2;36m                    [0m          # Leave subdir if tests are disabled                                               [2m                [0m
[2;36m                    [0m         -if not [1;35mget_option[0m[1m([0m[32m'enable_tests'[0m[1m)[0m                                                  [2m                [0m
[2;36m                    [0m         -    [1;35msubdir_done[0m[1m([0m[1m)[0m                                                                  [2m                [0m
[2;36m                    [0m         -endif                                                                              [2m                [0m
[2;36m                    [0m         +# Tests [1m([0mincluding fuzzers[1m)[0m always enabled; removed enable_tests guard             [2m                [0m
[2;36m                    [0m                                                                                             [2m                [0m
[2;36m                    [0m          if is_asm_enabled                                                                  [2m                [0m
[2;36m                    [0m              checkasm_sources = [1;35mfiles[0m[1m([0m                                                      [2m                [0m
[2;36m                    [0m                                                                                             [2m                [0m
[2;36m                    [0m         ===Patch [33mResult[0m===                                                                  [2m                [0m
[2;36m                    [0m         Permission denied:                                                                  [2m                [0m
[2;36m                    [0m         [32m'/home/qqor/aixcc/crete/.cache/official-afc-dav1d/tests/meson.build'[0m cannot be      [2m                [0m
[2;36m                    [0m         modified because it is not a valid language file                                    [2m                [0m
[2;36m                    [0m         ===[33mIssue[0m===                                                                         [2m                [0m
[2;36m                    [0m         + [33mFUZZER[0m=[35mdav1d_fuzzer_mt[0m                                                            [2m                [0m
[2;36m                    [0m         + shift                                                                             [2m                [0m
[2;36m                    [0m         + [32m'[0m[32m[[0m[32m'[0m [32m'!'[0m -v TESTCASE [32m'[0m[32m][0m[32m'[0m                                                           [2m                [0m
[2;36m                    [0m         + [33mTESTCASE[0m=[35m/[0m[95mtestcase[0m                                                                [2m                [0m
[2;36m                    [0m         + [32m'[0m[32m[[0m[32m'[0m [32m'!'[0m -f [35m/[0m[95mtestcase[0m [32m'[0m[32m][0m[32m'[0m                                                          [2m                [0m
[2;36m                    [0m         + export [33mRUN_FUZZER_MODE[0m=[35minteractive[0m                                                [2m                [0m
[2;36m                    [0m         + [33mRUN_FUZZER_MODE[0m=[35minteractive[0m                                                       [2m                [0m
[2;36m                    [0m         + export [33mFUZZING_ENGINE[0m=[35mlibfuzzer[0m                                                   [2m                [0m
[2;36m                    [0m         + [33mFUZZING_ENGINE[0m=[35mlibfuzzer[0m                                                          [2m                [0m
[2;36m                    [0m         + export [33mSKIP_SEED_CORPUS[0m=[1;36m1[0m                                                         [2m                [0m
[2;36m                    [0m         + [33mSKIP_SEED_CORPUS[0m=[1;36m1[0m                                                                [2m                [0m
[2;36m                    [0m         + run_fuzzer dav1d_fuzzer_mt -[33mruns[0m=[1;36m100[0m [35m/[0m[95mtestcase[0m                                    [2m                [0m
[2;36m                    [0m         vm.mmap_rnd_bits = [1;36m28[0m                                                               [2m                [0m
[2;36m                    [0m         [35m/out/[0m[95mdav1d_fuzzer_mt[0m -[33mrss_limit_mb[0m=[1;36m2560[0m -[33mtimeout[0m=[1;36m25[0m -[33mruns[0m=[1;36m100[0m [35m/[0m[95mtestcase[0m             [2m                [0m
[2;36m                    [0m         -[33mrss_limit_mb[0m=[1;36m0[0m -[33mruns[0m=[1;36m4[0m -[33mtimeout[0m=[1;36m300[0m -[33mtimeout_exitcode[0m=[1;36m0[0m [1m<[0m[39m [0m[35m/dev/[0m[95mnull[0m                [2m                [0m
[2;36m                    [0m         [39mbash: [0m[35m/out/[0m[95mdav1d_fuzzer_mt[0m[39m: Permission denied[0m                                       [2m                [0m
[2;36m                    [0m         [39msubprocess command returned a non-zero exit status: [0m[1;36m126[0m                             [2m                [0m
[2;36m                    [0m         [39mINFO:__main__:Running: docker run --privileged --shm-[0m[33msize[0m[39m=[0m[35m2g[0m[39m --platform linux/amd64[0m [2m                [0m
[2;36m                    [0m         [39m--rm -i -e [0m[33mHELPER[0m[39m=[0m[3;92mTrue[0m[39m -e [0m[33mARCHITECTURE[0m[39m=[0m[35mx86_64[0m[39m -v [0m                                   [2m                [0m
[2;36m                    [0m         [35m/home/qqor/aixcc/crete/packages/python_oss_fuzz/.oss_fuzz/build/out/[0m[95mdav1d[0m[39m:[0m[35m/[0m[95mout[0m[39m -v [0m  [2m                [0m
[2;36m                    [0m         [35m/tmp/[0m[95mtmpb9xzoc7n[0m[39m:[0m[35m/[0m[95mtestcase[0m[39m -t ghcr.io/aixcc-finals/base-runner:v1.[0m[1;36m3.0[0m[39m reproduce [0m    [2m                [0m
[2;36m                    [0m         [39mdav1d_fuzzer_mt -[0m[33mruns[0m[39m=[0m[1;36m100[0m[39m.[0m                                                          [2m                [0m
[2;36m                    [0m                                                                                             [2m                [0m
[2;36m                    [0m         [39m===Evaluation [0m[33mReport[0m[39m===[0m                                                             [2m                [0m
[2;36m                    [0m         [39m# Evaluation Report[0m                                                                 [2m                [0m
[2;36m                    [0m                                                                                             [2m                [0m
[2;36m                    [0m         [39m## Summary[0m                                                                          [2m                [0m
[2;36m                    [0m         [39mThe build process invoked the `dav1d_fuzzer_mt` binary inside a Docker-based [0m       [2m                [0m
[2;36m                    [0m         [39mfuzzing runner, but execution failed with a â€œPermission deniedâ€ error and exit [0m     [2m                [0m
[2;36m                    [0m         [39mstatus [0m[1;36m126[0m[39m. No patch content was provided in the patch attempt, and applying an [0m    [2m                [0m
[2;36m                    [0m         [39mempty or improperly formatted patch did not modify any files. The patch application[0m [2m                [0m
[2;36m                    [0m         [39mlog reports that the patch did not apply, likely because the target file does not [0m  [2m                [0m
[2;36m                    [0m         [39mexist, the patch is aimed at fuzzer/harness files, or the patch format is [0m          [2m                [0m
[2;36m                    [0m         [39mincorrect.[0m                                                                          [2m                [0m
[2;36m                    [0m                                                                                             [2m                [0m
[2;36m                    [0m         [39m## Description[0m                                                                      [2m                [0m
[2;36m                    [0m         [1;36m1[0m[39m. Initial Issue  [0m                                                                  [2m                [0m
[2;36m                    [0m         [39m   - The OSS-Fuzz infrastructure runs `run_fuzzer dav1d_fuzzer_mt -[0m[33mruns[0m[39m=[0m[1;36m100[0m[39m [0m        [2m                [0m
[2;36m                    [0m         [35m/[0m[95mtestcase[0m[39m`, which translates to executing `[0m[35m/out/[0m[95mdav1d_fuzzer_mt[0m[39m` under certain [0m     [2m                [0m
[2;36m                    [0m         [39m`libFuzzer` options inside a Docker container.  [0m                                    [2m                [0m
[2;36m                    [0m         [39m   - The container logs show mounting of `[0m[35m/[0m[95mout[0m[39m` and `[0m[35m/[0m[95mtestcase[0m[39m`, followed by the [0m   [2m                [0m
[2;36m                    [0m         [39mcommand:  [0m                                                                          [2m                [0m
[2;36m                    [0m         [39m     `[0m[35m/out/[0m[95mdav1d_fuzzer_mt[0m[39m -[0m[33mrss_limit_mb[0m[39m=[0m[1;36m2560[0m[39m -[0m[33mtimeout[0m[39m=[0m[1;36m25[0m[39m -[0m[33mruns[0m[39m=[0m[1;36m100[0m[39m [0m[35m/[0m[95mtestcase[0m[39m [0m      [2m                [0m
[2;36m                    [0m         [39m-[0m[33mrss_limit_mb[0m[39m=[0m[1;36m0[0m[39m -[0m[33mruns[0m[39m=[0m[1;36m4[0m[39m -[0m[33mtimeout[0m[39m=[0m[1;36m300[0m[39m -[0m[33mtimeout_exitcode[0m[39m=[0m[1;36m0[0m[39m`  [0m                         [2m                [0m
[2;36m                    [0m         [39m   - The binary fails to execute due to â€œPermission deniedâ€ [0m[1;39m([0m[39mexit code [0m[1;36m126[0m[1;39m)[0m[39m, [0m       [2m                [0m
[2;36m                    [0m         [39mindicating that the file exists but lacks execution permissions inside the [0m         [2m                [0m
[2;36m                    [0m         [39mcontainer.[0m                                                                          [2m                [0m
[2;36m                    [0m                                                                                             [2m                [0m
[2;36m                    [0m         [1;36m2[0m[39m. Important Observations  [0m                                                         [2m                [0m
[2;36m                    [0m         [39m   - The failure occurs at the execution step, not during compilation or linking.  [0m [2m                [0m
[2;36m                    [0m         [39m   - The fuzzer harness and infrastructure variables [0m[1;39m([0m[39m`RUN_FUZZER_MODE`, [0m           [2m                [0m
[2;36m                    [0m         [39m`FUZZING_ENGINE`, etc.[0m[1;39m)[0m[39m are set correctly.  [0m                                        [2m                [0m
[2;36m                    [0m         [39m   - The error is manifested at runtime in the Docker environment, suggesting a [0m    [2m                [0m
[2;36m                    [0m         [39mpermissions issue on the mounted `[0m[35m/out/[0m[95mdav1d_fuzzer_mt[0m[39m`.[0m                            [2m                [0m
[2;36m                    [0m                                                                                             [2m                [0m
[2;36m                    [0m         [1;36m3[0m[39m. Patch Attempt  [0m                                                                  [2m                [0m
[2;36m                    [0m         [39m   - The `<patch_attempt>` section is empty, so no diff or file modifications were [0m [2m                [0m
[2;36m                    [0m         [39mproposed.  [0m                                                                         [2m                [0m
[2;36m                    [0m         [39m   - Without any diff context, no changes could be applied to the codebase or build[0m [2m                [0m
[2;36m                    [0m         [39mscripts.[0m                                                                            [2m                [0m
[2;36m                    [0m                                                                                             [2m                [0m
[2;36m                    [0m         [1;36m4[0m[39m. Patch Application Log  [0m                                                          [2m                [0m
[2;36m                    [0m         [39m   - The patch application reported:  [0m                                              [2m                [0m
[2;36m                    [0m         [39m     â€¢ â€œTrying to patch a file that does not exist in the repository.â€  [0m            [2m                [0m
[2;36m                    [0m         [39m     â€¢ â€œTrying to patch fuzzer or harness related file. [0m[1;39m([0m[39mThese files are used to [0m   [2m                [0m
[2;36m                    [0m         [39mtest the validity of the patch.[0m[1;39m)[0m[39mâ€  [0m                                                 [2m                [0m
[2;36m                    [0m         [39m     â€¢ â€œIncorrect patch format. [0m[1;39m([0m[39mFocus on the patch formatting instructions.[0m[1;39m)[0m[39mâ€  [0m    [2m                [0m
[2;36m                    [0m         [39m   - No files were changed; patch tooling returned failure without specifying a [0m    [2m                [0m
[2;36m                    [0m         [39mtarget file or hunk offset.[0m                                                         [2m                [0m
[2;36m                    [0m                                                                                             [2m                [0m
[2;36m                    [0m         [1;36m5[0m[39m. Areas for Further Investigation  [0m                                                [2m                [0m
[2;36m                    [0m         [39m   - File permissions on `[0m[35m/out/[0m[95mdav1d_fuzzer_mt[0m[39m` within the build output directory. [0m [2m                [0m
[2;36m                    [0m         [39m   - Dockerfile or entrypoint scripts that copy or set permissions on the fuzzer [0m   [2m                [0m
[2;36m                    [0m         [39mbinary.  [0m                                                                           [2m                [0m
[2;36m                    [0m         [39m   - Build scripts or install rules that may omit `chmod +x` on the produced [0m       [2m                [0m
[2;36m                    [0m         [39mexecutable.  [0m                                                                       [2m                [0m
[2;36m                    [0m         [39m   - Fuzzer harness integration in the repository, to verify that executables are [0m  [2m                [0m
[2;36m                    [0m         [39mbuilt with correct permissions and path references.  [0m                               [2m                [0m
[2;36m                    [0m         [39m   - Mount and volume configuration in the OSS-Fuzz runner or custom base image.[0m    [2m                [0m
[2;36m                    [0m                                                                                             [2m                [0m
[2;36m                    [0m         [39m## Initial Issue Log[0m                                                                [2m                [0m
[2;36m                    [0m         [39mHere is the initial issue log of the codebase:[0m                                      [2m                [0m
[2;36m                    [0m         [39m<issue>[0m                                                                             [2m                [0m
[2;36m                    [0m         [39m+ [0m[33mFUZZER[0m[39m=[0m[35mdav1d_fuzzer_mt[0m                                                            [2m                [0m
[2;36m                    [0m         [39m+ shift[0m                                                                             [2m                [0m
[2;36m                    [0m         [39m+ [0m[32m'[0m[32m[[0m[32m'[0m[39m [0m[32m'!'[0m[39m -v TESTCASE [0m[32m'[0m[32m][0m[32m'[0m                                                           [2m                [0m
[2;36m                    [0m         [39m+ [0m[33mTESTCASE[0m[39m=[0m[35m/[0m[95mtestcase[0m                                                                [2m                [0m
[2;36m                    [0m         [39m+ [0m[32m'[0m[32m[[0m[32m'[0m[39m [0m[32m'!'[0m[39m -f [0m[35m/[0m[95mtestcase[0m[39m [0m[32m'[0m[32m][0m[32m'[0m                                                          [2m                [0m
[2;36m                    [0m         [39m+ export [0m[33mRUN_FUZZER_MODE[0m[39m=[0m[35minteractive[0m                                                [2m                [0m
[2;36m                    [0m         [39m+ [0m[33mRUN_FUZZER_MODE[0m[39m=[0m[35minteractive[0m                                                       [2m                [0m
[2;36m                    [0m         [39m+ export [0m[33mFUZZING_ENGINE[0m[39m=[0m[35mlibfuzzer[0m                                                   [2m                [0m
[2;36m                    [0m         [39m+ [0m[33mFUZZING_ENGINE[0m[39m=[0m[35mlibfuzzer[0m                                                          [2m                [0m
[2;36m                    [0m         [39m+ export [0m[33mSKIP_SEED_CORPUS[0m[39m=[0m[1;36m1[0m                                                         [2m                [0m
[2;36m                    [0m         [39m+ [0m[33mSKIP_SEED_CORPUS[0m[39m=[0m[1;36m1[0m                                                                [2m                [0m
[2;36m                    [0m         [39m+ run_fuzzer dav1d_fuzzer_mt -[0m[33mruns[0m[39m=[0m[1;36m100[0m[39m [0m[35m/[0m[95mtestcase[0m                                    [2m                [0m
[2;36m                    [0m         [39mvm.mmap_rnd_bits = [0m[1;36m28[0m                                                               [2m                [0m
[2;36m                    [0m         [35m/out/[0m[95mdav1d_fuzzer_mt[0m[39m -[0m[33mrss_limit_mb[0m[39m=[0m[1;36m2560[0m[39m -[0m[33mtimeout[0m[39m=[0m[1;36m25[0m[39m -[0m[33mruns[0m[39m=[0m[1;36m100[0m[39m [0m[35m/[0m[95mtestcase[0m[39m [0m            [2m                [0m
[2;36m                    [0m         [39m-[0m[33mrss_limit_mb[0m[39m=[0m[1;36m0[0m[39m -[0m[33mruns[0m[39m=[0m[1;36m4[0m[39m -[0m[33mtimeout[0m[39m=[0m[1;36m300[0m[39m -[0m[33mtimeout_exitcode[0m[39m=[0m[1;36m0[0m[39m < [0m[35m/dev/[0m[95mnull[0m                [2m                [0m
[2;36m                    [0m         [39mbash: [0m[35m/out/[0m[95mdav1d_fuzzer_mt[0m[39m: Permission denied[0m                                       [2m                [0m
[2;36m                    [0m         [39msubprocess command returned a non-zero exit status: [0m[1;36m126[0m                             [2m                [0m
[2;36m                    [0m         [39mINFO:__main__:Running: docker run --privileged --shm-[0m[33msize[0m[39m=[0m[35m2g[0m[39m --platform linux/amd64[0m [2m                [0m
[2;36m                    [0m         [39m--rm -i -e [0m[33mHELPER[0m[39m=[0m[3;92mTrue[0m[39m -e [0m[33mARCHITECTURE[0m[39m=[0m[35mx86_64[0m[39m -v [0m                                   [2m                [0m
[2;36m                    [0m         [35m/home/qqor/aixcc/crete/packages/python_oss_fuzz/.oss_fuzz/build/out/[0m[95mdav1d[0m[39m:[0m[35m/[0m[95mout[0m[39m -v [0m  [2m                [0m
[2;36m                    [0m         [35m/tmp/[0m[95mtmpb9xzoc7n[0m[39m:[0m[35m/[0m[95mtestcase[0m[39m -t ghcr.io/aixcc-finals/base-runner:v1.[0m[1;36m3.0[0m[39m reproduce [0m    [2m                [0m
[2;36m                    [0m         [39mdav1d_fuzzer_mt -[0m[33mruns[0m[39m=[0m[1;36m100[0m[39m.[0m                                                          [2m                [0m
[2;36m                    [0m                                                                                             [2m                [0m
[2;36m                    [0m         [39m<[0m[35m/[0m[95missue[0m[39m>[0m                                                                            [2m                [0m
[2;36m                    [0m                                                                                             [2m                [0m
[2;36m                    [0m         [39m## Additional Issue Log[0m                                                             [2m                [0m
[2;36m                    [0m         [39mHere is the additional issue log after the last patch attempt:[0m                      [2m                [0m
[2;36m                    [0m         [39m<additional_issue>[0m                                                                  [2m                [0m
[2;36m                    [0m         [39mThe patch did not apply, here are some possible reasons:[0m                            [2m                [0m
[2;36m                    [0m         [39m- Trying to patch a file that does not exist in the repository.[0m                     [2m                [0m
[2;36m                    [0m         [39m- Trying to patch fuzzer or harness related file. [0m[1;39m([0m[39mThese files are used to test the[0m [2m                [0m
[2;36m                    [0m         [39mvalidity of the patch.[0m[1;39m)[0m                                                             [2m                [0m
[2;36m                    [0m         [39m- Incorrect patch format. [0m[1;39m([0m[39mFocus on the patch formatting instructions.[0m[1;39m)[0m             [2m                [0m
[2;36m                    [0m         [39m<[0m[35m/[0m[95madditional_issue[0m[1m>[0m                                                                 [2m                [0m
[2;36m                    [0m                                                                                             [2m                [0m
[2;36m                    [0m         ## Notes                                                                            [2m                [0m
[2;36m                    [0m         - All patch attempts are applied to the initial codebase. Reapply the the previous  [2m                [0m
[2;36m                    [0m         patches if needed.                                                                  [2m                [0m
[2;36m                    [0m         - If multiple different issues are present, all the issues must be resolved in a    [2m                [0m
[2;36m                    [0m         single patch attempt.                                                               [2m                [0m
[2;36m                    [0m         - Try different approaches to resolve the issues.                                   [2m                [0m
[2;36m                    [0m         ===Analysis [33mReport[0m===                                                               [2m                [0m
[2;36m                    [0m                                                                                             [2m                [0m
[2;36m                    [0m         ===Evaluation [33mEnd[0m===                                                                [2m                [0m
[2;36m[12/19/25 00:12:16][0m[2;36m [0m[34mINFO    [0m Prism Supervisor Routing: TeamStatus.EVALUATE -> TeamStatus.END                      ]8;id=122535;file:///home/qqor/aixcc/crete/packages/crete/framework/agent/services/prism/__init__.py\[2m__init__.py[0m]8;;\[2m:[0m]8;id=182249;file:///home/qqor/aixcc/crete/packages/crete/framework/agent/services/prism/__init__.py#160\[2m160[0m]8;;\
[2;36m                    [0m         [1m([0mn evals: [1;36m6[0m, patch status: PatchStatus.WRONG[1m)[0m                                        [2m               [0m
[2;36m                   [0m[2;36m [0m[34mINFO    [0m Building environment                                                                 ]8;id=758313;file:///home/qqor/aixcc/crete/packages/crete/framework/context_builder/services/aixcc/__init__.py\[2m__init__.py[0m]8;;\[2m:[0m]8;id=694200;file:///home/qqor/aixcc/crete/packages/crete/framework/context_builder/services/aixcc/__init__.py#132\[2m132[0m]8;;\
[2;36m                    [0m         - Cache directory: [35m/tmp/[0m[95mtmp1srwh45_[0m                                                  [2m               [0m
[2;36m                    [0m         - Max timeout: [1;36m1800[0m                                                                  [2m               [0m
[2;36m                    [0m         - Output directory:                                                                  [2m               [0m
[2;36m                    [0m         [35m/home/qqor/aixcc/crete/reports/prism.prism_o4_mini/dav1d_da-full-01_dav1d-001/[0m[95magent-[0m [2m               [0m
[2;36m                    [0m         [95moutput-1766070736.846032[0m                                                             [2m               [0m
[2;36m                    [0m         - Detection toml file: scripts/benchmark/afc/dav1d_da-full-01_dav1d-[1;36m001.[0mtoml         [2m               [0m
[2;36m                    [0m         - Challenge project directory: [35m/home/qqor/aixcc/crete/.cache/[0m[95mofficial-afc-dav1d[0m      [2m               [0m
[2;36m                    [0m                                                                                              [2m               [0m
[2;36m[12/19/25 00:12:19][0m[2;36m [0m[34mINFO    [0m Deleting environments directory: [35m/home/qqor/aixcc/crete/.cache/environments/[0m[95mdav1d[0m    ]8;id=256750;file:///home/qqor/aixcc/crete/scripts/benchmark/__main__.py\[2m__main__.py[0m]8;;\[2m:[0m]8;id=688409;file:///home/qqor/aixcc/crete/scripts/benchmark/__main__.py#300\[2m300[0m]8;;\
[2;36m                   [0m[2;36m [0m[34mINFO    [0m Deleted work directory:                                                              ]8;id=633396;file:///home/qqor/aixcc/crete/scripts/benchmark/__main__.py\[2m__main__.py[0m]8;;\[2m:[0m]8;id=197574;file:///home/qqor/aixcc/crete/scripts/benchmark/__main__.py#314\[2m314[0m]8;;\
[2;36m                    [0m         [35m/home/qqor/aixcc/crete/packages/python_oss_fuzz/.oss_fuzz/build/work/[0m[95mdav1d[0m           [2m               [0m
[2;36m                   [0m[2;36m [0m[34mINFO    [0m Deleted out directory:                                                               ]8;id=750979;file:///home/qqor/aixcc/crete/scripts/benchmark/__main__.py\[2m__main__.py[0m]8;;\[2m:[0m]8;id=36008;file:///home/qqor/aixcc/crete/scripts/benchmark/__main__.py#321\[2m321[0m]8;;\
[2;36m                    [0m         [35m/home/qqor/aixcc/crete/packages/python_oss_fuzz/.oss_fuzz/build/out/[0m[95mdav1d[0m            [2m               [0m
