Detection File: detections/tika_tk-delta-05_vuln_2.toml
Vulnerability: tika_tk-delta-05_vuln_2
Success: False
Init Result: Build failed
Elapsed Time: 71.14s
Input Tokens: 0
Output Tokens: 0
Cost: $0.0000
Error: Initialization failed: Build failed - 
        ===========Message===========
            Return code 1
        ===========Command===========
            ['infra/helper.py', 'build_fuzzers', '--sanitizer', 'address', '--clean', 'tika', PosixPath('/tmp/tmp7sm97ur1/d41d8cd98f00b204e9800998ecf8427e-address/official-afc-tika')]
        ===========CWD===========
            /tmp/tmp7sm97ur1/d41d8cd98f00b204e9800998ecf8427e-address/oss-fuzz-aixcc
        ===========STDOUT===========
            /src /src/project-parent/tika
/src/project-parent/tika
---------------------------------------------------------------
vm.mmap_rnd_bits = 28
---------------------------------------------------------------
CC=clang
CXX=clang++
CFLAGS=-O1   -fno-omit-frame-pointer   -gline-tables-only   -Wno-error=enum-constexpr-conversion   -Wno-error=incompatible-function-pointer-types   -Wno-error=int-conversion   -Wno-error=deprecated-declarations   -Wno-error=implicit-function-declaration   -Wno-error=implicit-int   -Wno-error=vla-cxx-extension   -DFUZZING_BUILD_MODE_UNSAFE_FOR_PRODUCTION -fsanitize=address -fsanitize-address-use-after-scope -fsanitize=fuzzer-no-link -fno-sanitize=leak
CXXFLAGS=-O1   -fno-omit-frame-pointer   -gline-tables-only   -Wno-error=enum-constexpr-conversion   -Wno-error=incompatible-function-pointer-types   -Wno-error=int-conversion   -Wno-error=deprecated-declarations   -Wno-error=implicit-function-declaration   -Wno-error=implicit-int   -Wno-error=vla-cxx-extension   -DFUZZING_BUILD_MODE_UNSAFE_FOR_PRODUCTION -fsanitize=address -fsanitize-address-use-after-scope -fsanitize=fuzzer-no-link -stdlib=libc++ -fno-sanitize=leak
RUSTFLAGS=--cfg fuzzing -Zsanitizer=address -Cdebuginfo=1 -Cforce-frame-pointers
---------------------------------------------------------------
+ PROJECT=tika
+ MAIN_REPOSITORY=https://github.com/apache/tika/
+ MAVEN_ARGS='-Djavac.src.version=17 -Djavac.target.version=17 -DskipTests -Dcheckstyle.skip -Dossindex.skip -am -pl :tika-app'
+ cd /src/project-parent
+ set_project_version_in_fuzz_targets_dependency
++ cd tika
++ /src/maven/apache-maven-3.9.9/bin/mvn org.apache.maven.plugins:maven-help-plugin:3.2.0:evaluate -Dexpression=project.version -q -DforceStdout
[0m+ PROJECT_VERSION='[ERROR] [ERROR] Some problems were encountered while processing the POMs:
[ERROR] Unresolveable build extension: Plugin kr.motd.maven:os-maven-plugin:1.7.1 or one of its dependencies could not be resolved:
	Could not transfer artifact org.eclipse.sisu:org.eclipse.sisu.plexus:jar:0.3.3 from/to central (https://repo.maven.apache.org/maven2): status code: 502, reason phrase: Bad Gateway (502)
 @ 
 @ 
[ERROR] The build could not read 1 project -> [Help 1]
[ERROR]   
[ERROR]   The project org.apache.tika:tika-grpc:4.0.0-SNAPSHOT (/src/project-parent/tika/tika-grpc/pom.xml) has 1 error
[ERROR]     Unresolveable build extension: Plugin kr.motd.maven:os-maven-plugin:1.7.1 or one of its dependencies could not be resolved:
[ERROR]     	Could not transfer artifact org.eclipse.sisu:org.eclipse.sisu.plexus:jar:0.3.3 from/to central (https://repo.maven.apache.org/maven2): status code: 502, reason phrase: Bad Gateway (502)
[ERROR]     -> [Help 2]
[ERROR] 
[ERROR] To see the full stack trace of the errors, re-run Maven with the -e switch.
[ERROR] Re-run Maven using the -X switch to enable full debug logging.
[ERROR] 
[ERROR] For more information about the errors and possible solutions, please read the following articles:
[ERROR] [Help 1] http://cwiki.apache.org/confluence/display/MAVEN/ProjectBuildingException
[ERROR] [Help 2] http://cwiki.apache.org/confluence/display/MAVEN/PluginManagerException'
subprocess command returned a non-zero exit status: 1

        ===========STDERR===========
            INFO:__main__:Running: docker build -t aixcc-afc/tika:latest --file /tmp/tmp7sm97ur1/d41d8cd98f00b204e9800998ecf8427e-address/oss-fuzz-aixcc/projects/tika/Dockerfile /tmp/tmp7sm97ur1/d41d8cd98f00b204e9800998ecf8427e-address/oss-fuzz-aixcc/projects/tika.
#0 building with "default" instance using docker driver

#1 [internal] load build definition from Dockerfile
#1 transferring dockerfile: 1.74kB done
#1 DONE 0.0s

#2 [internal] load metadata for ghcr.io/aixcc-finals/base-builder-jvm:v1.2.1
#2 DONE 0.0s

#3 [internal] load .dockerignore
#3 transferring context: 2B done
#3 DONE 0.0s

#4 [ 1/11] FROM ghcr.io/aixcc-finals/base-builder-jvm:v1.2.1
#4 DONE 0.0s

#5 [internal] load build context
#5 transferring context: 1.73kB done
#5 DONE 0.0s

#6 [ 3/11] RUN mkdir /usr/my-bin && mv /usr/bin/tesseract /usr/my-bin/tesseract
#6 CACHED

#7 [ 9/11] RUN tar -zxf /src/tika.tar.gz -C /src/project-parent && rm /src/tika.tar.gz
#7 CACHED

#8 [ 8/11] COPY pkgs/tika.tar.gz /src/tika.tar.gz
#8 CACHED

#9 [ 2/11] RUN set -eux     && apt-get update     && apt-get install --yes --no-install-recommends         tesseract-ocr         tesseract-ocr-eng         exiftool
#9 CACHED

#10 [ 5/11] COPY pkgs/maven.zip /src/maven.zip
#10 CACHED

#11 [ 7/11] COPY project-parent /src/project-parent/
#11 CACHED

#12 [ 4/11] RUN mkdir /exif && cp /usr/bin/exiftool /exif && chmod -R a+rwx /exif
#12 CACHED

#13 [ 6/11] RUN unzip /src/maven.zip -d /src/maven && rm /src/maven.zip
#13 CACHED

#14 [10/11] COPY build.sh /src/
#14 CACHED

#15 [11/11] WORKDIR /src/project-parent/tika
#15 CACHED

#16 exporting to image
#16 exporting layers done
#16 writing image sha256:4988f5b67bc08da5dca5114ef394e5d14ed7761cc10e2081b964312e45590207 done
#16 naming to docker.io/aixcc-afc/tika:latest 0.0s done
#16 DONE 0.0s
INFO:__main__:Cleaning existing build artifacts.
INFO:__main__:Running: docker run --privileged --shm-size=2g --platform linux/amd64 --rm -i -v /tmp/tmp7sm97ur1/d41d8cd98f00b204e9800998ecf8427e-address/oss-fuzz-aixcc/build/out/tika/:/out -t aixcc-afc/tika:latest /bin/bash -c 'rm -rf /out/*'.
INFO:__main__:Running: docker run --privileged --shm-size=2g --platform linux/amd64 --rm -i -v /tmp/tmp7sm97ur1/d41d8cd98f00b204e9800998ecf8427e-address/oss-fuzz-aixcc/build/work/tika:/work -t aixcc-afc/tika:latest /bin/bash -c 'rm -rf /work/*'.
INFO:__main__:Running: docker run --privileged --shm-size=2g --platform linux/amd64 --rm -i -e FUZZING_ENGINE=libfuzzer -e SANITIZER=address -e ARCHITECTURE=x86_64 -e PROJECT_NAME=tika -e HELPER=True -e FUZZING_LANGUAGE=jvm -v /tmp/tmp7sm97ur1/d41d8cd98f00b204e9800998ecf8427e-address/official-afc-tika:/local-source-mount:ro -v /tmp/tmp7sm97ur1/d41d8cd98f00b204e9800998ecf8427e-address/oss-fuzz-aixcc/build/out/tika/:/out -v /tmp/tmp7sm97ur1/d41d8cd98f00b204e9800998ecf8427e-address/oss-fuzz-aixcc/build/work/tika:/work -t aixcc-afc/tika:latest /bin/bash -c 'pushd $SRC && rm -rf /src/project-parent/tika && cp -r /local-source-mount /src/project-parent/tika && popd && compile'.
ERROR:__main__:Building fuzzers failed.

        ===============================
        
